<?xml version="1.0" encoding="UTF-8" ?>
<testsuite errors="0" failures="0" hostname="GOSHCC-ASDEV" name="org.gosh.validation.ConstituentIdValidationRouterTest" tests="9" time="0.344" timestamp="2012-02-01T15:22:29">
  <properties>
[...]
</properties>
  <testcase classname="org.gosh.validation.ConstituentIdValidationRouterTest" name="testNonValidFromFileCase" time="0.015" />
  <testcase classname="org.gosh.validation.ConstituentIdValidationRouterTest" name="testNotValidFromDB" time="0.016" />
  <testcase classname="org.gosh.validation.ConstituentIdValidationRouterTest" name="testValidAgainstDB" time="0.016" />
  <testcase classname="org.gosh.validation.ConstituentIdValidationRouterTest" name="testPerformance" time="0.172" />
  <testcase classname="org.gosh.validation.ConstituentIdValidationRouterTest" name="testEmptyModel" time="0.0" />
  <testcase classname="org.gosh.validation.ConstituentIdValidationRouterTest" name="testNoIdsModel" time="0.0" />
  <testcase classname="org.gosh.validation.ConstituentIdValidationRouterTest" name="testBlankIdsModel" time="0.0" />
  <testcase classname="org.gosh.validation.ConstituentIdValidationRouterTest" name="testNoInternalIdGetsAdded" time="0.015" />
  <testcase classname="org.gosh.validation.ConstituentIdValidationRouterTest" name="testFailedCase" time="0.11" />
  <system-out><![CDATA[2012-02-01 15:22:29,195 INFO [org.gosh.validation.general.businessrules.ConstituentIdValidationTransformer] - <Start Transformation>
2012-02-01 15:22:29,195 INFO [org.gosh.validation.general.businessrules.ConstituentIdValidationTransformer] - <Start Transformation>
2012-02-01 15:22:29,195 DEBUG [org.springframework.beans.CachedIntrospectionResults] - <Getting BeanInfo for class [org.gosh.validation.general.businessrules.ConstituentIdValidationTransformer$Pair]>
2012-02-01 15:22:29,211 DEBUG [org.springframework.beans.CachedIntrospectionResults] - <Caching PropertyDescriptors for class [org.gosh.validation.general.businessrules.ConstituentIdValidationTransformer$Pair]>
2012-02-01 15:22:29,211 DEBUG [org.springframework.beans.CachedIntrospectionResults] - <Found bean property 'class' of type [java.lang.Class]>
2012-02-01 15:22:29,211 DEBUG [org.springframework.beans.CachedIntrospectionResults] - <Found bean property 'constituentId' of type [java.lang.String]>
2012-02-01 15:22:29,211 DEBUG [org.springframework.beans.CachedIntrospectionResults] - <Found bean property 'id' of type [java.lang.String]>
2012-02-01 15:22:29,211 DEBUG [org.springframework.jdbc.core.JdbcTemplate] - <Executing SQL query [select CONSTITUENT_ID, ID from records where  (CONSTITUENT_ID = 'this is not an id' )]>
2012-02-01 15:22:29,211 DEBUG [org.springframework.jdbc.datasource.DataSourceUtils] - <Fetching JDBC Connection from DataSource>
2012-02-01 15:22:29,211 DEBUG [org.springframework.jdbc.datasource.DataSourceUtils] - <Returning JDBC Connection to DataSource>
2012-02-01 15:22:29,211 INFO [org.gosh.validation.general.businessrules.ConstituentIdValidationTransformer] - <Start Transformation>
2012-02-01 15:22:29,211 DEBUG [org.springframework.jdbc.core.JdbcTemplate] - <Executing SQL query [select CONSTITUENT_ID, ID from records where  (CONSTITUENT_ID = '1' )]>
2012-02-01 15:22:29,211 DEBUG [org.springframework.jdbc.datasource.DataSourceUtils] - <Fetching JDBC Connection from DataSource>
2012-02-01 15:22:29,227 DEBUG [org.springframework.jdbc.core.simple.ParameterizedBeanPropertyRowMapper] - <Mapping column 'constituent_id' to property 'constituentId' of type class java.lang.String>
2012-02-01 15:22:29,227 DEBUG [org.springframework.jdbc.core.simple.ParameterizedBeanPropertyRowMapper] - <Mapping column 'id' to property 'id' of type class java.lang.String>
2012-02-01 15:22:29,227 DEBUG [org.springframework.jdbc.datasource.DataSourceUtils] - <Returning JDBC Connection to DataSource>
2012-02-01 15:22:29,227 INFO [org.gosh.validation.general.businessrules.ConstituentIdValidationTransformer] - <End of Transformation>
2012-02-01 15:22:29,242 INFO [org.gosh.validation.general.businessrules.ConstituentIdValidationTransformer] - <Start Transformation>
2012-02-01 15:22:29,305 DEBUG [org.springframework.jdbc.core.JdbcTemplate] - <Executing SQL query [select CONSTITUENT_ID, ID from records where  (CONSTITUENT_ID = '338' )or (CONSTITUENT_ID = '339' )or (CONSTITUENT_ID = '941' )or (CONSTITUENT_ID = '942' )or (CONSTITUENT_ID = '940' )or (CONSTITUENT_ID = '945' )or (CONSTITUENT_ID = '332' )or (CONSTITUENT_ID = '946' )or (CONSTITUENT_ID = '333' )or (CONSTITUENT_ID = '943' )or (CONSTITUENT_ID = '330' )or (CONSTITUENT_ID = '944' )or (CONSTITUENT_ID = '331' )or (CONSTITUENT_ID = '949' )or (CONSTITUENT_ID = '336' )or (CONSTITUENT_ID = '337' )or (CONSTITUENT_ID = '947' )or (CONSTITUENT_ID = '334' )or (CONSTITUENT_ID = '948' )or (CONSTITUENT_ID = '335' )or (CONSTITUENT_ID = '531' )or (CONSTITUENT_ID = '748' )or (CONSTITUENT_ID = '530' )or (CONSTITUENT_ID = '747' )or (CONSTITUENT_ID = '746' )or (CONSTITUENT_ID = '745' )or (CONSTITUENT_ID = '535' )or (CONSTITUENT_ID = '534' )or (CONSTITUENT_ID = '533' )or (CONSTITUENT_ID = '532' )or (CONSTITUENT_ID = '749' )or (CONSTITUENT_ID = '539' )or (CONSTITUENT_ID = '740' )or (CONSTITUENT_ID = '538' )or (CONSTITUENT_ID = '537' )or (CONSTITUENT_ID = '536' )or (CONSTITUENT_ID = '744' )or (CONSTITUENT_ID = '743' )or (CONSTITUENT_ID = '742' )or (CONSTITUENT_ID = '741' )or (CONSTITUENT_ID = '349' )or (CONSTITUENT_ID = '930' )or (CONSTITUENT_ID = '931' )or (CONSTITUENT_ID = '932' )or (CONSTITUENT_ID = '341' )or (CONSTITUENT_ID = '933' )or (CONSTITUENT_ID = '342' )or (CONSTITUENT_ID = '934' )or (CONSTITUENT_ID = '343' )or (CONSTITUENT_ID = '935' )or (CONSTITUENT_ID = '344' )or (CONSTITUENT_ID = '936' )or (CONSTITUENT_ID = '345' )or (CONSTITUENT_ID = '937' )or (CONSTITUENT_ID = '346' )or (CONSTITUENT_ID = '938' )or (CONSTITUENT_ID = '347' )or (CONSTITUENT_ID = '939' )or (CONSTITUENT_ID = '348' )or (CONSTITUENT_ID = '3' )or (CONSTITUENT_ID = '540' )or (CONSTITUENT_ID = '735' )or (CONSTITUENT_ID = '929' )or (CONSTITUENT_ID = '2' )or (CONSTITUENT_ID = '734' )or (CONSTITUENT_ID = '1' )or (CONSTITUENT_ID = '542' )or (CONSTITUENT_ID = '737' )or (CONSTITUENT_ID = '0' )or (CONSTITUENT_ID = '541' )or (CONSTITUENT_ID = '736' )or (CONSTITUENT_ID = '7' )or (CONSTITUENT_ID = '544' )or (CONSTITUENT_ID = '739' )or (CONSTITUENT_ID = '6' )or (CONSTITUENT_ID = '543' )or (CONSTITUENT_ID = '738' )or (CONSTITUENT_ID = '340' )or (CONSTITUENT_ID = '5' )or (CONSTITUENT_ID = '546' )or (CONSTITUENT_ID = '4' )or (CONSTITUENT_ID = '545' )or (CONSTITUENT_ID = '548' )or (CONSTITUENT_ID = '547' )or (CONSTITUENT_ID = '9' )or (CONSTITUENT_ID = '8' )or (CONSTITUENT_ID = '549' )or (CONSTITUENT_ID = '731' )or (CONSTITUENT_ID = '730' )or (CONSTITUENT_ID = '733' )or (CONSTITUENT_ID = '732' )or (CONSTITUENT_ID = '920' )or (CONSTITUENT_ID = '318' )or (CONSTITUENT_ID = '319' )or (CONSTITUENT_ID = '316' )or (CONSTITUENT_ID = '317' )or (CONSTITUENT_ID = '927' )or (CONSTITUENT_ID = '314' )or (CONSTITUENT_ID = '928' )or (CONSTITUENT_ID = '315' )or (CONSTITUENT_ID = '925' )or (CONSTITUENT_ID = '312' )or (CONSTITUENT_ID = '926' )or (CONSTITUENT_ID = '313' )or (CONSTITUENT_ID = '923' )or (CONSTITUENT_ID = '310' )or (CONSTITUENT_ID = '924' )or (CONSTITUENT_ID = '311' )or (CONSTITUENT_ID = '921' )or (CONSTITUENT_ID = '922' )or (CONSTITUENT_ID = '513' )or (CONSTITUENT_ID = '512' )or (CONSTITUENT_ID = '729' )or (CONSTITUENT_ID = '511' )or (CONSTITUENT_ID = '728' )or (CONSTITUENT_ID = '510' )or (CONSTITUENT_ID = '727' )or (CONSTITUENT_ID = '726' )or (CONSTITUENT_ID = '725' )or (CONSTITUENT_ID = '919' )or (CONSTITUENT_ID = '724' )or (CONSTITUENT_ID = '918' )or (CONSTITUENT_ID = '723' )or (CONSTITUENT_ID = '722' )or (CONSTITUENT_ID = '721' )or (CONSTITUENT_ID = '519' )or (CONSTITUENT_ID = '720' )or (CONSTITUENT_ID = '518' )or (CONSTITUENT_ID = '517' )or (CONSTITUENT_ID = '516' )or (CONSTITUENT_ID = '515' )or (CONSTITUENT_ID = '514' )or (CONSTITUENT_ID = '327' )or (CONSTITUENT_ID = '328' )or (CONSTITUENT_ID = '329' )or (CONSTITUENT_ID = '914' )or (CONSTITUENT_ID = '323' )or (CONSTITUENT_ID = '915' )or (CONSTITUENT_ID = '324' )or (CONSTITUENT_ID = '916' )or (CONSTITUENT_ID = '325' )or (CONSTITUENT_ID = '917' )or (CONSTITUENT_ID = '326' )or (CONSTITUENT_ID = '910' )or (CONSTITUENT_ID = '709' )or (CONSTITUENT_ID = '911' )or (CONSTITUENT_ID = '320' )or (CONSTITUENT_ID = '912' )or (CONSTITUENT_ID = '321' )or (CONSTITUENT_ID = '913' )or (CONSTITUENT_ID = '322' )or (CONSTITUENT_ID = '522' )or (CONSTITUENT_ID = '717' )or (CONSTITUENT_ID = '521' )or (CONSTITUENT_ID = '716' )or (CONSTITUENT_ID = '524' )or (CONSTITUENT_ID = '719' )or (CONSTITUENT_ID = '523' )or (CONSTITUENT_ID = '718' )or (CONSTITUENT_ID = '908' )or (CONSTITUENT_ID = '713' )or (CONSTITUENT_ID = '907' )or (CONSTITUENT_ID = '712' )or (CONSTITUENT_ID = '520' )or (CONSTITUENT_ID = '715' )or (CONSTITUENT_ID = '909' )or (CONSTITUENT_ID = '714' )or (CONSTITUENT_ID = '529' )or (CONSTITUENT_ID = '711' )or (CONSTITUENT_ID = '710' )or (CONSTITUENT_ID = '526' )or (CONSTITUENT_ID = '525' )or (CONSTITUENT_ID = '528' )or (CONSTITUENT_ID = '527' )or (CONSTITUENT_ID = '989' )or (CONSTITUENT_ID = '988' )or (CONSTITUENT_ID = '987' )or (CONSTITUENT_ID = '571' )or (CONSTITUENT_ID = '570' )or (CONSTITUENT_ID = '982' )or (CONSTITUENT_ID = '981' )or (CONSTITUENT_ID = '980' )or (CONSTITUENT_ID = '986' )or (CONSTITUENT_ID = '985' )or (CONSTITUENT_ID = '984' )or (CONSTITUENT_ID = '983' )or (CONSTITUENT_ID = '700' )or (CONSTITUENT_ID = '574' )or (CONSTITUENT_ID = '703' )or (CONSTITUENT_ID = '575' )or (CONSTITUENT_ID = '704' )or (CONSTITUENT_ID = '572' )or (CONSTITUENT_ID = '701' )or (CONSTITUENT_ID = '573' )or (CONSTITUENT_ID = '702' )or (CONSTITUENT_ID = '578' )or (CONSTITUENT_ID = '707' )or (CONSTITUENT_ID = '579' )or (CONSTITUENT_ID = '708' )or (CONSTITUENT_ID = '576' )or (CONSTITUENT_ID = '705' )or (CONSTITUENT_ID = '577' )or (CONSTITUENT_ID = '706' )or (CONSTITUENT_ID = '977' )or (CONSTITUENT_ID = '976' )or (CONSTITUENT_ID = '979' )or (CONSTITUENT_ID = '300' )or (CONSTITUENT_ID = '978' )or (CONSTITUENT_ID = '302' )or (CONSTITUENT_ID = '580' )or (CONSTITUENT_ID = '301' )or (CONSTITUENT_ID = '304' )or (CONSTITUENT_ID = '582' )or (CONSTITUENT_ID = '303' )or (CONSTITUENT_ID = '581' )or (CONSTITUENT_ID = '306' )or (CONSTITUENT_ID = '305' )or (CONSTITUENT_ID = '971' )or (CONSTITUENT_ID = '308' )or (CONSTITUENT_ID = '970' )or (CONSTITUENT_ID = '307' )or (CONSTITUENT_ID = '973' )or (CONSTITUENT_ID = '972' )or (CONSTITUENT_ID = '309' )or (CONSTITUENT_ID = '975' )or (CONSTITUENT_ID = '974' )or (CONSTITUENT_ID = '583' )or (CONSTITUENT_ID = '584' )or (CONSTITUENT_ID = '585' )or (CONSTITUENT_ID = '586' )or (CONSTITUENT_ID = '587' )or (CONSTITUENT_ID = '588' )or (CONSTITUENT_ID = '589' )or (CONSTITUENT_ID = '969' )or (CONSTITUENT_ID = '968' )or (CONSTITUENT_ID = '967' )or (CONSTITUENT_ID = '966' )or (CONSTITUENT_ID = '965' )or (CONSTITUENT_ID = '964' )or (CONSTITUENT_ID = '963' )or (CONSTITUENT_ID = '962' )or (CONSTITUENT_ID = '961' )or (CONSTITUENT_ID = '960' )or (CONSTITUENT_ID = '558' )or (CONSTITUENT_ID = '559' )or (CONSTITUENT_ID = '556' )or (CONSTITUENT_ID = '557' )or (CONSTITUENT_ID = '554' )or (CONSTITUENT_ID = '555' )or (CONSTITUENT_ID = '552' )or (CONSTITUENT_ID = '553' )or (CONSTITUENT_ID = '550' )or (CONSTITUENT_ID = '551' )or (CONSTITUENT_ID = '959' )or (CONSTITUENT_ID = '958' )or (CONSTITUENT_ID = '560' )or (CONSTITUENT_ID = '955' )or (CONSTITUENT_ID = '954' )or (CONSTITUENT_ID = '957' )or (CONSTITUENT_ID = '956' )or (CONSTITUENT_ID = '951' )or (CONSTITUENT_ID = '950' )or (CONSTITUENT_ID = '953' )or (CONSTITUENT_ID = '952' )or (CONSTITUENT_ID = '569' )or (CONSTITUENT_ID = '565' )or (CONSTITUENT_ID = '566' )or (CONSTITUENT_ID = '567' )or (CONSTITUENT_ID = '568' )or (CONSTITUENT_ID = '561' )or (CONSTITUENT_ID = '562' )or (CONSTITUENT_ID = '563' )or (CONSTITUENT_ID = '564' )or (CONSTITUENT_ID = '799' )or (CONSTITUENT_ID = '798' )or (CONSTITUENT_ID = '797' )or (CONSTITUENT_ID = '796' )or (CONSTITUENT_ID = '795' )or (CONSTITUENT_ID = '794' )or (CONSTITUENT_ID = '793' )or (CONSTITUENT_ID = '792' )or (CONSTITUENT_ID = '996' )or (CONSTITUENT_ID = '790' )or (CONSTITUENT_ID = '997' )or (CONSTITUENT_ID = '791' )or (CONSTITUENT_ID = '994' )or (CONSTITUENT_ID = '995' )or (CONSTITUENT_ID = '992' )or (CONSTITUENT_ID = '993' )or (CONSTITUENT_ID = '990' )or (CONSTITUENT_ID = '991' )or (CONSTITUENT_ID = '998' )or (CONSTITUENT_ID = '999' )or (CONSTITUENT_ID = '781' )or (CONSTITUENT_ID = '782' )or (CONSTITUENT_ID = '783' )or (CONSTITUENT_ID = '784' )or (CONSTITUENT_ID = '785' )or (CONSTITUENT_ID = '786' )or (CONSTITUENT_ID = '787' )or (CONSTITUENT_ID = '788' )or (CONSTITUENT_ID = '789' )or (CONSTITUENT_ID = '780' )or (CONSTITUENT_ID = '772' )or (CONSTITUENT_ID = '505' )or (CONSTITUENT_ID = '773' )or (CONSTITUENT_ID = '506' )or (CONSTITUENT_ID = '770' )or (CONSTITUENT_ID = '503' )or (CONSTITUENT_ID = '771' )or (CONSTITUENT_ID = '504' )or (CONSTITUENT_ID = '776' )or (CONSTITUENT_ID = '509' )or (CONSTITUENT_ID = '777' )or (CONSTITUENT_ID = '774' )or (CONSTITUENT_ID = '507' )or (CONSTITUENT_ID = '775' )or (CONSTITUENT_ID = '508' )or (CONSTITUENT_ID = '778' )or (CONSTITUENT_ID = '779' )or (CONSTITUENT_ID = '501' )or (CONSTITUENT_ID = '502' )or (CONSTITUENT_ID = '500' )or (CONSTITUENT_ID = '763' )or (CONSTITUENT_ID = '764' )or (CONSTITUENT_ID = '765' )or (CONSTITUENT_ID = '766' )or (CONSTITUENT_ID = '760' )or (CONSTITUENT_ID = '761' )or (CONSTITUENT_ID = '762' )or (CONSTITUENT_ID = '767' )or (CONSTITUENT_ID = '768' )or (CONSTITUENT_ID = '769' )or (CONSTITUENT_ID = '754' )or (CONSTITUENT_ID = '755' )or (CONSTITUENT_ID = '752' )or (CONSTITUENT_ID = '753' )or (CONSTITUENT_ID = '750' )or (CONSTITUENT_ID = '751' )or (CONSTITUENT_ID = '758' )or (CONSTITUENT_ID = '759' )or (CONSTITUENT_ID = '756' )or (CONSTITUENT_ID = '757' )or (CONSTITUENT_ID = '595' )or (CONSTITUENT_ID = '594' )or (CONSTITUENT_ID = '391' )or (CONSTITUENT_ID = '597' )or (CONSTITUENT_ID = '390' )or (CONSTITUENT_ID = '596' )or (CONSTITUENT_ID = '393' )or (CONSTITUENT_ID = '599' )or (CONSTITUENT_ID = '392' )or (CONSTITUENT_ID = '598' )or (CONSTITUENT_ID = '395' )or (CONSTITUENT_ID = '394' )or (CONSTITUENT_ID = '396' )or (CONSTITUENT_ID = '397' )or (CONSTITUENT_ID = '398' )or (CONSTITUENT_ID = '399' )or (CONSTITUENT_ID = '590' )or (CONSTITUENT_ID = '591' )or (CONSTITUENT_ID = '592' )or (CONSTITUENT_ID = '593' )or (CONSTITUENT_ID = '383' )or (CONSTITUENT_ID = '384' )or (CONSTITUENT_ID = '381' )or (CONSTITUENT_ID = '382' )or (CONSTITUENT_ID = '380' )or (CONSTITUENT_ID = '389' )or (CONSTITUENT_ID = '388' )or (CONSTITUENT_ID = '387' )or (CONSTITUENT_ID = '386' )or (CONSTITUENT_ID = '385' )or (CONSTITUENT_ID = '370' )or (CONSTITUENT_ID = '371' )or (CONSTITUENT_ID = '372' )or (CONSTITUENT_ID = '373' )or (CONSTITUENT_ID = '379' )or (CONSTITUENT_ID = '378' )or (CONSTITUENT_ID = '375' )or (CONSTITUENT_ID = '374' )or (CONSTITUENT_ID = '377' )or (CONSTITUENT_ID = '376' )or (CONSTITUENT_ID = '361' )or (CONSTITUENT_ID = '362' )or (CONSTITUENT_ID = '360' )or (CONSTITUENT_ID = '366' )or (CONSTITUENT_ID = '365' )or (CONSTITUENT_ID = '364' )or (CONSTITUENT_ID = '363' )or (CONSTITUENT_ID = '369' )or (CONSTITUENT_ID = '368' )or (CONSTITUENT_ID = '367' )or (CONSTITUENT_ID = '350' )or (CONSTITUENT_ID = '351' )or (CONSTITUENT_ID = '353' )or (CONSTITUENT_ID = '352' )or (CONSTITUENT_ID = '355' )or (CONSTITUENT_ID = '354' )or (CONSTITUENT_ID = '357' )or (CONSTITUENT_ID = '356' )or (CONSTITUENT_ID = '359' )or (CONSTITUENT_ID = '358' )or (CONSTITUENT_ID = '806' )or (CONSTITUENT_ID = '807' )or (CONSTITUENT_ID = '804' )or (CONSTITUENT_ID = '805' )or (CONSTITUENT_ID = '802' )or (CONSTITUENT_ID = '803' )or (CONSTITUENT_ID = '800' )or (CONSTITUENT_ID = '801' )or (CONSTITUENT_ID = '159' )or (CONSTITUENT_ID = '158' )or (CONSTITUENT_ID = '157' )or (CONSTITUENT_ID = '156' )or (CONSTITUENT_ID = '155' )or (CONSTITUENT_ID = '154' )or (CONSTITUENT_ID = '152' )or (CONSTITUENT_ID = '601' )or (CONSTITUENT_ID = '153' )or (CONSTITUENT_ID = '600' )or (CONSTITUENT_ID = '150' )or (CONSTITUENT_ID = '151' )or (CONSTITUENT_ID = '609' )or (CONSTITUENT_ID = '608' )or (CONSTITUENT_ID = '607' )or (CONSTITUENT_ID = '606' )or (CONSTITUENT_ID = '605' )or (CONSTITUENT_ID = '604' )or (CONSTITUENT_ID = '603' )or (CONSTITUENT_ID = '602' )or (CONSTITUENT_ID = '202' )or (CONSTITUENT_ID = '203' )or (CONSTITUENT_ID = '204' )or (CONSTITUENT_ID = '205' )or (CONSTITUENT_ID = '200' )or (CONSTITUENT_ID = '201' )or (CONSTITUENT_ID = '169' )or (CONSTITUENT_ID = '206' )or (CONSTITUENT_ID = '166' )or (CONSTITUENT_ID = '207' )or (CONSTITUENT_ID = '165' )or (CONSTITUENT_ID = '208' )or (CONSTITUENT_ID = '168' )or (CONSTITUENT_ID = '209' )or (CONSTITUENT_ID = '167' )or (CONSTITUENT_ID = '161' )or (CONSTITUENT_ID = '409' )or (CONSTITUENT_ID = '162' )or (CONSTITUENT_ID = '408' )or (CONSTITUENT_ID = '163' )or (CONSTITUENT_ID = '164' )or (CONSTITUENT_ID = '405' )or (CONSTITUENT_ID = '404' )or (CONSTITUENT_ID = '407' )or (CONSTITUENT_ID = '160' )or (CONSTITUENT_ID = '406' )or (CONSTITUENT_ID = '401' )or (CONSTITUENT_ID = '400' )or (CONSTITUENT_ID = '403' )or (CONSTITUENT_ID = '402' )or (CONSTITUENT_ID = '824' )or (CONSTITUENT_ID = '211' )or (CONSTITUENT_ID = '825' )or (CONSTITUENT_ID = '212' )or (CONSTITUENT_ID = '822' )or (CONSTITUENT_ID = '823' )or (CONSTITUENT_ID = '210' )or (CONSTITUENT_ID = '828' )or (CONSTITUENT_ID = '215' )or (CONSTITUENT_ID = '829' )or (CONSTITUENT_ID = '216' )or (CONSTITUENT_ID = '826' )or (CONSTITUENT_ID = '213' )or (CONSTITUENT_ID = '827' )or (CONSTITUENT_ID = '214' )or (CONSTITUENT_ID = '219' )or (CONSTITUENT_ID = '179' )or (CONSTITUENT_ID = '178' )or (CONSTITUENT_ID = '217' )or (CONSTITUENT_ID = '177' )or (CONSTITUENT_ID = '218' )or (CONSTITUENT_ID = '176' )or (CONSTITUENT_ID = '820' )or (CONSTITUENT_ID = '821' )or (CONSTITUENT_ID = '170' )or (CONSTITUENT_ID = '418' )or (CONSTITUENT_ID = '171' )or (CONSTITUENT_ID = '417' )or (CONSTITUENT_ID = '416' )or (CONSTITUENT_ID = '415' )or (CONSTITUENT_ID = '174' )or (CONSTITUENT_ID = '623' )or (CONSTITUENT_ID = '175' )or (CONSTITUENT_ID = '622' )or (CONSTITUENT_ID = '172' )or (CONSTITUENT_ID = '621' )or (CONSTITUENT_ID = '173' )or (CONSTITUENT_ID = '419' )or (CONSTITUENT_ID = '620' )or (CONSTITUENT_ID = '410' )or (CONSTITUENT_ID = '627' )or (CONSTITUENT_ID = '626' )or (CONSTITUENT_ID = '625' )or (CONSTITUENT_ID = '819' )or (CONSTITUENT_ID = '624' )or (CONSTITUENT_ID = '414' )or (CONSTITUENT_ID = '413' )or (CONSTITUENT_ID = '412' )or (CONSTITUENT_ID = '629' )or (CONSTITUENT_ID = '411' )or (CONSTITUENT_ID = '628' )or (CONSTITUENT_ID = '811' )or (CONSTITUENT_ID = '220' )or (CONSTITUENT_ID = '812' )or (CONSTITUENT_ID = '221' )or (CONSTITUENT_ID = '813' )or (CONSTITUENT_ID = '222' )or (CONSTITUENT_ID = '814' )or (CONSTITUENT_ID = '223' )or (CONSTITUENT_ID = '815' )or (CONSTITUENT_ID = '224' )or (CONSTITUENT_ID = '816' )or (CONSTITUENT_ID = '225' )or (CONSTITUENT_ID = '817' )or (CONSTITUENT_ID = '226' )or (CONSTITUENT_ID = '818' )or (CONSTITUENT_ID = '227' )or (CONSTITUENT_ID = '228' )or (CONSTITUENT_ID = '188' )or (CONSTITUENT_ID = '229' )or (CONSTITUENT_ID = '187' )or (CONSTITUENT_ID = '189' )or (CONSTITUENT_ID = '810' )or (CONSTITUENT_ID = '427' )or (CONSTITUENT_ID = '180' )or (CONSTITUENT_ID = '426' )or (CONSTITUENT_ID = '181' )or (CONSTITUENT_ID = '429' )or (CONSTITUENT_ID = '182' )or (CONSTITUENT_ID = '428' )or (CONSTITUENT_ID = '183' )or (CONSTITUENT_ID = '610' )or (CONSTITUENT_ID = '184' )or (CONSTITUENT_ID = '185' )or (CONSTITUENT_ID = '612' )or (CONSTITUENT_ID = '186' )or (CONSTITUENT_ID = '611' )or (CONSTITUENT_ID = '809' )or (CONSTITUENT_ID = '614' )or (CONSTITUENT_ID = '808' )or (CONSTITUENT_ID = '613' )or (CONSTITUENT_ID = '421' )or (CONSTITUENT_ID = '616' )or (CONSTITUENT_ID = '420' )or (CONSTITUENT_ID = '615' )or (CONSTITUENT_ID = '423' )or (CONSTITUENT_ID = '618' )or (CONSTITUENT_ID = '422' )or (CONSTITUENT_ID = '617' )or (CONSTITUENT_ID = '425' )or (CONSTITUENT_ID = '424' )or (CONSTITUENT_ID = '619' )or (CONSTITUENT_ID = '843' )or (CONSTITUENT_ID = '116' )or (CONSTITUENT_ID = '842' )or (CONSTITUENT_ID = '117' )or (CONSTITUENT_ID = '841' )or (CONSTITUENT_ID = '114' )or (CONSTITUENT_ID = '840' )or (CONSTITUENT_ID = '115' )or (CONSTITUENT_ID = '112' )or (CONSTITUENT_ID = '113' )or (CONSTITUENT_ID = '110' )or (CONSTITUENT_ID = '111' )or (CONSTITUENT_ID = '849' )or (CONSTITUENT_ID = '848' )or (CONSTITUENT_ID = '847' )or (CONSTITUENT_ID = '846' )or (CONSTITUENT_ID = '845' )or (CONSTITUENT_ID = '118' )or (CONSTITUENT_ID = '844' )or (CONSTITUENT_ID = '119' )or (CONSTITUENT_ID = '435' )or (CONSTITUENT_ID = '436' )or (CONSTITUENT_ID = '433' )or (CONSTITUENT_ID = '434' )or (CONSTITUENT_ID = '431' )or (CONSTITUENT_ID = '432' )or (CONSTITUENT_ID = '430' )or (CONSTITUENT_ID = '439' )or (CONSTITUENT_ID = '437' )or (CONSTITUENT_ID = '438' )or (CONSTITUENT_ID = '830' )or (CONSTITUENT_ID = '125' )or (CONSTITUENT_ID = '126' )or (CONSTITUENT_ID = '832' )or (CONSTITUENT_ID = '127' )or (CONSTITUENT_ID = '831' )or (CONSTITUENT_ID = '128' )or (CONSTITUENT_ID = '121' )or (CONSTITUENT_ID = '122' )or (CONSTITUENT_ID = '123' )or (CONSTITUENT_ID = '124' )or (CONSTITUENT_ID = '838' )or (CONSTITUENT_ID = '837' )or (CONSTITUENT_ID = '839' )or (CONSTITUENT_ID = '834' )or (CONSTITUENT_ID = '129' )or (CONSTITUENT_ID = '833' )or (CONSTITUENT_ID = '836' )or (CONSTITUENT_ID = '835' )or (CONSTITUENT_ID = '444' )or (CONSTITUENT_ID = '445' )or (CONSTITUENT_ID = '446' )or (CONSTITUENT_ID = '447' )or (CONSTITUENT_ID = '440' )or (CONSTITUENT_ID = '441' )or (CONSTITUENT_ID = '442' )or (CONSTITUENT_ID = '443' )or (CONSTITUENT_ID = '120' )or (CONSTITUENT_ID = '448' )or (CONSTITUENT_ID = '449' )or (CONSTITUENT_ID = '861' )or (CONSTITUENT_ID = '134' )or (CONSTITUENT_ID = '860' )or (CONSTITUENT_ID = '135' )or (CONSTITUENT_ID = '132' )or (CONSTITUENT_ID = '133' )or (CONSTITUENT_ID = '865' )or (CONSTITUENT_ID = '138' )or (CONSTITUENT_ID = '864' )or (CONSTITUENT_ID = '139' )or (CONSTITUENT_ID = '863' )or (CONSTITUENT_ID = '136' )or (CONSTITUENT_ID = '862' )or (CONSTITUENT_ID = '137' )or (CONSTITUENT_ID = '869' )or (CONSTITUENT_ID = '868' )or (CONSTITUENT_ID = '867' )or (CONSTITUENT_ID = '866' )or (CONSTITUENT_ID = '450' )or (CONSTITUENT_ID = '453' )or (CONSTITUENT_ID = '454' )or (CONSTITUENT_ID = '451' )or (CONSTITUENT_ID = '452' )or (CONSTITUENT_ID = '457' )or (CONSTITUENT_ID = '458' )or (CONSTITUENT_ID = '455' )or (CONSTITUENT_ID = '456' )or (CONSTITUENT_ID = '459' )or (CONSTITUENT_ID = '131' )or (CONSTITUENT_ID = '130' )or (CONSTITUENT_ID = '143' )or (CONSTITUENT_ID = '144' )or (CONSTITUENT_ID = '850' )or (CONSTITUENT_ID = '145' )or (CONSTITUENT_ID = '146' )or (CONSTITUENT_ID = '852' )or (CONSTITUENT_ID = '147' )or (CONSTITUENT_ID = '851' )or (CONSTITUENT_ID = '148' )or (CONSTITUENT_ID = '854' )or (CONSTITUENT_ID = '149' )or (CONSTITUENT_ID = '853' )or (CONSTITUENT_ID = '856' )or (CONSTITUENT_ID = '855' )or (CONSTITUENT_ID = '858' )or (CONSTITUENT_ID = '857' )or (CONSTITUENT_ID = '859' )or (CONSTITUENT_ID = '461' )or (CONSTITUENT_ID = '460' )or (CONSTITUENT_ID = '462' )or (CONSTITUENT_ID = '463' )or (CONSTITUENT_ID = '464' )or (CONSTITUENT_ID = '465' )or (CONSTITUENT_ID = '466' )or (CONSTITUENT_ID = '467' )or (CONSTITUENT_ID = '468' )or (CONSTITUENT_ID = '469' )or (CONSTITUENT_ID = '140' )or (CONSTITUENT_ID = '142' )or (CONSTITUENT_ID = '141' )or (CONSTITUENT_ID = '687' )or (CONSTITUENT_ID = '686' )or (CONSTITUENT_ID = '689' )or (CONSTITUENT_ID = '688' )or (CONSTITUENT_ID = '683' )or (CONSTITUENT_ID = '682' )or (CONSTITUENT_ID = '685' )or (CONSTITUENT_ID = '684' )or (CONSTITUENT_ID = '888' )or (CONSTITUENT_ID = '889' )or (CONSTITUENT_ID = '884' )or (CONSTITUENT_ID = '885' )or (CONSTITUENT_ID = '886' )or (CONSTITUENT_ID = '680' )or (CONSTITUENT_ID = '887' )or (CONSTITUENT_ID = '681' )or (CONSTITUENT_ID = '880' )or (CONSTITUENT_ID = '881' )or (CONSTITUENT_ID = '882' )or (CONSTITUENT_ID = '883' )or (CONSTITUENT_ID = '678' )or (CONSTITUENT_ID = '677' )or (CONSTITUENT_ID = '676' )or (CONSTITUENT_ID = '675' )or (CONSTITUENT_ID = '674' )or (CONSTITUENT_ID = '673' )or (CONSTITUENT_ID = '672' )or (CONSTITUENT_ID = '671' )or (CONSTITUENT_ID = '679' )or (CONSTITUENT_ID = '879' )or (CONSTITUENT_ID = '877' )or (CONSTITUENT_ID = '878' )or (CONSTITUENT_ID = '875' )or (CONSTITUENT_ID = '876' )or (CONSTITUENT_ID = '670' )or (CONSTITUENT_ID = '873' )or (CONSTITUENT_ID = '874' )or (CONSTITUENT_ID = '871' )or (CONSTITUENT_ID = '872' )or (CONSTITUENT_ID = '870' )or (CONSTITUENT_ID = '696' )or (CONSTITUENT_ID = '695' )or (CONSTITUENT_ID = '694' )or (CONSTITUENT_ID = '693' )or (CONSTITUENT_ID = '890' )or (CONSTITUENT_ID = '699' )or (CONSTITUENT_ID = '698' )or (CONSTITUENT_ID = '697' )or (CONSTITUENT_ID = '899' )or (CONSTITUENT_ID = '893' )or (CONSTITUENT_ID = '894' )or (CONSTITUENT_ID = '891' )or (CONSTITUENT_ID = '892' )or (CONSTITUENT_ID = '897' )or (CONSTITUENT_ID = '691' )or (CONSTITUENT_ID = '898' )or (CONSTITUENT_ID = '692' )or (CONSTITUENT_ID = '895' )or (CONSTITUENT_ID = '896' )or (CONSTITUENT_ID = '690' )or (CONSTITUENT_ID = '646' )or (CONSTITUENT_ID = '647' )or (CONSTITUENT_ID = '648' )or (CONSTITUENT_ID = '649' )or (CONSTITUENT_ID = '195' )or (CONSTITUENT_ID = '642' )or (CONSTITUENT_ID = '194' )or (CONSTITUENT_ID = '643' )or (CONSTITUENT_ID = '197' )or (CONSTITUENT_ID = '644' )or (CONSTITUENT_ID = '196' )or (CONSTITUENT_ID = '645' )or (CONSTITUENT_ID = '191' )or (CONSTITUENT_ID = '190' )or (CONSTITUENT_ID = '193' )or (CONSTITUENT_ID = '640' )or (CONSTITUENT_ID = '192' )or (CONSTITUENT_ID = '641' )or (CONSTITUENT_ID = '198' )or (CONSTITUENT_ID = '199' )or (CONSTITUENT_ID = '639' )or (CONSTITUENT_ID = '637' )or (CONSTITUENT_ID = '638' )or (CONSTITUENT_ID = '635' )or (CONSTITUENT_ID = '636' )or (CONSTITUENT_ID = '633' )or (CONSTITUENT_ID = '634' )or (CONSTITUENT_ID = '631' )or (CONSTITUENT_ID = '632' )or (CONSTITUENT_ID = '630' )or (CONSTITUENT_ID = '668' )or (CONSTITUENT_ID = '669' )or (CONSTITUENT_ID = '660' )or (CONSTITUENT_ID = '661' )or (CONSTITUENT_ID = '662' )or (CONSTITUENT_ID = '663' )or (CONSTITUENT_ID = '664' )or (CONSTITUENT_ID = '665' )or (CONSTITUENT_ID = '666' )or (CONSTITUENT_ID = '667' )or (CONSTITUENT_ID = '659' )or (CONSTITUENT_ID = '657' )or (CONSTITUENT_ID = '658' )or (CONSTITUENT_ID = '651' )or (CONSTITUENT_ID = '652' )or (CONSTITUENT_ID = '650' )or (CONSTITUENT_ID = '655' )or (CONSTITUENT_ID = '656' )or (CONSTITUENT_ID = '653' )or (CONSTITUENT_ID = '654' )or (CONSTITUENT_ID = '35' )or (CONSTITUENT_ID = '36' )or (CONSTITUENT_ID = '33' )or (CONSTITUENT_ID = '34' )or (CONSTITUENT_ID = '39' )or (CONSTITUENT_ID = '37' )or (CONSTITUENT_ID = '38' )or (CONSTITUENT_ID = '43' )or (CONSTITUENT_ID = '42' )or (CONSTITUENT_ID = '41' )or (CONSTITUENT_ID = '40' )or (CONSTITUENT_ID = '22' )or (CONSTITUENT_ID = '23' )or (CONSTITUENT_ID = '24' )or (CONSTITUENT_ID = '25' )or (CONSTITUENT_ID = '26' )or (CONSTITUENT_ID = '27' )or (CONSTITUENT_ID = '28' )or (CONSTITUENT_ID = '29' )or (CONSTITUENT_ID = '30' )or (CONSTITUENT_ID = '32' )or (CONSTITUENT_ID = '31' )or (CONSTITUENT_ID = '19' )or (CONSTITUENT_ID = '17' )or (CONSTITUENT_ID = '18' )or (CONSTITUENT_ID = '15' )or (CONSTITUENT_ID = '16' )or (CONSTITUENT_ID = '13' )or (CONSTITUENT_ID = '14' )or (CONSTITUENT_ID = '11' )or (CONSTITUENT_ID = '12' )or (CONSTITUENT_ID = '21' )or (CONSTITUENT_ID = '20' )or (CONSTITUENT_ID = '10' )or (CONSTITUENT_ID = '79' )or (CONSTITUENT_ID = '78' )or (CONSTITUENT_ID = '77' )or (CONSTITUENT_ID = '82' )or (CONSTITUENT_ID = '83' )or (CONSTITUENT_ID = '80' )or (CONSTITUENT_ID = '81' )or (CONSTITUENT_ID = '86' )or (CONSTITUENT_ID = '87' )or (CONSTITUENT_ID = '84' )or (CONSTITUENT_ID = '85' )or (CONSTITUENT_ID = '67' )or (CONSTITUENT_ID = '66' )or (CONSTITUENT_ID = '69' )or (CONSTITUENT_ID = '68' )or (CONSTITUENT_ID = '70' )or (CONSTITUENT_ID = '71' )or (CONSTITUENT_ID = '72' )or (CONSTITUENT_ID = '73' )or (CONSTITUENT_ID = '74' )or (CONSTITUENT_ID = '75' )or (CONSTITUENT_ID = '76' )or (CONSTITUENT_ID = '59' )or (CONSTITUENT_ID = '58' )or (CONSTITUENT_ID = '57' )or (CONSTITUENT_ID = '56' )or (CONSTITUENT_ID = '55' )or (CONSTITUENT_ID = '64' )or (CONSTITUENT_ID = '65' )or (CONSTITUENT_ID = '62' )or (CONSTITUENT_ID = '63' )or (CONSTITUENT_ID = '60' )or (CONSTITUENT_ID = '61' )or (CONSTITUENT_ID = '49' )or (CONSTITUENT_ID = '48' )or (CONSTITUENT_ID = '45' )or (CONSTITUENT_ID = '44' )or (CONSTITUENT_ID = '47' )or (CONSTITUENT_ID = '46' )or (CONSTITUENT_ID = '51' )or (CONSTITUENT_ID = '52' )or (CONSTITUENT_ID = '53' )or (CONSTITUENT_ID = '54' )or (CONSTITUENT_ID = '50' )or (CONSTITUENT_ID = '281' )or (CONSTITUENT_ID = '487' )or (CONSTITUENT_ID = '280' )or (CONSTITUENT_ID = '486' )or (CONSTITUENT_ID = '485' )or (CONSTITUENT_ID = '484' )or (CONSTITUENT_ID = '285' )or (CONSTITUENT_ID = '284' )or (CONSTITUENT_ID = '283' )or (CONSTITUENT_ID = '489' )or (CONSTITUENT_ID = '282' )or (CONSTITUENT_ID = '488' )or (CONSTITUENT_ID = '288' )or (CONSTITUENT_ID = '289' )or (CONSTITUENT_ID = '286' )or (CONSTITUENT_ID = '287' )or (CONSTITUENT_ID = '482' )or (CONSTITUENT_ID = '483' )or (CONSTITUENT_ID = '480' )or (CONSTITUENT_ID = '481' )or (CONSTITUENT_ID = '474' )or (CONSTITUENT_ID = '473' )or (CONSTITUENT_ID = '270' )or (CONSTITUENT_ID = '476' )or (CONSTITUENT_ID = '475' )or (CONSTITUENT_ID = '272' )or (CONSTITUENT_ID = '478' )or (CONSTITUENT_ID = '271' )or (CONSTITUENT_ID = '477' )or (CONSTITUENT_ID = '274' )or (CONSTITUENT_ID = '273' )or (CONSTITUENT_ID = '479' )or (CONSTITUENT_ID = '275' )or (CONSTITUENT_ID = '276' )or (CONSTITUENT_ID = '277' )or (CONSTITUENT_ID = '278' )or (CONSTITUENT_ID = '279' )or (CONSTITUENT_ID = '470' )or (CONSTITUENT_ID = '471' )or (CONSTITUENT_ID = '472' )or (CONSTITUENT_ID = '109' )or (CONSTITUENT_ID = '108' )or (CONSTITUENT_ID = '107' )or (CONSTITUENT_ID = '106' )or (CONSTITUENT_ID = '105' )or (CONSTITUENT_ID = '104' )or (CONSTITUENT_ID = '103' )or (CONSTITUENT_ID = '99' )or (CONSTITUENT_ID = '102' )or (CONSTITUENT_ID = '101' )or (CONSTITUENT_ID = '100' )or (CONSTITUENT_ID = '98' )or (CONSTITUENT_ID = '97' )or (CONSTITUENT_ID = '96' )or (CONSTITUENT_ID = '95' )or (CONSTITUENT_ID = '94' )or (CONSTITUENT_ID = '93' )or (CONSTITUENT_ID = '92' )or (CONSTITUENT_ID = '91' )or (CONSTITUENT_ID = '294' )or (CONSTITUENT_ID = '90' )or (CONSTITUENT_ID = '293' )or (CONSTITUENT_ID = '499' )or (CONSTITUENT_ID = '296' )or (CONSTITUENT_ID = '295' )or (CONSTITUENT_ID = '290' )or (CONSTITUENT_ID = '496' )or (CONSTITUENT_ID = '495' )or (CONSTITUENT_ID = '292' )or (CONSTITUENT_ID = '498' )or (CONSTITUENT_ID = '291' )or (CONSTITUENT_ID = '497' )or (CONSTITUENT_ID = '491' )or (CONSTITUENT_ID = '492' )or (CONSTITUENT_ID = '493' )or (CONSTITUENT_ID = '494' )or (CONSTITUENT_ID = '297' )or (CONSTITUENT_ID = '298' )or (CONSTITUENT_ID = '299' )or (CONSTITUENT_ID = '490' )or (CONSTITUENT_ID = '88' )or (CONSTITUENT_ID = '89' )or (CONSTITUENT_ID = '240' )or (CONSTITUENT_ID = '241' )or (CONSTITUENT_ID = '245' )or (CONSTITUENT_ID = '244' )or (CONSTITUENT_ID = '243' )or (CONSTITUENT_ID = '242' )or (CONSTITUENT_ID = '249' )or (CONSTITUENT_ID = '248' )or (CONSTITUENT_ID = '247' )or (CONSTITUENT_ID = '246' )or (CONSTITUENT_ID = '230' )or (CONSTITUENT_ID = '239' )or (CONSTITUENT_ID = '232' )or (CONSTITUENT_ID = '231' )or (CONSTITUENT_ID = '234' )or (CONSTITUENT_ID = '233' )or (CONSTITUENT_ID = '236' )or (CONSTITUENT_ID = '235' )or (CONSTITUENT_ID = '238' )or (CONSTITUENT_ID = '237' )or (CONSTITUENT_ID = '262' )or (CONSTITUENT_ID = '263' )or (CONSTITUENT_ID = '260' )or (CONSTITUENT_ID = '261' )or (CONSTITUENT_ID = '269' )or (CONSTITUENT_ID = '268' )or (CONSTITUENT_ID = '267' )or (CONSTITUENT_ID = '266' )or (CONSTITUENT_ID = '265' )or (CONSTITUENT_ID = '264' )or (CONSTITUENT_ID = '250' )or (CONSTITUENT_ID = '251' )or (CONSTITUENT_ID = '252' )or (CONSTITUENT_ID = '904' )or (CONSTITUENT_ID = '258' )or (CONSTITUENT_ID = '903' )or (CONSTITUENT_ID = '257' )or (CONSTITUENT_ID = '906' )or (CONSTITUENT_ID = '905' )or (CONSTITUENT_ID = '259' )or (CONSTITUENT_ID = '900' )or (CONSTITUENT_ID = '254' )or (CONSTITUENT_ID = '253' )or (CONSTITUENT_ID = '902' )or (CONSTITUENT_ID = '256' )or (CONSTITUENT_ID = '901' )or (CONSTITUENT_ID = '255' )]>
2012-02-01 15:22:29,305 DEBUG [org.springframework.jdbc.datasource.DataSourceUtils] - <Fetching JDBC Connection from DataSource>
2012-02-01 15:22:29,320 DEBUG [org.springframework.jdbc.core.simple.ParameterizedBeanPropertyRowMapper] - <Mapping column 'constituent_id' to property 'constituentId' of type class java.lang.String>
2012-02-01 15:22:29,320 DEBUG [org.springframework.jdbc.core.simple.ParameterizedBeanPropertyRowMapper] - <Mapping column 'id' to property 'id' of type class java.lang.String>
2012-02-01 15:22:29,383 DEBUG [org.springframework.jdbc.datasource.DataSourceUtils] - <Returning JDBC Connection to DataSource>
2012-02-01 15:22:29,399 INFO [org.gosh.validation.general.businessrules.ConstituentIdValidationTransformer] - <Start Transformation>
2012-02-01 15:22:29,399 INFO [org.gosh.validation.general.businessrules.ConstituentIdValidationTransformer] - <Start Transformation>
2012-02-01 15:22:29,399 INFO [org.gosh.validation.general.businessrules.ConstituentIdValidationTransformer] - <Start Transformation>
2012-02-01 15:22:29,399 INFO [org.gosh.validation.general.businessrules.ConstituentIdValidationTransformer] - <Start Transformation>
2012-02-01 15:22:29,399 DEBUG [org.springframework.jdbc.core.JdbcTemplate] - <Executing SQL query [select CONSTITUENT_ID, ID from records where  (CONSTITUENT_ID = '40544890' )]>
2012-02-01 15:22:29,399 DEBUG [org.springframework.jdbc.datasource.DataSourceUtils] - <Fetching JDBC Connection from DataSource>
2012-02-01 15:22:29,414 DEBUG [org.springframework.jdbc.core.simple.ParameterizedBeanPropertyRowMapper] - <Mapping column 'constituent_id' to property 'constituentId' of type class java.lang.String>
2012-02-01 15:22:29,414 DEBUG [org.springframework.jdbc.core.simple.ParameterizedBeanPropertyRowMapper] - <Mapping column 'id' to property 'id' of type class java.lang.String>
2012-02-01 15:22:29,414 DEBUG [org.springframework.jdbc.datasource.DataSourceUtils] - <Returning JDBC Connection to DataSource>
2012-02-01 15:22:29,414 INFO [org.gosh.validation.general.businessrules.ConstituentIdValidationTransformer] - <End of Transformation>
2012-02-01 15:22:29,414 INFO [org.gosh.validation.general.businessrules.ConstituentIdValidationTransformer] - <Start Transformation>
2012-02-01 15:22:29,461 DEBUG [org.springframework.jdbc.core.JdbcTemplate] - <Executing SQL query [select CONSTITUENT_ID, ID from records where  (CONSTITUENT_ID = '40467816' )or (CONSTITUENT_ID = '40469070' )or (CONSTITUENT_ID = '40467813' )or (CONSTITUENT_ID = '09095313' )or (CONSTITUENT_ID = '40442214' )or (CONSTITUENT_ID = '40455440' )or (CONSTITUENT_ID = '40047715' )or (CONSTITUENT_ID = '40462689' )or (CONSTITUENT_ID = '30007451' )or (CONSTITUENT_ID = '40468751' )or (CONSTITUENT_ID = '40455639' )or (CONSTITUENT_ID = '40469072' )or (CONSTITUENT_ID = '40472781' )or (CONSTITUENT_ID = '40454900' )or (CONSTITUENT_ID = '40472369' )or (CONSTITUENT_ID = '40462698' )or (CONSTITUENT_ID = '40473147' )or (CONSTITUENT_ID = '40466452' )or (CONSTITUENT_ID = '40466646' )or (CONSTITUENT_ID = '40055980' )or (CONSTITUENT_ID = '40469062' )or (CONSTITUENT_ID = '40469064' )or (CONSTITUENT_ID = '40469093' )or (CONSTITUENT_ID = '40469092' )or (CONSTITUENT_ID = '40204657' )or (CONSTITUENT_ID = '40469091' )or (CONSTITUENT_ID = '40468728' )or (CONSTITUENT_ID = '40473122' )or (CONSTITUENT_ID = '40468731' )or (CONSTITUENT_ID = '40468730' )or (CONSTITUENT_ID = '40453851' )or (CONSTITUENT_ID = '40472744' )or (CONSTITUENT_ID = '40467803' )or (CONSTITUENT_ID = '40209481' )or (CONSTITUENT_ID = '40161806' )or (CONSTITUENT_ID = '40448702' )or (CONSTITUENT_ID = '40473133' )or (CONSTITUENT_ID = '40466634' )or (CONSTITUENT_ID = '40473134' )or (CONSTITUENT_ID = '40468736' )or (CONSTITUENT_ID = '40477300' )or (CONSTITUENT_ID = '40380530' )or (CONSTITUENT_ID = '40473130' )or (CONSTITUENT_ID = '40160117' )or (CONSTITUENT_ID = '40473129' )or (CONSTITUENT_ID = '40469873' )or (CONSTITUENT_ID = '40466433' )or (CONSTITUENT_ID = '09156464' )or (CONSTITUENT_ID = '40473125' )or (CONSTITUENT_ID = '40082741' )or (CONSTITUENT_ID = '40468743' )or (CONSTITUENT_ID = '40440025' )or (CONSTITUENT_ID = '40385809' )or (CONSTITUENT_ID = '40466415' )or (CONSTITUENT_ID = '40468510' )or (CONSTITUENT_ID = '40384779' )or (CONSTITUENT_ID = '07571171' )or (CONSTITUENT_ID = '40474907' )or (CONSTITUENT_ID = '40468505' )or (CONSTITUENT_ID = '40468506' )or (CONSTITUENT_ID = '40181665' )or (CONSTITUENT_ID = '40466405' )or (CONSTITUENT_ID = '40468524' )or (CONSTITUENT_ID = '40468521' )or (CONSTITUENT_ID = '40466698' )or (CONSTITUENT_ID = '40468715' )or (CONSTITUENT_ID = '40474910' )or (CONSTITUENT_ID = '40465573' )or (CONSTITUENT_ID = '40474913' )or (CONSTITUENT_ID = '40474911' )or (CONSTITUENT_ID = '40468113' )or (CONSTITUENT_ID = '30011768' )or (CONSTITUENT_ID = '40474916' )or (CONSTITUENT_ID = '40468516' )or (CONSTITUENT_ID = '08577580' )or (CONSTITUENT_ID = '40477359' )or (CONSTITUENT_ID = '40446774' )or (CONSTITUENT_ID = '40170196' )or (CONSTITUENT_ID = '40468304' )or (CONSTITUENT_ID = '40456021' )or (CONSTITUENT_ID = '40091234' )or (CONSTITUENT_ID = '40468305' )or (CONSTITUENT_ID = '40081667' )or (CONSTITUENT_ID = '40446787' )or (CONSTITUENT_ID = '40468504' )or (CONSTITUENT_ID = '40314582' )or (CONSTITUENT_ID = '10147280' )or (CONSTITUENT_ID = '08160436' )or (CONSTITUENT_ID = '40466668' )or (CONSTITUENT_ID = '40065495' )or (CONSTITUENT_ID = '40381891' )or (CONSTITUENT_ID = '40141037' )or (CONSTITUENT_ID = '30012182' )or (CONSTITUENT_ID = '40208806' )or (CONSTITUENT_ID = '40295384' )or (CONSTITUENT_ID = '10959926' )or (CONSTITUENT_ID = '40477757' )or (CONSTITUENT_ID = '40451867' )or (CONSTITUENT_ID = '40477759' )or (CONSTITUENT_ID = '40477374' )or (CONSTITUENT_ID = '40451674' )or (CONSTITUENT_ID = '40477775' )or (CONSTITUENT_ID = '40477774' )or (CONSTITUENT_ID = '40480144' )or (CONSTITUENT_ID = '40468560' )or (CONSTITUENT_ID = '40462618' )or (CONSTITUENT_ID = '07100023' )or (CONSTITUENT_ID = '40065699' )or (CONSTITUENT_ID = '40205180' )or (CONSTITUENT_ID = '40336895' )or (CONSTITUENT_ID = '40477787' )or (CONSTITUENT_ID = '10923452' )or (CONSTITUENT_ID = '40105280' )or (CONSTITUENT_ID = '40107246' )or (CONSTITUENT_ID = '40435870' )or (CONSTITUENT_ID = '40205560' )or (CONSTITUENT_ID = '40468531' )or (CONSTITUENT_ID = '30004145' )or (CONSTITUENT_ID = '40469007' )or (CONSTITUENT_ID = '40469008' )or (CONSTITUENT_ID = '40385615' )or (CONSTITUENT_ID = '40477796' )or (CONSTITUENT_ID = '40382611' )or (CONSTITUENT_ID = '40468542' )or (CONSTITUENT_ID = '40477385' )or (CONSTITUENT_ID = '40468546' )or (CONSTITUENT_ID = '40468547' )or (CONSTITUENT_ID = '40468548' )or (CONSTITUENT_ID = '40469033' )or (CONSTITUENT_ID = '40468790' )or (CONSTITUENT_ID = '40380990' )or (CONSTITUENT_ID = '40383446' )or (CONSTITUENT_ID = '40469030' )or (CONSTITUENT_ID = '40252553' )or (CONSTITUENT_ID = '40455286' )or (CONSTITUENT_ID = '40479027' )or (CONSTITUENT_ID = '40469238' )or (CONSTITUENT_ID = '40472337' )or (CONSTITUENT_ID = '40021188' )or (CONSTITUENT_ID = '9562148' )or (CONSTITUENT_ID = '40477522' )or (CONSTITUENT_ID = '40477524' )or (CONSTITUENT_ID = '40477523' )or (CONSTITUENT_ID = '40451824' )or (CONSTITUENT_ID = '40479031' )or (CONSTITUENT_ID = '40380178' )or (CONSTITUENT_ID = '40469020' )or (CONSTITUENT_ID = '40479030' )or (CONSTITUENT_ID = '40120797' )or (CONSTITUENT_ID = '40476511' )or (CONSTITUENT_ID = '07049528' )or (CONSTITUENT_ID = '40469227' )or (CONSTITUENT_ID = '40469228' )or (CONSTITUENT_ID = '40476508' )or (CONSTITUENT_ID = '40462655' )or (CONSTITUENT_ID = '40021389' )or (CONSTITUENT_ID = '40472517' )or (CONSTITUENT_ID = '40466483' )or (CONSTITUENT_ID = '40469055' )or (CONSTITUENT_ID = '40468770' )or (CONSTITUENT_ID = '40471461' )or (CONSTITUENT_ID = '40476542' )or (CONSTITUENT_ID = '40476545' )or (CONSTITUENT_ID = '40466488' )or (CONSTITUENT_ID = '40466487' )or (CONSTITUENT_ID = '40472320' )or (CONSTITUENT_ID = '09788007' )or (CONSTITUENT_ID = '40472312' )or (CONSTITUENT_ID = '40468577' )or (CONSTITUENT_ID = '40308629' )or (CONSTITUENT_ID = '40476536' )or (CONSTITUENT_ID = '40463236' )or (CONSTITUENT_ID = '40476537' )or (CONSTITUENT_ID = '40139587' )or (CONSTITUENT_ID = '40480178' )or (CONSTITUENT_ID = '40480174' )or (CONSTITUENT_ID = '40469046' )or (CONSTITUENT_ID = '40469045' )or (CONSTITUENT_ID = '40480170' )or (CONSTITUENT_ID = '40381059' )or (CONSTITUENT_ID = '09888237' )or (CONSTITUENT_ID = '07953967' )or (CONSTITUENT_ID = '40439833' )or (CONSTITUENT_ID = '40438086' )or (CONSTITUENT_ID = '40062191' )or (CONSTITUENT_ID = '10960385' )or (CONSTITUENT_ID = '40476529' )or (CONSTITUENT_ID = '40471466' )or (CONSTITUENT_ID = '40472308' )or (CONSTITUENT_ID = '40468582' )or (CONSTITUENT_ID = '40466984' )or (CONSTITUENT_ID = '40061895' )or (CONSTITUENT_ID = '09118844' )or (CONSTITUENT_ID = '40135872' )or (CONSTITUENT_ID = '40050914' )or (CONSTITUENT_ID = '40450423' )or (CONSTITUENT_ID = '40184273' )or (CONSTITUENT_ID = '40463939' )or (CONSTITUENT_ID = '40476428' )or (CONSTITUENT_ID = '40463548' )or (CONSTITUENT_ID = '40068004' )or (CONSTITUENT_ID = '40450628' )or (CONSTITUENT_ID = '40476430' )or (CONSTITUENT_ID = '40450629' )or (CONSTITUENT_ID = '40299081' )or (CONSTITUENT_ID = '40463732' )or (CONSTITUENT_ID = '40450640' )or (CONSTITUENT_ID = '40463752' )or (CONSTITUENT_ID = '40072906' )or (CONSTITUENT_ID = '40462969' )or (CONSTITUENT_ID = '40025430' )or (CONSTITUENT_ID = '40476445' )or (CONSTITUENT_ID = '30006587' )or (CONSTITUENT_ID = '40463345' )or (CONSTITUENT_ID = '40379918' )or (CONSTITUENT_ID = '40463749' )or (CONSTITUENT_ID = '40477634' )or (CONSTITUENT_ID = '40219657' )or (CONSTITUENT_ID = '40013657' )or (CONSTITUENT_ID = '40450605' )or (CONSTITUENT_ID = '40073112' )or (CONSTITUENT_ID = '40384802' )or (CONSTITUENT_ID = '40118507' )or (CONSTITUENT_ID = '40463511' )or (CONSTITUENT_ID = '40450618' )or (CONSTITUENT_ID = '40450619' )or (CONSTITUENT_ID = '40463513' )or (CONSTITUENT_ID = '40463514' )or (CONSTITUENT_ID = '05644720' )or (CONSTITUENT_ID = '40463724' )or (CONSTITUENT_ID = '40076717' )or (CONSTITUENT_ID = '40379951' )or (CONSTITUENT_ID = '40467267' )or (CONSTITUENT_ID = '40338551' )or (CONSTITUENT_ID = '40463976' )or (CONSTITUENT_ID = '40471405' )or (CONSTITUENT_ID = '40087021' )or (CONSTITUENT_ID = '40470006' )or (CONSTITUENT_ID = '40123716' )or (CONSTITUENT_ID = '40437463' )or (CONSTITUENT_ID = '40297069' )or (CONSTITUENT_ID = '40464830' )or (CONSTITUENT_ID = '40447196' )or (CONSTITUENT_ID = '40447193' )or (CONSTITUENT_ID = '40476483' )or (CONSTITUENT_ID = '40463953' )or (CONSTITUENT_ID = '00030596' )or (CONSTITUENT_ID = '40463954' )or (CONSTITUENT_ID = '40450641' )or (CONSTITUENT_ID = '40434712' )or (CONSTITUENT_ID = '40476491' )or (CONSTITUENT_ID = '40463960' )or (CONSTITUENT_ID = '40379249' )or (CONSTITUENT_ID = '40463071' )or (CONSTITUENT_ID = '07305027' )or (CONSTITUENT_ID = '40464800' )or (CONSTITUENT_ID = '40440586' )or (CONSTITUENT_ID = '40211987' )or (CONSTITUENT_ID = '40475858' )or (CONSTITUENT_ID = '40467253' )or (CONSTITUENT_ID = '40470029' )or (CONSTITUENT_ID = '40434714' )or (CONSTITUENT_ID = '40462991' )or (CONSTITUENT_ID = '40464196' )or (CONSTITUENT_ID = '40346936' )or (CONSTITUENT_ID = '05629689' )or (CONSTITUENT_ID = '40016912' )or (CONSTITUENT_ID = '40468151' )or (CONSTITUENT_ID = '40468153' )or (CONSTITUENT_ID = '40218349' )or (CONSTITUENT_ID = '40464678' )or (CONSTITUENT_ID = '10849098' )or (CONSTITUENT_ID = '40467793' )or (CONSTITUENT_ID = '40474956' )or (CONSTITUENT_ID = '40467794' )or (CONSTITUENT_ID = '40468158' )or (CONSTITUENT_ID = '07031711' )or (CONSTITUENT_ID = '40467799' )or (CONSTITUENT_ID = '40456457' )or (CONSTITUENT_ID = '40475634' )or (CONSTITUENT_ID = '40452535' )or (CONSTITUENT_ID = '40247427' )or (CONSTITUENT_ID = '40464877' )or (CONSTITUENT_ID = '40456252' )or (CONSTITUENT_ID = '07248087' )or (CONSTITUENT_ID = '40468164' )or (CONSTITUENT_ID = '40464870' )or (CONSTITUENT_ID = '40474948' )or (CONSTITUENT_ID = '40467785' )or (CONSTITUENT_ID = '40468168' )or (CONSTITUENT_ID = '40475652' )or (CONSTITUENT_ID = '40465644' )or (CONSTITUENT_ID = '40467786' )or (CONSTITUENT_ID = '40474950' )or (CONSTITUENT_ID = '40464335' )or (CONSTITUENT_ID = '40470049' )or (CONSTITUENT_ID = '40007284' )or (CONSTITUENT_ID = '40016027' )or (CONSTITUENT_ID = '40097148' )or (CONSTITUENT_ID = '40362929' )or (CONSTITUENT_ID = '40467776' )or (CONSTITUENT_ID = '40450493' )or (CONSTITUENT_ID = '40464165' )or (CONSTITUENT_ID = '40474932' )or (CONSTITUENT_ID = '40474933' )or (CONSTITUENT_ID = '40464169' )or (CONSTITUENT_ID = '40468137' )or (CONSTITUENT_ID = '40456053' )or (CONSTITUENT_ID = '40110465' )or (CONSTITUENT_ID = '40456234' )or (CONSTITUENT_ID = '40473092' )or (CONSTITUENT_ID = '40456232' )or (CONSTITUENT_ID = '40456230' )or (CONSTITUENT_ID = '10531526' )or (CONSTITUENT_ID = '40464853' )or (CONSTITUENT_ID = '40378366' )or (CONSTITUENT_ID = '40474928' )or (CONSTITUENT_ID = '40051322' )or (CONSTITUENT_ID = '40467764' )or (CONSTITUENT_ID = '40464155' )or (CONSTITUENT_ID = '40084677' )or (CONSTITUENT_ID = '40456448' )or (CONSTITUENT_ID = '40456441' )or (CONSTITUENT_ID = '40467000' )or (CONSTITUENT_ID = '40473080' )or (CONSTITUENT_ID = '40473086' )or (CONSTITUENT_ID = '40429300' )or (CONSTITUENT_ID = '40464101' )or (CONSTITUENT_ID = '40467753' )or (CONSTITUENT_ID = '40466727' )or (CONSTITUENT_ID = '40468192' )or (CONSTITUENT_ID = '40030674' )or (CONSTITUENT_ID = '40466732' )or (CONSTITUENT_ID = '40072750' )or (CONSTITUENT_ID = '40468396' )or (CONSTITUENT_ID = '40013405' )or (CONSTITUENT_ID = '40465607' )or (CONSTITUENT_ID = '40456072' )or (CONSTITUENT_ID = '40467747' )or (CONSTITUENT_ID = '40465608' )or (CONSTITUENT_ID = '40473071' )or (CONSTITUENT_ID = '40456214' )or (CONSTITUENT_ID = '40450483' )or (CONSTITUENT_ID = '40474989' )or (CONSTITUENT_ID = '40467745' )or (CONSTITUENT_ID = '40470096' )or (CONSTITUENT_ID = '40204214' )or (CONSTITUENT_ID = '40466738' )or (CONSTITUENT_ID = '40473059' )or (CONSTITUENT_ID = '40466737' )or (CONSTITUENT_ID = '10986380' )or (CONSTITUENT_ID = '40445559' )or (CONSTITUENT_ID = '40466744' )or (CONSTITUENT_ID = '40467738' )or (CONSTITUENT_ID = '40450479' )or (CONSTITUENT_ID = '40467734' )or (CONSTITUENT_ID = '40467733' )or (CONSTITUENT_ID = '09326946' )or (CONSTITUENT_ID = '40474977' )or (CONSTITUENT_ID = '40450453' )or (CONSTITUENT_ID = '40386041' )or (CONSTITUENT_ID = '40468175' )or (CONSTITUENT_ID = '40468173' )or (CONSTITUENT_ID = '40466708' )or (CONSTITUENT_ID = '40473052' )or (CONSTITUENT_ID = '40464897' )or (CONSTITUENT_ID = '40468377' )or (CONSTITUENT_ID = '40467726' )or (CONSTITUENT_ID = '40474982' )or (CONSTITUENT_ID = '40380824' )or (CONSTITUENT_ID = '40450460' )or (CONSTITUENT_ID = '40454404' )or (CONSTITUENT_ID = '09791460' )or (CONSTITUENT_ID = '40474969' )or (CONSTITUENT_ID = '40450463' )or (CONSTITUENT_ID = '40468185' )or (CONSTITUENT_ID = '40456484' )or (CONSTITUENT_ID = '40110612' )or (CONSTITUENT_ID = '40455072' )or (CONSTITUENT_ID = '40466717' )or (CONSTITUENT_ID = '40473043' )or (CONSTITUENT_ID = '40466721' )or (CONSTITUENT_ID = '40384849' )or (CONSTITUENT_ID = '40464106' )or (CONSTITUENT_ID = '40456205' )or (CONSTITUENT_ID = '40450458' )or (CONSTITUENT_ID = '09556943' )or (CONSTITUENT_ID = '40466522' )or (CONSTITUENT_ID = '40468848' )or (CONSTITUENT_ID = '30011640' )or (CONSTITUENT_ID = '40468460' )or (CONSTITUENT_ID = '10937362' )or (CONSTITUENT_ID = '40464308' )or (CONSTITUENT_ID = '40468087' )or (CONSTITUENT_ID = '40472089' )or (CONSTITUENT_ID = '40472087' )or (CONSTITUENT_ID = '40468850' )or (CONSTITUENT_ID = '40469985' )or (CONSTITUENT_ID = '40466518' )or (CONSTITUENT_ID = '40473239' )or (CONSTITUENT_ID = '40472243' )or (CONSTITUENT_ID = '40469989' )or (CONSTITUENT_ID = '40473236' )or (CONSTITUENT_ID = '40466309' )or (CONSTITUENT_ID = '40472227' )or (CONSTITUENT_ID = '40456195' )or (CONSTITUENT_ID = '40472229' )or (CONSTITUENT_ID = '40456197' )or (CONSTITUENT_ID = '09030191' )or (CONSTITUENT_ID = '40468453' )or (CONSTITUENT_ID = '40465670' )or (CONSTITUENT_ID = '40130627' )or (CONSTITUENT_ID = '40021089' )or (CONSTITUENT_ID = '40472073' )or (CONSTITUENT_ID = '40472075' )or (CONSTITUENT_ID = '30014399' )or (CONSTITUENT_ID = '40090650' )or (CONSTITUENT_ID = '40469994' )or (CONSTITUENT_ID = '40466311' )or (CONSTITUENT_ID = '40434656' )or (CONSTITUENT_ID = '40453517' )or (CONSTITUENT_ID = '40383640' )or (CONSTITUENT_ID = '40468868' )or (CONSTITUENT_ID = '40469192' )or (CONSTITUENT_ID = '40427959' )or (CONSTITUENT_ID = '40468065' )or (CONSTITUENT_ID = '10848135' )or (CONSTITUENT_ID = '40468067' )or (CONSTITUENT_ID = '40474320' )or (CONSTITUENT_ID = '40468201' )or (CONSTITUENT_ID = '40472264' )or (CONSTITUENT_ID = '40466344' )or (CONSTITUENT_ID = '40466343' )or (CONSTITUENT_ID = '40468069' )or (CONSTITUENT_ID = '40474514' )or (CONSTITUENT_ID = '40466328' )or (CONSTITUENT_ID = '40478376' )or (CONSTITUENT_ID = '10157952' )or (CONSTITUENT_ID = '40465693' )or (CONSTITUENT_ID = '40465692' )or (CONSTITUENT_ID = '40469181' )or (CONSTITUENT_ID = '40467706' )or (CONSTITUENT_ID = '40465697' )or (CONSTITUENT_ID = '10267121' )or (CONSTITUENT_ID = '40472099' )or (CONSTITUENT_ID = '40383183' )or (CONSTITUENT_ID = '40213258' )or (CONSTITUENT_ID = '40472092' )or (CONSTITUENT_ID = '40468057' )or (CONSTITUENT_ID = '09309041' )or (CONSTITUENT_ID = '40478362' )or (CONSTITUENT_ID = '40359781' )or (CONSTITUENT_ID = '40465038' )or (CONSTITUENT_ID = '40468803' )or (CONSTITUENT_ID = '40465033' )or (CONSTITUENT_ID = '40058881' )or (CONSTITUENT_ID = '40468221' )or (CONSTITUENT_ID = '40468417' )or (CONSTITUENT_ID = '40468224' )or (CONSTITUENT_ID = '40468226' )or (CONSTITUENT_ID = '40455988' )or (CONSTITUENT_ID = '40379782' )or (CONSTITUENT_ID = '40468414' )or (CONSTITUENT_ID = '40468413' )or (CONSTITUENT_ID = '40465025' )or (CONSTITUENT_ID = '40468816' )or (CONSTITUENT_ID = '40474740' )or (CONSTITUENT_ID = '40473212' )or (CONSTITUENT_ID = '40478358' )or (CONSTITUENT_ID = '40088041' )or (CONSTITUENT_ID = '40473206' )or (CONSTITUENT_ID = '40474737' )or (CONSTITUENT_ID = '40379582' )or (CONSTITUENT_ID = '40472274' )or (CONSTITUENT_ID = '40468823' )or (CONSTITUENT_ID = '40473204' )or (CONSTITUENT_ID = '40473205' )or (CONSTITUENT_ID = '09362144' )or (CONSTITUENT_ID = '40468212' )or (CONSTITUENT_ID = '10244250' )or (CONSTITUENT_ID = '40150580' )or (CONSTITUENT_ID = '40114063' )or (CONSTITUENT_ID = '10936613' )or (CONSTITUENT_ID = '10532198' )or (CONSTITUENT_ID = '40468828' )or (CONSTITUENT_ID = '40465055' )or (CONSTITUENT_ID = '40468826' )or (CONSTITUENT_ID = '30003509' )or (CONSTITUENT_ID = '30005180' )or (CONSTITUENT_ID = '40474744' )or (CONSTITUENT_ID = '40474749' )or (CONSTITUENT_ID = '40466303' )or (CONSTITUENT_ID = '40466304' )or (CONSTITUENT_ID = '40468435' )or (CONSTITUENT_ID = '40383616' )or (CONSTITUENT_ID = '40468431' )or (CONSTITUENT_ID = '40468839' )or (CONSTITUENT_ID = '40478331' )or (CONSTITUENT_ID = '40473234' )or (CONSTITUENT_ID = '40478332' )or (CONSTITUENT_ID = '40473224' )or (CONSTITUENT_ID = '40454284' )or (CONSTITUENT_ID = '40468236' )or (CONSTITUENT_ID = '40468428' )or (CONSTITUENT_ID = '40466996' )or (CONSTITUENT_ID = '40466995' )or (CONSTITUENT_ID = '40469131' )or (CONSTITUENT_ID = '40469132' )or (CONSTITUENT_ID = '40474766' )or (CONSTITUENT_ID = '10236138' )or (CONSTITUENT_ID = '40032060' )or (CONSTITUENT_ID = '40454855' )or (CONSTITUENT_ID = '40455338' )or (CONSTITUENT_ID = '40462700' )or (CONSTITUENT_ID = '40381953' )or (CONSTITUENT_ID = '40462708' )or (CONSTITUENT_ID = '40443012' )or (CONSTITUENT_ID = '40477674' )or (CONSTITUENT_ID = '40378067' )or (CONSTITUENT_ID = '40477675' )or (CONSTITUENT_ID = '40381746' )or (CONSTITUENT_ID = '40466390' )or (CONSTITUENT_ID = '40469126' )or (CONSTITUENT_ID = '40035844' )or (CONSTITUENT_ID = '40455357' )or (CONSTITUENT_ID = '40478315' )or (CONSTITUENT_ID = '40477476' )or (CONSTITUENT_ID = '40477473' )or (CONSTITUENT_ID = '10849430' )or (CONSTITUENT_ID = '40148498' )or (CONSTITUENT_ID = '40466998' )or (CONSTITUENT_ID = '40477643' )or (CONSTITUENT_ID = '40250326' )or (CONSTITUENT_ID = '40455367' )or (CONSTITUENT_ID = '40469118' )or (CONSTITUENT_ID = '40454232' )or (CONSTITUENT_ID = '40469114' )or (CONSTITUENT_ID = '40443223' )or (CONSTITUENT_ID = '40477259' )or (CONSTITUENT_ID = '40477253' )or (CONSTITUENT_ID = '40443220' )or (CONSTITUENT_ID = '40477254' )or (CONSTITUENT_ID = '40099066' )or (CONSTITUENT_ID = '40465017' )or (CONSTITUENT_ID = '40477444' )or (CONSTITUENT_ID = '10133659' )or (CONSTITUENT_ID = '40158197' )or (CONSTITUENT_ID = '40477448' )or (CONSTITUENT_ID = '40469107' )or (CONSTITUENT_ID = '09198549' )or (CONSTITUENT_ID = '40477246' )or (CONSTITUENT_ID = '40477247' )or (CONSTITUENT_ID = '40442181' )or (CONSTITUENT_ID = '40477457' )or (CONSTITUENT_ID = '09032981' )or (CONSTITUENT_ID = '40443446' )or (CONSTITUENT_ID = '40476420' )or (CONSTITUENT_ID = '40477418' )or (CONSTITUENT_ID = '40466745' )or (CONSTITUENT_ID = '40466746' )or (CONSTITUENT_ID = '40476557' )or (CONSTITUENT_ID = '40466750' )or (CONSTITUENT_ID = '40154312' )or (CONSTITUENT_ID = '40475699' )or (CONSTITUENT_ID = '40466352' )or (CONSTITUENT_ID = '40469955' )or (CONSTITUENT_ID = '40383358' )or (CONSTITUENT_ID = '40469167' )or (CONSTITUENT_ID = '40022375' )or (CONSTITUENT_ID = '40469166' )or (CONSTITUENT_ID = '40285075' )or (CONSTITUENT_ID = '40476548' )or (CONSTITUENT_ID = '09304281' )or (CONSTITUENT_ID = '40477435' )or (CONSTITUENT_ID = '40139455' )or (CONSTITUENT_ID = '40476547' )or (CONSTITUENT_ID = '07866657' )or (CONSTITUENT_ID = '40466386' )or (CONSTITUENT_ID = '40469157' )or (CONSTITUENT_ID = '40469159' )or (CONSTITUENT_ID = '05389300' )or (CONSTITUENT_ID = '40477688' )or (CONSTITUENT_ID = '10848173' )or (CONSTITUENT_ID = '40477683' )or (CONSTITUENT_ID = '40469152' )or (CONSTITUENT_ID = '40466381' )or (CONSTITUENT_ID = '40477685' )or (CONSTITUENT_ID = '40476588' )or (CONSTITUENT_ID = '40466382' )or (CONSTITUENT_ID = '40477403' )or (CONSTITUENT_ID = '40477292' )or (CONSTITUENT_ID = '40477299' )or (CONSTITUENT_ID = '40454202' )or (CONSTITUENT_ID = '40469977' )or (CONSTITUENT_ID = '40454204' )or (CONSTITUENT_ID = '40469976' )or (CONSTITUENT_ID = '40466377' )or (CONSTITUENT_ID = '40469149' )or (CONSTITUENT_ID = '40466378' )or (CONSTITUENT_ID = '40476570' )or (CONSTITUENT_ID = '40469147' )or (CONSTITUENT_ID = '40469972' )or (CONSTITUENT_ID = '40469971' )or (CONSTITUENT_ID = '40469970' )or (CONSTITUENT_ID = '40079083' )or (CONSTITUENT_ID = '40476572' )or (CONSTITUENT_ID = '40468099' )or (CONSTITUENT_ID = '40140508' )or (CONSTITUENT_ID = '10571417' )or (CONSTITUENT_ID = '40477409' )or (CONSTITUENT_ID = '40469141' )or (CONSTITUENT_ID = '40184466' )or (CONSTITUENT_ID = '40477285' )or (CONSTITUENT_ID = '40476568' )or (CONSTITUENT_ID = '40468091' )or (CONSTITUENT_ID = '40477410' )or (CONSTITUENT_ID = '40477289' )or (CONSTITUENT_ID = '40454821' )or (CONSTITUENT_ID = '40469969' )or (CONSTITUENT_ID = '40475789' )or (CONSTITUENT_ID = '40463447' )or (CONSTITUENT_ID = '40171057' )or (CONSTITUENT_ID = '40477709' )or (CONSTITUENT_ID = '40284860' )or (CONSTITUENT_ID = '09632630' )or (CONSTITUENT_ID = '40467322' )or (CONSTITUENT_ID = '40477702' )or (CONSTITUENT_ID = '40468984' )or (CONSTITUENT_ID = '40467319' )or (CONSTITUENT_ID = '40474897' )or (CONSTITUENT_ID = '40474896' )or (CONSTITUENT_ID = '40450530' )or (CONSTITUENT_ID = '40475792' )or (CONSTITUENT_ID = '40475791' )or (CONSTITUENT_ID = '40475790' )or (CONSTITUENT_ID = '40463455' )or (CONSTITUENT_ID = '40475777' )or (CONSTITUENT_ID = '40274984' )or (CONSTITUENT_ID = '40476637' )or (CONSTITUENT_ID = '40476636' )or (CONSTITUENT_ID = '40467331' )or (CONSTITUENT_ID = '40385572' )or (CONSTITUENT_ID = '40450537' )or (CONSTITUENT_ID = '40121787' )or (CONSTITUENT_ID = '10737825' )or (CONSTITUENT_ID = '40437843' )or (CONSTITUENT_ID = '40450540' )or (CONSTITUENT_ID = '40474889' )or (CONSTITUENT_ID = '40468968' )or (CONSTITUENT_ID = '40463847' )or (CONSTITUENT_ID = '40464912' )or (CONSTITUENT_ID = '40462859' )or (CONSTITUENT_ID = '40153382' )or (CONSTITUENT_ID = '40463861' )or (CONSTITUENT_ID = '40450750' )or (CONSTITUENT_ID = '00136033' )or (CONSTITUENT_ID = '40450544' )or (CONSTITUENT_ID = '40381804' )or (CONSTITUENT_ID = '40029465' )or (CONSTITUENT_ID = '10113493' )or (CONSTITUENT_ID = '40162500' )or (CONSTITUENT_ID = '40031887' )or (CONSTITUENT_ID = '40445409' )or (CONSTITUENT_ID = '40301106' )or (CONSTITUENT_ID = '40464904' )or (CONSTITUENT_ID = '40464900' )or (CONSTITUENT_ID = '40468991' )or (CONSTITUENT_ID = '05336183' )or (CONSTITUENT_ID = '40468993' )or (CONSTITUENT_ID = '40462845' )or (CONSTITUENT_ID = '40464907' )or (CONSTITUENT_ID = '40467353' )or (CONSTITUENT_ID = '40444756' )or (CONSTITUENT_ID = '09539341' )or (CONSTITUENT_ID = '40450563' )or (CONSTITUENT_ID = '40132173' )or (CONSTITUENT_ID = '40463466' )or (CONSTITUENT_ID = '40463409' )or (CONSTITUENT_ID = '40431461' )or (CONSTITUENT_ID = '40464931' )or (CONSTITUENT_ID = '40155456' )or (CONSTITUENT_ID = '40447044' )or (CONSTITUENT_ID = '40385535' )or (CONSTITUENT_ID = '10133089' )or (CONSTITUENT_ID = '40385534' )or (CONSTITUENT_ID = '40368796' )or (CONSTITUENT_ID = '40468936' )or (CONSTITUENT_ID = '40467694' )or (CONSTITUENT_ID = '40467376' )or (CONSTITUENT_ID = '40468930' )or (CONSTITUENT_ID = '40464927' )or (CONSTITUENT_ID = '40120208' )or (CONSTITUENT_ID = '40477734' )or (CONSTITUENT_ID = '10850700' )or (CONSTITUENT_ID = '40464924' )or (CONSTITUENT_ID = '40079711' )or (CONSTITUENT_ID = '40470520' )or (CONSTITUENT_ID = '40380290' )or (CONSTITUENT_ID = '40468928' )or (CONSTITUENT_ID = '40432977' )or (CONSTITUENT_ID = '40450779' )or (CONSTITUENT_ID = '40041952' )or (CONSTITUENT_ID = '40477724' )or (CONSTITUENT_ID = '40477723' )or (CONSTITUENT_ID = '40477726' )or (CONSTITUENT_ID = '40468962' )or (CONSTITUENT_ID = '40467382' )or (CONSTITUENT_ID = '40464007' )or (CONSTITUENT_ID = '40450507' )or (CONSTITUENT_ID = '40464952' )or (CONSTITUENT_ID = '40094934' )or (CONSTITUENT_ID = '40463818' )or (CONSTITUENT_ID = '40062295' )or (CONSTITUENT_ID = '40468956' )or (CONSTITUENT_ID = '40476618' )or (CONSTITUENT_ID = '40468950' )or (CONSTITUENT_ID = '40462886' )or (CONSTITUENT_ID = '40450513' )or (CONSTITUENT_ID = '40468955' )or (CONSTITUENT_ID = '40476614' )or (CONSTITUENT_ID = '40477717' )or (CONSTITUENT_ID = '40467393' )or (CONSTITUENT_ID = '40023488' )or (CONSTITUENT_ID = '40467390' )or (CONSTITUENT_ID = '10852285' )or (CONSTITUENT_ID = '40475757' )or (CONSTITUENT_ID = '40464941' )or (CONSTITUENT_ID = '40450518' )or (CONSTITUENT_ID = '30006424' )or (CONSTITUENT_ID = '40463820' )or (CONSTITUENT_ID = '40477721' )or (CONSTITUENT_ID = '40456315' )or (CONSTITUENT_ID = '40468259' )or (CONSTITUENT_ID = '40446444' )or (CONSTITUENT_ID = '40456312' )or (CONSTITUENT_ID = '40468254' )or (CONSTITUENT_ID = '40453487' )or (CONSTITUENT_ID = '40453482' )or (CONSTITUENT_ID = '40018965' )or (CONSTITUENT_ID = '40242776' )or (CONSTITUENT_ID = '40480218' )or (CONSTITUENT_ID = '40472107' )or (CONSTITUENT_ID = '40456306' )or (CONSTITUENT_ID = '40433321' )or (CONSTITUENT_ID = '10925189' )or (CONSTITUENT_ID = '40092821' )or (CONSTITUENT_ID = '40468261' )or (CONSTITUENT_ID = '40464973' )or (CONSTITUENT_ID = '40036566' )or (CONSTITUENT_ID = '40464772' )or (CONSTITUENT_ID = '40466283' )or (CONSTITUENT_ID = '40464968' )or (CONSTITUENT_ID = '40464969' )or (CONSTITUENT_ID = '40436477' )or (CONSTITUENT_ID = '40472119' )or (CONSTITUENT_ID = '40472114' )or (CONSTITUENT_ID = '40467868' )or (CONSTITUENT_ID = '40472133' )or (CONSTITUENT_ID = '40475731' )or (CONSTITUENT_ID = '40468274' )or (CONSTITUENT_ID = '40464053' )or (CONSTITUENT_ID = '40464798' )or (CONSTITUENT_ID = '07090006' )or (CONSTITUENT_ID = '40024778' )or (CONSTITUENT_ID = '40149755' )or (CONSTITUENT_ID = '40130361' )or (CONSTITUENT_ID = '40472126' )or (CONSTITUENT_ID = '40467872' )or (CONSTITUENT_ID = '40475729' )or (CONSTITUENT_ID = '40472129' )or (CONSTITUENT_ID = '40089502' )or (CONSTITUENT_ID = '40474825' )or (CONSTITUENT_ID = '40467856' )or (CONSTITUENT_ID = '40467857' )or (CONSTITUENT_ID = '40052000' )or (CONSTITUENT_ID = '40474822' )or (CONSTITUENT_ID = '40464995' )or (CONSTITUENT_ID = '40468280' )or (CONSTITUENT_ID = '40464788' )or (CONSTITUENT_ID = '40464794' )or (CONSTITUENT_ID = '40152826' )or (CONSTITUENT_ID = '40475715' )or (CONSTITUENT_ID = '40467861' )or (CONSTITUENT_ID = '40475528' )or (CONSTITUENT_ID = '40475524' )or (CONSTITUENT_ID = '40468294' )or (CONSTITUENT_ID = '40463874' )or (CONSTITUENT_ID = '40474853' )or (CONSTITUENT_ID = '40472152' )or (CONSTITUENT_ID = '40475537' )or (CONSTITUENT_ID = '40473171' )or (CONSTITUENT_ID = '40472148' )or (CONSTITUENT_ID = '40473170' )or (CONSTITUENT_ID = '40463883' )or (CONSTITUENT_ID = '40450569' )or (CONSTITUENT_ID = '40473175' )or (CONSTITUENT_ID = '40129261' )or (CONSTITUENT_ID = '40450580' )or (CONSTITUENT_ID = '40475554' )or (CONSTITUENT_ID = '40472160' )or (CONSTITUENT_ID = '40475555' )or (CONSTITUENT_ID = '40380707' )or (CONSTITUENT_ID = '40450582' )or (CONSTITUENT_ID = '40208798' )or (CONSTITUENT_ID = '07142817' )or (CONSTITUENT_ID = '40472157' )or (CONSTITUENT_ID = '40473166' )or (CONSTITUENT_ID = '30010746' )or (CONSTITUENT_ID = '40450596' )or (CONSTITUENT_ID = '40472611' )or (CONSTITUENT_ID = '40464222' )or (CONSTITUENT_ID = '40472172' )or (CONSTITUENT_ID = '10243602' )or (CONSTITUENT_ID = '40464093' )or (CONSTITUENT_ID = '40464094' )or (CONSTITUENT_ID = '40464221' )or (CONSTITUENT_ID = '40475562' )or (CONSTITUENT_ID = '40474882' )or (CONSTITUENT_ID = '40467302' )or (CONSTITUENT_ID = '30010290' )or (CONSTITUENT_ID = '09152264' )or (CONSTITUENT_ID = '40472168' )or (CONSTITUENT_ID = '40472169' )or (CONSTITUENT_ID = '40475559' )or (CONSTITUENT_ID = '40467301' )or (CONSTITUENT_ID = '40473199' )or (CONSTITUENT_ID = '40466611' )or (CONSTITUENT_ID = '40473198' )or (CONSTITUENT_ID = '40473194' )or (CONSTITUENT_ID = '40472183' )or (CONSTITUENT_ID = '40445854' )or (CONSTITUENT_ID = '40380725' )or (CONSTITUENT_ID = '40467306' )or (CONSTITUENT_ID = '40450597' )or (CONSTITUENT_ID = '40467310' )or (CONSTITUENT_ID = '40146767' )or (CONSTITUENT_ID = '40473187' )]>
2012-02-01 15:22:29,461 DEBUG [org.springframework.jdbc.datasource.DataSourceUtils] - <Fetching JDBC Connection from DataSource>
2012-02-01 15:22:29,477 DEBUG [org.springframework.jdbc.core.simple.ParameterizedBeanPropertyRowMapper] - <Mapping column 'constituent_id' to property 'constituentId' of type class java.lang.String>
2012-02-01 15:22:29,477 DEBUG [org.springframework.jdbc.core.simple.ParameterizedBeanPropertyRowMapper] - <Mapping column 'id' to property 'id' of type class java.lang.String>
2012-02-01 15:22:29,508 DEBUG [org.springframework.jdbc.datasource.DataSourceUtils] - <Returning JDBC Connection to DataSource>
]]></system-out>
  <system-err><![CDATA[]]></system-err>
</testsuite>
