<?xml version="1.0" encoding="UTF-8" ?>
<testsuite errors="0" failures="0" hostname="GOSHCC-ASDEV" name="org.gosh.validation.BeansConfigTest" tests="1" time="1.656" timestamp="2012-02-01T15:22:27">
  <properties>
[...]
</properties>
  <testcase classname="org.gosh.validation.BeansConfigTest" name="test" time="1.656" />
  <system-out><![CDATA[2012-02-01 15:22:27,336 INFO [org.gosh.validation.BeansConfigTest] - <Loading context for locations: classpath:beans.xml>
2012-02-01 15:22:27,414 DEBUG [org.springframework.core.CollectionFactory] - <Creating [java.util.concurrent.ConcurrentHashMap]>
2012-02-01 15:22:27,414 DEBUG [org.springframework.core.CollectionFactory] - <Creating [java.util.concurrent.ConcurrentHashMap]>
2012-02-01 15:22:27,414 DEBUG [org.springframework.core.CollectionFactory] - <Creating [java.util.concurrent.ConcurrentHashMap]>
2012-02-01 15:22:27,414 DEBUG [org.springframework.core.CollectionFactory] - <Creating [java.util.concurrent.ConcurrentHashMap]>
2012-02-01 15:22:27,414 DEBUG [org.springframework.core.CollectionFactory] - <Creating [java.util.concurrent.ConcurrentHashMap]>
2012-02-01 15:22:27,414 DEBUG [org.springframework.core.CollectionFactory] - <Creating [java.util.concurrent.ConcurrentHashMap]>
2012-02-01 15:22:27,414 DEBUG [org.springframework.core.CollectionFactory] - <Creating [java.util.concurrent.ConcurrentHashMap]>
2012-02-01 15:22:27,430 DEBUG [org.springframework.core.CollectionFactory] - <Creating [java.util.concurrent.ConcurrentHashMap]>
2012-02-01 15:22:27,461 INFO [org.springframework.beans.factory.xml.XmlBeanDefinitionReader] - <Loading XML bean definitions from class path resource [beans.xml]>
2012-02-01 15:22:27,477 DEBUG [org.springframework.beans.factory.xml.DefaultDocumentLoader] - <Using JAXP provider [org.apache.xerces.jaxp.DocumentBuilderFactoryImpl]>
2012-02-01 15:22:27,899 DEBUG [org.springframework.beans.factory.xml.PluggableSchemaResolver] - <Trying to resolve XML entity with public id [null] and system id [http://www.springframework.org/schema/beans/spring-beans-2.5.xsd]>
2012-02-01 15:22:27,899 DEBUG [org.springframework.beans.factory.xml.PluggableSchemaResolver] - <Loading schema mappings from [META-INF/spring.schemas]>
2012-02-01 15:22:27,914 DEBUG [org.springframework.beans.factory.xml.PluggableSchemaResolver] - <Loaded schema mappings: {http://www.springframework.org/schema/lang/spring-lang.xsd=org/springframework/scripting/config/spring-lang-2.5.xsd, http://www.springframework.org/schema/lang/spring-lang-2.5.xsd=org/springframework/scripting/config/spring-lang-2.5.xsd, http://www.springframework.org/schema/context/spring-context-2.5.xsd=org/springframework/context/config/spring-context-2.5.xsd, http://www.springframework.org/schema/integration/xml/spring-integration-xml-1.0.xsd=org/springframework/integration/xml/config/spring-integration-xml-1.0.xsd, http://www.springframework.org/schema/jms/spring-jms-2.5.xsd=org/springframework/jms/config/spring-jms-2.5.xsd, http://www.springframework.org/schema/context/spring-context.xsd=org/springframework/context/config/spring-context-2.5.xsd, http://www.springframework.org/schema/aop/spring-aop.xsd=org/springframework/aop/config/spring-aop-2.5.xsd, http://www.springframework.org/schema/util/spring-util-2.0.xsd=org/springframework/beans/factory/xml/spring-util-2.0.xsd, http://www.springframework.org/schema/integration/file/spring-integration-file-1.0.xsd=org/springframework/integration/file/config/spring-integration-file-1.0.xsd, http://www.springframework.org/schema/util/spring-util-2.5.xsd=org/springframework/beans/factory/xml/spring-util-2.5.xsd, http://www.springframework.org/schema/tool/spring-tool-2.0.xsd=org/springframework/beans/factory/xml/spring-tool-2.0.xsd, http://www.springframework.org/schema/tx/spring-tx-2.0.xsd=org/springframework/transaction/config/spring-tx-2.0.xsd, http://www.springframework.org/schema/tool/spring-tool-2.5.xsd=org/springframework/beans/factory/xml/spring-tool-2.5.xsd, http://www.springframework.org/schema/tx/spring-tx-2.5.xsd=org/springframework/transaction/config/spring-tx-2.5.xsd, http://www.springframework.org/schema/beans/spring-beans-2.0.xsd=org/springframework/beans/factory/xml/spring-beans-2.0.xsd, http://www.springframework.org/schema/integration/mail/spring-integration-mail-1.0.xsd=org/springframework/integration/mail/config/spring-integration-mail-1.0.xsd, http://www.springframework.org/schema/jms/spring-jms.xsd=org/springframework/jms/config/spring-jms-2.5.xsd, http://www.springframework.org/schema/beans/spring-beans-2.5.xsd=org/springframework/beans/factory/xml/spring-beans-2.5.xsd, http://www.springframework.org/schema/beans/spring-beans.xsd=org/springframework/beans/factory/xml/spring-beans-2.5.xsd, http://www.springframework.org/schema/jee/spring-jee.xsd=org/springframework/ejb/config/spring-jee-2.5.xsd, http://www.springframework.org/schema/tool/spring-tool.xsd=org/springframework/beans/factory/xml/spring-tool-2.5.xsd, http://www.springframework.org/schema/tx/spring-tx.xsd=org/springframework/transaction/config/spring-tx-2.5.xsd, http://www.springframework.org/schema/jee/spring-jee-2.0.xsd=org/springframework/ejb/config/spring-jee-2.0.xsd, http://www.springframework.org/schema/aop/spring-aop-2.0.xsd=org/springframework/aop/config/spring-aop-2.0.xsd, http://www.springframework.org/schema/aop/spring-aop-2.5.xsd=org/springframework/aop/config/spring-aop-2.5.xsd, http://www.springframework.org/schema/jee/spring-jee-2.5.xsd=org/springframework/ejb/config/spring-jee-2.5.xsd, http://www.springframework.org/schema/lang/spring-lang-2.0.xsd=org/springframework/scripting/config/spring-lang-2.0.xsd, http://www.springframework.org/schema/util/spring-util.xsd=org/springframework/beans/factory/xml/spring-util-2.5.xsd, http://www.springframework.org/schema/integration/spring-integration-1.0.xsd=org/springframework/integration/config/xml/spring-integration-1.0.xsd}>
2012-02-01 15:22:27,914 DEBUG [org.springframework.beans.factory.xml.PluggableSchemaResolver] - <Found XML schema [http://www.springframework.org/schema/beans/spring-beans-2.5.xsd] in classpath: org/springframework/beans/factory/xml/spring-beans-2.5.xsd>
2012-02-01 15:22:28,039 DEBUG [org.springframework.beans.factory.xml.PluggableSchemaResolver] - <Trying to resolve XML entity with public id [null] and system id [http://www.springframework.org/schema/lang/spring-lang-2.5.xsd]>
2012-02-01 15:22:28,039 DEBUG [org.springframework.beans.factory.xml.PluggableSchemaResolver] - <Found XML schema [http://www.springframework.org/schema/lang/spring-lang-2.5.xsd] in classpath: org/springframework/scripting/config/spring-lang-2.5.xsd>
2012-02-01 15:22:28,055 DEBUG [org.springframework.beans.factory.xml.DefaultBeanDefinitionDocumentReader] - <Loading bean definitions>
2012-02-01 15:22:28,086 INFO [org.springframework.beans.factory.xml.XmlBeanDefinitionReader] - <Loading XML bean definitions from class path resource [config.xml]>
2012-02-01 15:22:28,086 DEBUG [org.springframework.beans.factory.xml.DefaultDocumentLoader] - <Using JAXP provider [org.apache.xerces.jaxp.DocumentBuilderFactoryImpl]>
2012-02-01 15:22:28,086 DEBUG [org.springframework.beans.factory.xml.PluggableSchemaResolver] - <Trying to resolve XML entity with public id [null] and system id [http://www.springframework.org/schema/beans/spring-beans-2.5.xsd]>
2012-02-01 15:22:28,086 DEBUG [org.springframework.beans.factory.xml.PluggableSchemaResolver] - <Found XML schema [http://www.springframework.org/schema/beans/spring-beans-2.5.xsd] in classpath: org/springframework/beans/factory/xml/spring-beans-2.5.xsd>
2012-02-01 15:22:28,117 DEBUG [org.springframework.beans.factory.xml.PluggableSchemaResolver] - <Trying to resolve XML entity with public id [null] and system id [http://www.springframework.org/schema/util/spring-util-2.5.xsd]>
2012-02-01 15:22:28,117 DEBUG [org.springframework.beans.factory.xml.PluggableSchemaResolver] - <Found XML schema [http://www.springframework.org/schema/util/spring-util-2.5.xsd] in classpath: org/springframework/beans/factory/xml/spring-util-2.5.xsd>
2012-02-01 15:22:28,117 DEBUG [org.springframework.beans.factory.xml.DefaultBeanDefinitionDocumentReader] - <Loading bean definitions>
2012-02-01 15:22:28,133 DEBUG [org.springframework.beans.factory.xml.BeanDefinitionParserDelegate] - <Neither XML 'id' nor 'name' specified - using generated bean name [org.gosh.validation.general.deduplication.FieldWeighting#c52af8]>
2012-02-01 15:22:28,133 DEBUG [org.springframework.beans.factory.xml.BeanDefinitionParserDelegate] - <Neither XML 'id' nor 'name' specified - using generated bean name [org.gosh.validation.general.deduplication.FieldWeighting#882100]>
2012-02-01 15:22:28,133 DEBUG [org.springframework.beans.factory.xml.BeanDefinitionParserDelegate] - <Neither XML 'id' nor 'name' specified - using generated bean name [org.gosh.validation.general.deduplication.FieldWeighting#12eb04e]>
2012-02-01 15:22:28,133 DEBUG [org.springframework.beans.factory.xml.BeanDefinitionParserDelegate] - <Neither XML 'id' nor 'name' specified - using generated bean name [org.gosh.validation.general.deduplication.FieldWeighting#38ddcc]>
2012-02-01 15:22:28,133 DEBUG [org.springframework.beans.factory.xml.BeanDefinitionParserDelegate] - <Neither XML 'id' nor 'name' specified - using generated bean name [org.gosh.validation.general.deduplication.FieldWeighting#169a11f]>
2012-02-01 15:22:28,149 DEBUG [org.springframework.beans.factory.xml.BeanDefinitionParserDelegate] - <Neither XML 'id' nor 'name' specified - using generated bean name [org.gosh.validation.general.deduplication.FieldWeighting#1d1011a]>
2012-02-01 15:22:28,149 DEBUG [org.springframework.beans.factory.xml.BeanDefinitionParserDelegate] - <Neither XML 'id' nor 'name' specified - using generated bean name [org.gosh.validation.general.deduplication.FieldWeighting#9f5b19]>
2012-02-01 15:22:28,149 DEBUG [org.springframework.beans.factory.xml.BeanDefinitionParserDelegate] - <Neither XML 'id' nor 'name' specified - using generated bean name [org.gosh.validation.general.deduplication.FieldWeighting#15df3f]>
2012-02-01 15:22:28,149 DEBUG [org.springframework.beans.factory.xml.BeanDefinitionParserDelegate] - <Neither XML 'id' nor 'name' specified - using generated bean name [org.gosh.validation.general.deduplication.FieldWeighting#1f3b8bc]>
2012-02-01 15:22:28,149 DEBUG [org.springframework.beans.factory.xml.BeanDefinitionParserDelegate] - <Neither XML 'id' nor 'name' specified - using generated bean name [org.gosh.validation.general.deduplication.FieldWeighting#1e54e00]>
2012-02-01 15:22:28,149 DEBUG [org.springframework.beans.factory.xml.BeanDefinitionParserDelegate] - <Neither XML 'id' nor 'name' specified - using generated bean name [org.gosh.validation.general.deduplication.FieldWeighting#1641957]>
2012-02-01 15:22:28,149 DEBUG [org.springframework.beans.factory.xml.BeanDefinitionParserDelegate] - <Neither XML 'id' nor 'name' specified - using generated bean name [org.gosh.validation.general.deduplication.FieldWeighting#bbaccd]>
2012-02-01 15:22:28,149 DEBUG [org.springframework.beans.factory.xml.DefaultNamespaceHandlerResolver] - <Loaded mappings [{http://www.springframework.org/schema/p=org.springframework.beans.factory.xml.SimplePropertyNamespaceHandler, http://www.springframework.org/schema/util=org.springframework.beans.factory.xml.UtilNamespaceHandler, http://www.springframework.org/schema/jee=org.springframework.ejb.config.JeeNamespaceHandler, http://www.springframework.org/schema/aop=org.springframework.aop.config.AopNamespaceHandler, http://www.springframework.org/schema/integration/xml=org.springframework.integration.xml.config.IntegrationXmlNamespaceHandler, http://www.springframework.org/schema/tx=org.springframework.transaction.config.TxNamespaceHandler, http://www.springframework.org/schema/integration=org.springframework.integration.config.xml.IntegrationNamespaceHandler, http://www.springframework.org/schema/integration/file=org.springframework.integration.file.config.FileNamespaceHandler, http://www.springframework.org/schema/lang=org.springframework.scripting.config.LangNamespaceHandler, http://www.springframework.org/schema/jms=org.springframework.jms.config.JmsNamespaceHandler, http://www.springframework.org/schema/integration/mail=org.springframework.integration.mail.config.MailNamespaceHandler, http://www.springframework.org/schema/context=org.springframework.context.config.ContextNamespaceHandler}]>
2012-02-01 15:22:28,195 DEBUG [org.springframework.beans.factory.xml.BeanDefinitionParserDelegate] - <Neither XML 'id' nor 'name' specified - using generated bean name [org.springframework.beans.factory.config.PropertyPlaceholderConfigurer#0]>
2012-02-01 15:22:28,195 DEBUG [org.springframework.beans.factory.xml.DefaultBeanDefinitionDocumentReader] - <Imported 10 bean definitions from relative location [config.xml]>
2012-02-01 15:22:28,195 DEBUG [org.springframework.beans.factory.xml.BeanDefinitionParserDelegate] - <Neither XML 'id' nor 'name' specified - using generated bean name [org.gosh.validation.convertion.DatabaseBatchNumberGenerator#660b27]>
2012-02-01 15:22:28,195 DEBUG [org.springframework.beans.factory.xml.BeanDefinitionParserDelegate] - <Neither XML 'id' nor 'name' specified - using generated bean name [org.gosh.validation.webcash.LegacyDatabaseDAO#16655a7]>
2012-02-01 15:22:28,195 DEBUG [org.springframework.beans.factory.xml.BeanDefinitionParserDelegate] - <Neither XML 'id' nor 'name' specified - using generated bean name [org.gosh.validation.convertion.DatabaseBatchNumberGenerator#1814dd0]>
2012-02-01 15:22:28,195 DEBUG [org.springframework.beans.factory.xml.BeanDefinitionParserDelegate] - <Neither XML 'id' nor 'name' specified - using generated bean name [org.gosh.validation.general.deduplication.ExtendedDatasetDAO#1bb02e]>
2012-02-01 15:22:28,227 DEBUG [org.springframework.beans.factory.xml.XmlBeanDefinitionReader] - <Loaded 49 bean definitions from location pattern [classpath:beans.xml]>
2012-02-01 15:22:28,227 INFO [org.springframework.context.support.GenericApplicationContext] - <Refreshing org.springframework.context.support.GenericApplicationContext@b19f4e: display name [org.springframework.context.support.GenericApplicationContext@b19f4e]; startup date [Wed Feb 01 15:22:28 GMT 2012]; root of context hierarchy>
2012-02-01 15:22:28,227 INFO [org.springframework.context.support.GenericApplicationContext] - <Bean factory for application context [org.springframework.context.support.GenericApplicationContext@b19f4e]: org.springframework.beans.factory.support.DefaultListableBeanFactory@1792d2c>
2012-02-01 15:22:28,227 DEBUG [org.springframework.context.support.GenericApplicationContext] - <49 beans defined in org.springframework.context.support.GenericApplicationContext@b19f4e: display name [org.springframework.context.support.GenericApplicationContext@b19f4e]; startup date [Wed Feb 01 15:22:28 GMT 2012]; root of context hierarchy>
2012-02-01 15:22:28,274 DEBUG [org.springframework.beans.factory.support.DefaultListableBeanFactory] - <Creating shared instance of singleton bean 'org.springframework.beans.factory.config.PropertyPlaceholderConfigurer#0'>
2012-02-01 15:22:28,274 DEBUG [org.springframework.beans.factory.support.DefaultListableBeanFactory] - <Creating instance of bean 'org.springframework.beans.factory.config.PropertyPlaceholderConfigurer#0'>
2012-02-01 15:22:28,320 DEBUG [org.springframework.beans.factory.support.DefaultListableBeanFactory] - <Eagerly caching bean 'org.springframework.beans.factory.config.PropertyPlaceholderConfigurer#0' to allow for resolving potential circular references>
2012-02-01 15:22:28,320 DEBUG [org.springframework.beans.CachedIntrospectionResults] - <Getting BeanInfo for class [org.springframework.beans.factory.config.PropertyPlaceholderConfigurer]>
2012-02-01 15:22:28,336 DEBUG [org.springframework.beans.CachedIntrospectionResults] - <Caching PropertyDescriptors for class [org.springframework.beans.factory.config.PropertyPlaceholderConfigurer]>
2012-02-01 15:22:28,336 DEBUG [org.springframework.beans.CachedIntrospectionResults] - <Found bean property 'beanFactory' of type [org.springframework.beans.factory.BeanFactory]>
2012-02-01 15:22:28,336 DEBUG [org.springframework.beans.CachedIntrospectionResults] - <Found bean property 'beanName' of type [java.lang.String]>
2012-02-01 15:22:28,336 DEBUG [org.springframework.beans.CachedIntrospectionResults] - <Found bean property 'class' of type [java.lang.Class]>
2012-02-01 15:22:28,336 DEBUG [org.springframework.beans.CachedIntrospectionResults] - <Found bean property 'fileEncoding' of type [java.lang.String]>
2012-02-01 15:22:28,336 DEBUG [org.springframework.beans.CachedIntrospectionResults] - <Found bean property 'ignoreResourceNotFound' of type [boolean]>
2012-02-01 15:22:28,336 DEBUG [org.springframework.beans.CachedIntrospectionResults] - <Found bean property 'ignoreUnresolvablePlaceholders' of type [boolean]>
2012-02-01 15:22:28,336 DEBUG [org.springframework.beans.CachedIntrospectionResults] - <Found bean property 'localOverride' of type [boolean]>
2012-02-01 15:22:28,336 DEBUG [org.springframework.beans.CachedIntrospectionResults] - <Found bean property 'location' of type [org.springframework.core.io.Resource]>
2012-02-01 15:22:28,336 DEBUG [org.springframework.beans.CachedIntrospectionResults] - <Found bean property 'locations' of type [[Lorg.springframework.core.io.Resource;]>
2012-02-01 15:22:28,336 DEBUG [org.springframework.beans.CachedIntrospectionResults] - <Found bean property 'nullValue' of type [java.lang.String]>
2012-02-01 15:22:28,336 DEBUG [org.springframework.beans.CachedIntrospectionResults] - <Found bean property 'order' of type [int]>
2012-02-01 15:22:28,336 DEBUG [org.springframework.beans.CachedIntrospectionResults] - <Found bean property 'placeholderPrefix' of type [java.lang.String]>
2012-02-01 15:22:28,336 DEBUG [org.springframework.beans.CachedIntrospectionResults] - <Found bean property 'placeholderSuffix' of type [java.lang.String]>
2012-02-01 15:22:28,336 DEBUG [org.springframework.beans.CachedIntrospectionResults] - <Found bean property 'properties' of type [java.util.Properties]>
2012-02-01 15:22:28,336 DEBUG [org.springframework.beans.CachedIntrospectionResults] - <Found bean property 'propertiesArray' of type [[Ljava.util.Properties;]>
2012-02-01 15:22:28,336 DEBUG [org.springframework.beans.CachedIntrospectionResults] - <Found bean property 'propertiesPersister' of type [org.springframework.util.PropertiesPersister]>
2012-02-01 15:22:28,336 DEBUG [org.springframework.beans.CachedIntrospectionResults] - <Found bean property 'searchSystemEnvironment' of type [boolean]>
2012-02-01 15:22:28,336 DEBUG [org.springframework.beans.CachedIntrospectionResults] - <Found bean property 'systemPropertiesMode' of type [int]>
2012-02-01 15:22:28,336 DEBUG [org.springframework.beans.CachedIntrospectionResults] - <Found bean property 'systemPropertiesModeName' of type [java.lang.String]>
2012-02-01 15:22:28,352 DEBUG [org.springframework.beans.factory.support.DefaultListableBeanFactory] - <Creating shared instance of singleton bean 'properties'>
2012-02-01 15:22:28,352 DEBUG [org.springframework.beans.factory.support.DefaultListableBeanFactory] - <Creating instance of bean 'properties'>
2012-02-01 15:22:28,352 DEBUG [org.springframework.beans.factory.support.DefaultListableBeanFactory] - <Eagerly caching bean 'properties' to allow for resolving potential circular references>
2012-02-01 15:22:28,352 DEBUG [org.springframework.beans.CachedIntrospectionResults] - <Getting BeanInfo for class [org.springframework.beans.factory.config.PropertiesFactoryBean]>
2012-02-01 15:22:28,367 DEBUG [org.springframework.beans.CachedIntrospectionResults] - <Caching PropertyDescriptors for class [org.springframework.beans.factory.config.PropertiesFactoryBean]>
2012-02-01 15:22:28,367 DEBUG [org.springframework.beans.CachedIntrospectionResults] - <Found bean property 'class' of type [java.lang.Class]>
2012-02-01 15:22:28,367 DEBUG [org.springframework.beans.CachedIntrospectionResults] - <Found bean property 'fileEncoding' of type [java.lang.String]>
2012-02-01 15:22:28,367 DEBUG [org.springframework.beans.CachedIntrospectionResults] - <Found bean property 'ignoreResourceNotFound' of type [boolean]>
2012-02-01 15:22:28,367 DEBUG [org.springframework.beans.CachedIntrospectionResults] - <Found bean property 'localOverride' of type [boolean]>
2012-02-01 15:22:28,367 DEBUG [org.springframework.beans.CachedIntrospectionResults] - <Found bean property 'location' of type [org.springframework.core.io.Resource]>
2012-02-01 15:22:28,367 DEBUG [org.springframework.beans.CachedIntrospectionResults] - <Found bean property 'locations' of type [[Lorg.springframework.core.io.Resource;]>
2012-02-01 15:22:28,367 DEBUG [org.springframework.beans.CachedIntrospectionResults] - <Found bean property 'object' of type [java.lang.Object]>
2012-02-01 15:22:28,367 DEBUG [org.springframework.beans.CachedIntrospectionResults] - <Found bean property 'objectType' of type [java.lang.Class]>
2012-02-01 15:22:28,367 DEBUG [org.springframework.beans.CachedIntrospectionResults] - <Found bean property 'properties' of type [java.util.Properties]>
2012-02-01 15:22:28,367 DEBUG [org.springframework.beans.CachedIntrospectionResults] - <Found bean property 'propertiesArray' of type [[Ljava.util.Properties;]>
2012-02-01 15:22:28,367 DEBUG [org.springframework.beans.CachedIntrospectionResults] - <Found bean property 'propertiesPersister' of type [org.springframework.util.PropertiesPersister]>
2012-02-01 15:22:28,367 DEBUG [org.springframework.beans.CachedIntrospectionResults] - <Found bean property 'singleton' of type [boolean]>
2012-02-01 15:22:28,367 DEBUG [org.springframework.beans.TypeConverterDelegate] - <Converting String to [interface org.springframework.core.io.Resource] using property editor [org.springframework.core.io.ResourceEditor@f946f9]>
2012-02-01 15:22:28,367 DEBUG [org.springframework.beans.factory.support.DefaultListableBeanFactory] - <Invoking afterPropertiesSet() on bean with name 'properties'>
2012-02-01 15:22:28,367 INFO [org.springframework.beans.factory.config.PropertiesFactoryBean] - <Loading properties file from class path resource [org/gosh/validation/application/test.properties]>
2012-02-01 15:22:28,367 DEBUG [org.springframework.beans.factory.support.DefaultListableBeanFactory] - <Finished creating instance of bean 'properties'>
2012-02-01 15:22:28,367 DEBUG [org.springframework.beans.factory.support.DefaultListableBeanFactory] - <Finished creating instance of bean 'org.springframework.beans.factory.config.PropertyPlaceholderConfigurer#0'>
2012-02-01 15:22:28,367 DEBUG [org.springframework.beans.factory.config.PropertyPlaceholderConfigurer] - <Resolved placeholder 'reDataSource.dbname'>
2012-02-01 15:22:28,367 DEBUG [org.springframework.beans.factory.config.PropertyPlaceholderConfigurer] - <Resolved placeholder 'reDataSource.svrname'>
2012-02-01 15:22:28,367 DEBUG [org.springframework.beans.factory.config.PropertyPlaceholderConfigurer] - <Resolved placeholder 'reDataSource.port'>
2012-02-01 15:22:28,367 DEBUG [org.springframework.beans.factory.config.PropertyPlaceholderConfigurer] - <Resolved placeholder 'reDataSource.username'>
2012-02-01 15:22:28,367 DEBUG [org.springframework.beans.factory.config.PropertyPlaceholderConfigurer] - <Resolved placeholder 'reDataSource.password'>
2012-02-01 15:22:28,367 DEBUG [org.springframework.beans.factory.config.PropertyPlaceholderConfigurer] - <Resolved placeholder 'legacyDataSource.dbname'>
2012-02-01 15:22:28,367 DEBUG [org.springframework.beans.factory.config.PropertyPlaceholderConfigurer] - <Resolved placeholder 'legacyDataSource.svrname'>
2012-02-01 15:22:28,367 DEBUG [org.springframework.beans.factory.config.PropertyPlaceholderConfigurer] - <Resolved placeholder 'legacyDataSource.port'>
2012-02-01 15:22:28,367 DEBUG [org.springframework.beans.factory.config.PropertyPlaceholderConfigurer] - <Resolved placeholder 'legacyDataSource.username'>
2012-02-01 15:22:28,367 DEBUG [org.springframework.beans.factory.config.PropertyPlaceholderConfigurer] - <Resolved placeholder 'legacyDataSource.password'>
2012-02-01 15:22:28,367 DEBUG [org.springframework.beans.factory.config.PropertyPlaceholderConfigurer] - <Resolved placeholder 'webDonationsLegacyDataSource.dbname'>
2012-02-01 15:22:28,367 DEBUG [org.springframework.beans.factory.config.PropertyPlaceholderConfigurer] - <Resolved placeholder 'webDonationsLegacyDataSource.svrname'>
2012-02-01 15:22:28,367 DEBUG [org.springframework.beans.factory.config.PropertyPlaceholderConfigurer] - <Resolved placeholder 'webDonationsLegacyDataSource.port'>
2012-02-01 15:22:28,367 DEBUG [org.springframework.beans.factory.config.PropertyPlaceholderConfigurer] - <Resolved placeholder 'webDonationsLegacyDataSource.username'>
2012-02-01 15:22:28,367 DEBUG [org.springframework.beans.factory.config.PropertyPlaceholderConfigurer] - <Resolved placeholder 'webDonationsLegacyDataSource.password'>
2012-02-01 15:22:28,367 DEBUG [org.springframework.beans.factory.config.PropertyPlaceholderConfigurer] - <Resolved placeholder 'supplierBatchNumberLog.table'>
2012-02-01 15:22:28,383 DEBUG [org.springframework.beans.factory.support.DefaultListableBeanFactory] - <Creating shared instance of singleton bean 'org.springframework.scripting.config.scriptFactoryPostProcessor'>
2012-02-01 15:22:28,383 DEBUG [org.springframework.beans.factory.support.DefaultListableBeanFactory] - <Creating instance of bean 'org.springframework.scripting.config.scriptFactoryPostProcessor'>
2012-02-01 15:22:28,383 DEBUG [org.springframework.core.CollectionFactory] - <Creating [java.util.concurrent.ConcurrentHashMap]>
2012-02-01 15:22:28,383 DEBUG [org.springframework.core.CollectionFactory] - <Creating [java.util.concurrent.ConcurrentHashMap]>
2012-02-01 15:22:28,383 DEBUG [org.springframework.core.CollectionFactory] - <Creating [java.util.concurrent.ConcurrentHashMap]>
2012-02-01 15:22:28,383 DEBUG [org.springframework.core.CollectionFactory] - <Creating [java.util.concurrent.ConcurrentHashMap]>
2012-02-01 15:22:28,383 DEBUG [org.springframework.core.CollectionFactory] - <Creating [java.util.concurrent.ConcurrentHashMap]>
2012-02-01 15:22:28,383 DEBUG [org.springframework.core.CollectionFactory] - <Creating [java.util.concurrent.ConcurrentHashMap]>
2012-02-01 15:22:28,383 DEBUG [org.springframework.core.CollectionFactory] - <Creating [java.util.concurrent.ConcurrentHashMap]>
2012-02-01 15:22:28,383 DEBUG [org.springframework.core.CollectionFactory] - <Creating [java.util.concurrent.ConcurrentHashMap]>
2012-02-01 15:22:28,383 DEBUG [org.springframework.beans.factory.support.DefaultListableBeanFactory] - <Eagerly caching bean 'org.springframework.scripting.config.scriptFactoryPostProcessor' to allow for resolving potential circular references>
2012-02-01 15:22:28,383 DEBUG [org.springframework.beans.factory.support.DefaultListableBeanFactory] - <Finished creating instance of bean 'org.springframework.scripting.config.scriptFactoryPostProcessor'>
2012-02-01 15:22:28,383 DEBUG [org.springframework.context.support.GenericApplicationContext] - <Unable to locate MessageSource with name 'messageSource': using default [org.springframework.context.support.DelegatingMessageSource@b1a411]>
2012-02-01 15:22:28,383 DEBUG [org.springframework.context.support.GenericApplicationContext] - <Unable to locate ApplicationEventMulticaster with name 'applicationEventMulticaster': using default [org.springframework.context.event.SimpleApplicationEventMulticaster@1188439]>
2012-02-01 15:22:28,399 DEBUG [org.springframework.beans.factory.support.DefaultListableBeanFactory] - <Creating shared instance of singleton bean 'scriptFactory.adjustCafFileBatchNumbersTransformer'>
2012-02-01 15:22:28,399 DEBUG [org.springframework.beans.factory.support.DefaultListableBeanFactory] - <Creating instance of bean 'scriptFactory.adjustCafFileBatchNumbersTransformer'>
2012-02-01 15:22:28,414 DEBUG [org.springframework.beans.factory.support.DefaultListableBeanFactory] - <Ignoring constructor [public org.springframework.scripting.groovy.GroovyScriptFactory(java.lang.String,org.springframework.scripting.groovy.GroovyObjectCustomizer)] of bean 'scriptFactory.adjustCafFileBatchNumbersTransformer': org.springframework.beans.factory.UnsatisfiedDependencyException: Error creating bean with name 'scriptFactory.adjustCafFileBatchNumbersTransformer': Unsatisfied dependency expressed through constructor argument with index 1 of type [org.springframework.scripting.groovy.GroovyObjectCustomizer]: Ambiguous constructor argument types - did you specify the correct bean references as constructor arguments?>
2012-02-01 15:22:28,414 DEBUG [org.springframework.beans.factory.support.DefaultListableBeanFactory] - <Eagerly caching bean 'scriptFactory.adjustCafFileBatchNumbersTransformer' to allow for resolving potential circular references>
2012-02-01 15:22:28,414 DEBUG [org.springframework.beans.factory.support.DefaultListableBeanFactory] - <Finished creating instance of bean 'scriptFactory.adjustCafFileBatchNumbersTransformer'>
2012-02-01 15:22:28,414 DEBUG [org.springframework.beans.factory.support.DefaultListableBeanFactory] - <Returning cached instance of singleton bean 'scriptFactory.adjustCafFileBatchNumbersTransformer'>
2012-02-01 15:22:28,461 DEBUG [org.springframework.beans.factory.support.DefaultListableBeanFactory] - <Returning cached instance of singleton bean 'scriptFactory.adjustCafFileBatchNumbersTransformer'>
2012-02-01 15:22:28,461 INFO [org.springframework.beans.factory.support.DefaultListableBeanFactory] - <Pre-instantiating singletons in org.springframework.beans.factory.support.DefaultListableBeanFactory@1792d2c: defining beans [fuzzyLookupTransformer,weightedScoringMatcher,reCodeTableValidationTransformer,relationshipReciprocalGuessingTransformer,reDataSource,legacyDataSource,webDonationsLegacyDataSource,supplierBatchNumberLog,properties,org.springframework.beans.factory.config.PropertyPlaceholderConfigurer#0,fileFormatRouter,webGeneratedDDsTransformer,webDonationsAggregator,webCashFileReprocessingTransformer,weightedMatcherTransformer,existingDDsValidationTransformer,schemaValidationTransformer,unmarshallingTransformer,marshallingTransformer,bankValidationTransformer,bankXindiceDAO,reBatchNumberValidationTransformer,logBatchNumberValidationTransformer,batchLogWriterOutboundChannelAdapter,constituentIdValidationTransformer,miscValidationTransformer,theFourIdsValidationTransformer,tributeValidationTransformer,headerAdditionTransformer,dataCleanUpTransformer,genericBankTransformer,firstPaymentDateTransformer,phoneEmailValidationTransformer,fixedStringCorrelationSetter,bolajisAdditionsTransformer,org.springframework.scripting.config.scriptFactoryPostProcessor,adjustCafFileBatchNumbersTransformer,blankSurnameTransformer,tributeImportIdTransformer,ddUpgradeBankValidationTransformer,bankUpgradeTransformer,giftReferenceNoRecogniserTransformer,bankWS,accountNumberWS,errorHeaderRouter,errorReporter,messageXmlTransformer,fundraiserEmailSplitter,outboundMailTransformer]; root of factory hierarchy>
2012-02-01 15:22:28,461 DEBUG [org.springframework.beans.factory.support.DefaultListableBeanFactory] - <Creating shared instance of singleton bean 'fuzzyLookupTransformer'>
2012-02-01 15:22:28,461 DEBUG [org.springframework.beans.factory.support.DefaultListableBeanFactory] - <Creating instance of bean 'fuzzyLookupTransformer'>
2012-02-01 15:22:28,477 DEBUG [org.springframework.beans.factory.support.DefaultListableBeanFactory] - <Eagerly caching bean 'fuzzyLookupTransformer' to allow for resolving potential circular references>
2012-02-01 15:22:28,477 DEBUG [org.springframework.beans.CachedIntrospectionResults] - <Getting BeanInfo for class [org.gosh.validation.general.deduplication.FuzzyLookupTransformer]>
2012-02-01 15:22:28,477 DEBUG [org.springframework.beans.CachedIntrospectionResults] - <Caching PropertyDescriptors for class [org.gosh.validation.general.deduplication.FuzzyLookupTransformer]>
2012-02-01 15:22:28,477 DEBUG [org.springframework.beans.CachedIntrospectionResults] - <Found bean property 'class' of type [java.lang.Class]>
2012-02-01 15:22:28,477 DEBUG [org.springframework.beans.CachedIntrospectionResults] - <Found bean property 'dataSource' of type [javax.sql.DataSource]>
2012-02-01 15:22:28,477 DEBUG [org.springframework.beans.CachedIntrospectionResults] - <Found bean property 'fuzzymatchiness' of type [java.lang.String]>
2012-02-01 15:22:28,477 DEBUG [org.springframework.beans.CachedIntrospectionResults] - <Found bean property 'reporter' of type [org.gosh.validation.general.error.Reporter]>
2012-02-01 15:22:28,477 DEBUG [org.springframework.beans.factory.support.DefaultListableBeanFactory] - <Returning cached instance of singleton bean 'scriptFactory.adjustCafFileBatchNumbersTransformer'>
2012-02-01 15:22:28,477 DEBUG [org.springframework.beans.factory.support.DefaultListableBeanFactory] - <Returning cached instance of singleton bean 'scriptFactory.adjustCafFileBatchNumbersTransformer'>
2012-02-01 15:22:28,477 DEBUG [org.springframework.beans.factory.support.DefaultListableBeanFactory] - <Creating shared instance of singleton bean 'reDataSource'>
2012-02-01 15:22:28,477 DEBUG [org.springframework.beans.factory.support.DefaultListableBeanFactory] - <Creating instance of bean 'reDataSource'>
2012-02-01 15:22:28,477 DEBUG [org.springframework.beans.factory.support.DefaultListableBeanFactory] - <Eagerly caching bean 'reDataSource' to allow for resolving potential circular references>
2012-02-01 15:22:28,477 DEBUG [org.springframework.beans.CachedIntrospectionResults] - <Getting BeanInfo for class [com.microsoft.sqlserver.jdbc.SQLServerDataSource]>
2012-02-01 15:22:28,492 DEBUG [org.springframework.beans.CachedIntrospectionResults] - <Caching PropertyDescriptors for class [com.microsoft.sqlserver.jdbc.SQLServerDataSource]>
2012-02-01 15:22:28,492 DEBUG [org.springframework.beans.CachedIntrospectionResults] - <Found bean property 'URL' of type [java.lang.String]>
2012-02-01 15:22:28,492 DEBUG [org.springframework.beans.CachedIntrospectionResults] - <Found bean property 'applicationName' of type [java.lang.String]>
2012-02-01 15:22:28,492 DEBUG [org.springframework.beans.CachedIntrospectionResults] - <Found bean property 'class' of type [java.lang.Class]>
2012-02-01 15:22:28,492 DEBUG [org.springframework.beans.CachedIntrospectionResults] - <Found bean property 'connection' of type [java.sql.Connection]>
2012-02-01 15:22:28,492 DEBUG [org.springframework.beans.CachedIntrospectionResults] - <Found bean property 'databaseName' of type [java.lang.String]>
2012-02-01 15:22:28,492 DEBUG [org.springframework.beans.CachedIntrospectionResults] - <Found bean property 'description' of type [java.lang.String]>
2012-02-01 15:22:28,492 DEBUG [org.springframework.beans.CachedIntrospectionResults] - <Found bean property 'encrypt' of type [boolean]>
2012-02-01 15:22:28,492 DEBUG [org.springframework.beans.CachedIntrospectionResults] - <Found bean property 'failoverPartner' of type [java.lang.String]>
2012-02-01 15:22:28,492 DEBUG [org.springframework.beans.CachedIntrospectionResults] - <Found bean property 'hostNameInCertificate' of type [java.lang.String]>
2012-02-01 15:22:28,492 DEBUG [org.springframework.beans.CachedIntrospectionResults] - <Found bean property 'instanceName' of type [java.lang.String]>
2012-02-01 15:22:28,492 DEBUG [org.springframework.beans.CachedIntrospectionResults] - <Found bean property 'integratedSecurity' of type [boolean]>
2012-02-01 15:22:28,492 DEBUG [org.springframework.beans.CachedIntrospectionResults] - <Found bean property 'lastUpdateCount' of type [boolean]>
2012-02-01 15:22:28,492 DEBUG [org.springframework.beans.CachedIntrospectionResults] - <Found bean property 'lockTimeout' of type [int]>
2012-02-01 15:22:28,492 DEBUG [org.springframework.beans.CachedIntrospectionResults] - <Found bean property 'logWriter' of type [java.io.PrintWriter]>
2012-02-01 15:22:28,492 DEBUG [org.springframework.beans.CachedIntrospectionResults] - <Found bean property 'loginTimeout' of type [int]>
2012-02-01 15:22:28,492 DEBUG [org.springframework.beans.CachedIntrospectionResults] - <Found bean property 'packetSize' of type [int]>
2012-02-01 15:22:28,492 DEBUG [org.springframework.beans.CachedIntrospectionResults] - <Found bean property 'password' of type [java.lang.String]>
2012-02-01 15:22:28,492 DEBUG [org.springframework.beans.CachedIntrospectionResults] - <Found bean property 'portNumber' of type [int]>
2012-02-01 15:22:28,492 DEBUG [org.springframework.beans.CachedIntrospectionResults] - <Found bean property 'reference' of type [javax.naming.Reference]>
2012-02-01 15:22:28,492 DEBUG [org.springframework.beans.CachedIntrospectionResults] - <Found bean property 'responseBuffering' of type [java.lang.String]>
2012-02-01 15:22:28,492 DEBUG [org.springframework.beans.CachedIntrospectionResults] - <Found bean property 'selectMethod' of type [java.lang.String]>
2012-02-01 15:22:28,492 DEBUG [org.springframework.beans.CachedIntrospectionResults] - <Found bean property 'sendStringParametersAsUnicode' of type [boolean]>
2012-02-01 15:22:28,492 DEBUG [org.springframework.beans.CachedIntrospectionResults] - <Found bean property 'serverName' of type [java.lang.String]>
2012-02-01 15:22:28,492 DEBUG [org.springframework.beans.CachedIntrospectionResults] - <Found bean property 'trustServerCertificate' of type [boolean]>
2012-02-01 15:22:28,492 DEBUG [org.springframework.beans.CachedIntrospectionResults] - <Found bean property 'trustStore' of type [java.lang.String]>
2012-02-01 15:22:28,492 DEBUG [org.springframework.beans.CachedIntrospectionResults] - <Found bean property 'trustStorePassword' of type [java.lang.String]>
2012-02-01 15:22:28,492 DEBUG [org.springframework.beans.CachedIntrospectionResults] - <Found bean property 'user' of type [java.lang.String]>
2012-02-01 15:22:28,492 DEBUG [org.springframework.beans.CachedIntrospectionResults] - <Found bean property 'workstationID' of type [java.lang.String]>
2012-02-01 15:22:28,492 DEBUG [org.springframework.beans.CachedIntrospectionResults] - <Found bean property 'xopenStates' of type [boolean]>
2012-02-01 15:22:28,492 DEBUG [org.springframework.beans.factory.support.DefaultListableBeanFactory] - <Returning cached instance of singleton bean 'scriptFactory.adjustCafFileBatchNumbersTransformer'>
2012-02-01 15:22:28,492 DEBUG [org.springframework.beans.factory.support.DefaultListableBeanFactory] - <Returning cached instance of singleton bean 'scriptFactory.adjustCafFileBatchNumbersTransformer'>
2012-02-01 15:22:28,508 DEBUG [org.springframework.beans.TypeConverterDelegate] - <Converting String to [int] using property editor [org.springframework.beans.propertyeditors.CustomNumberEditor@1fa19ca]>
2012-02-01 15:22:28,508 DEBUG [org.springframework.beans.factory.support.DefaultListableBeanFactory] - <Finished creating instance of bean 'reDataSource'>
2012-02-01 15:22:28,508 DEBUG [org.springframework.beans.factory.support.DefaultListableBeanFactory] - <Autowiring by type from bean name 'fuzzyLookupTransformer' via property 'dataSource' to bean named 'reDataSource'>
2012-02-01 15:22:28,508 DEBUG [org.springframework.beans.factory.support.DefaultListableBeanFactory] - <Returning cached instance of singleton bean 'scriptFactory.adjustCafFileBatchNumbersTransformer'>
2012-02-01 15:22:28,508 DEBUG [org.springframework.beans.factory.support.DefaultListableBeanFactory] - <Returning cached instance of singleton bean 'scriptFactory.adjustCafFileBatchNumbersTransformer'>
2012-02-01 15:22:28,508 DEBUG [org.springframework.beans.factory.support.DefaultListableBeanFactory] - <Creating shared instance of singleton bean 'errorReporter'>
2012-02-01 15:22:28,508 DEBUG [org.springframework.beans.factory.support.DefaultListableBeanFactory] - <Creating instance of bean 'errorReporter'>
2012-02-01 15:22:28,508 DEBUG [org.springframework.beans.factory.support.DefaultListableBeanFactory] - <Eagerly caching bean 'errorReporter' to allow for resolving potential circular references>
2012-02-01 15:22:28,508 DEBUG [org.springframework.beans.CachedIntrospectionResults] - <Getting BeanInfo for class [org.gosh.validation.general.error.ErrorReporter]>
2012-02-01 15:22:28,524 DEBUG [org.springframework.beans.CachedIntrospectionResults] - <Caching PropertyDescriptors for class [org.gosh.validation.general.error.ErrorReporter]>
2012-02-01 15:22:28,524 DEBUG [org.springframework.beans.CachedIntrospectionResults] - <Found bean property 'class' of type [java.lang.Class]>
2012-02-01 15:22:28,524 DEBUG [org.springframework.beans.factory.support.DefaultListableBeanFactory] - <Finished creating instance of bean 'errorReporter'>
2012-02-01 15:22:28,524 DEBUG [org.springframework.beans.factory.support.DefaultListableBeanFactory] - <Autowiring by type from bean name 'fuzzyLookupTransformer' via property 'reporter' to bean named 'errorReporter'>
2012-02-01 15:22:28,524 DEBUG [org.springframework.beans.factory.support.DefaultListableBeanFactory] - <Finished creating instance of bean 'fuzzyLookupTransformer'>
2012-02-01 15:22:28,524 DEBUG [org.springframework.beans.factory.support.DefaultListableBeanFactory] - <Creating shared instance of singleton bean 'weightedScoringMatcher'>
2012-02-01 15:22:28,524 DEBUG [org.springframework.beans.factory.support.DefaultListableBeanFactory] - <Creating instance of bean 'weightedScoringMatcher'>
2012-02-01 15:22:28,524 DEBUG [org.springframework.beans.factory.support.DefaultListableBeanFactory] - <Eagerly caching bean 'weightedScoringMatcher' to allow for resolving potential circular references>
2012-02-01 15:22:28,524 DEBUG [org.springframework.beans.CachedIntrospectionResults] - <Getting BeanInfo for class [org.gosh.validation.general.deduplication.WeightedScoringMatcher]>
2012-02-01 15:22:28,524 DEBUG [org.springframework.beans.CachedIntrospectionResults] - <Caching PropertyDescriptors for class [org.gosh.validation.general.deduplication.WeightedScoringMatcher]>
2012-02-01 15:22:28,524 DEBUG [org.springframework.beans.CachedIntrospectionResults] - <Found bean property 'class' of type [java.lang.Class]>
2012-02-01 15:22:28,524 DEBUG [org.springframework.beans.CachedIntrospectionResults] - <Found bean property 'fieldWeightings' of type [java.util.List]>
2012-02-01 15:22:28,524 DEBUG [org.springframework.beans.CachedIntrospectionResults] - <Found bean property 'threshold' of type [int]>
2012-02-01 15:22:28,524 DEBUG [org.springframework.beans.TypeConverterDelegate] - <Converting String to [int] using property editor [org.springframework.beans.propertyeditors.CustomNumberEditor@699df5]>
2012-02-01 15:22:28,524 DEBUG [org.springframework.beans.factory.support.DefaultListableBeanFactory] - <Creating instance of bean 'org.gosh.validation.general.deduplication.FieldWeighting#c52af8'>
2012-02-01 15:22:28,524 DEBUG [org.springframework.beans.CachedIntrospectionResults] - <Getting BeanInfo for class [org.gosh.validation.general.deduplication.FieldWeighting]>
2012-02-01 15:22:28,524 DEBUG [org.springframework.beans.CachedIntrospectionResults] - <Caching PropertyDescriptors for class [org.gosh.validation.general.deduplication.FieldWeighting]>
2012-02-01 15:22:28,524 DEBUG [org.springframework.beans.CachedIntrospectionResults] - <Found bean property 'class' of type [java.lang.Class]>
2012-02-01 15:22:28,524 DEBUG [org.springframework.beans.CachedIntrospectionResults] - <Found bean property 'fieldToCompareTo' of type [java.lang.String]>
2012-02-01 15:22:28,524 DEBUG [org.springframework.beans.CachedIntrospectionResults] - <Found bean property 'schemaLocation' of type [java.lang.String]>
2012-02-01 15:22:28,524 DEBUG [org.springframework.beans.CachedIntrospectionResults] - <Found bean property 'shortMatchWeight' of type [int]>
2012-02-01 15:22:28,524 DEBUG [org.springframework.beans.CachedIntrospectionResults] - <Found bean property 'weight' of type [int]>
2012-02-01 15:22:28,524 DEBUG [org.springframework.beans.TypeConverterDelegate] - <Converting String to [int] using property editor [org.springframework.beans.propertyeditors.CustomNumberEditor@1409c28]>
2012-02-01 15:22:28,524 DEBUG [org.springframework.beans.factory.support.DefaultListableBeanFactory] - <Finished creating instance of bean 'org.gosh.validation.general.deduplication.FieldWeighting#c52af8'>
2012-02-01 15:22:28,524 DEBUG [org.springframework.beans.factory.support.DefaultListableBeanFactory] - <Creating instance of bean 'org.gosh.validation.general.deduplication.FieldWeighting#882100'>
2012-02-01 15:22:28,524 DEBUG [org.springframework.beans.TypeConverterDelegate] - <Converting String to [int] using property editor [org.springframework.beans.propertyeditors.CustomNumberEditor@cc2061]>
2012-02-01 15:22:28,524 DEBUG [org.springframework.beans.TypeConverterDelegate] - <Converting String to [int] using property editor [org.springframework.beans.propertyeditors.CustomNumberEditor@cc2061]>
2012-02-01 15:22:28,524 DEBUG [org.springframework.beans.factory.support.DefaultListableBeanFactory] - <Finished creating instance of bean 'org.gosh.validation.general.deduplication.FieldWeighting#882100'>
2012-02-01 15:22:28,524 DEBUG [org.springframework.beans.factory.support.DefaultListableBeanFactory] - <Creating instance of bean 'org.gosh.validation.general.deduplication.FieldWeighting#12eb04e'>
2012-02-01 15:22:28,524 DEBUG [org.springframework.beans.TypeConverterDelegate] - <Converting String to [int] using property editor [org.springframework.beans.propertyeditors.CustomNumberEditor@161eccb]>
2012-02-01 15:22:28,524 DEBUG [org.springframework.beans.factory.support.DefaultListableBeanFactory] - <Finished creating instance of bean 'org.gosh.validation.general.deduplication.FieldWeighting#12eb04e'>
2012-02-01 15:22:28,524 DEBUG [org.springframework.beans.factory.support.DefaultListableBeanFactory] - <Creating instance of bean 'org.gosh.validation.general.deduplication.FieldWeighting#38ddcc'>
2012-02-01 15:22:28,524 DEBUG [org.springframework.beans.TypeConverterDelegate] - <Converting String to [int] using property editor [org.springframework.beans.propertyeditors.CustomNumberEditor@13e9b]>
2012-02-01 15:22:28,524 DEBUG [org.springframework.beans.factory.support.DefaultListableBeanFactory] - <Finished creating instance of bean 'org.gosh.validation.general.deduplication.FieldWeighting#38ddcc'>
2012-02-01 15:22:28,524 DEBUG [org.springframework.beans.factory.support.DefaultListableBeanFactory] - <Creating instance of bean 'org.gosh.validation.general.deduplication.FieldWeighting#169a11f'>
2012-02-01 15:22:28,539 DEBUG [org.springframework.beans.TypeConverterDelegate] - <Converting String to [int] using property editor [org.springframework.beans.propertyeditors.CustomNumberEditor@1b5438d]>
2012-02-01 15:22:28,539 DEBUG [org.springframework.beans.factory.support.DefaultListableBeanFactory] - <Finished creating instance of bean 'org.gosh.validation.general.deduplication.FieldWeighting#169a11f'>
2012-02-01 15:22:28,539 DEBUG [org.springframework.beans.factory.support.DefaultListableBeanFactory] - <Creating instance of bean 'org.gosh.validation.general.deduplication.FieldWeighting#1d1011a'>
2012-02-01 15:22:28,539 DEBUG [org.springframework.beans.TypeConverterDelegate] - <Converting String to [int] using property editor [org.springframework.beans.propertyeditors.CustomNumberEditor@1661f7b]>
2012-02-01 15:22:28,539 DEBUG [org.springframework.beans.factory.support.DefaultListableBeanFactory] - <Finished creating instance of bean 'org.gosh.validation.general.deduplication.FieldWeighting#1d1011a'>
2012-02-01 15:22:28,539 DEBUG [org.springframework.beans.factory.support.DefaultListableBeanFactory] - <Creating instance of bean 'org.gosh.validation.general.deduplication.FieldWeighting#9f5b19'>
2012-02-01 15:22:28,539 DEBUG [org.springframework.beans.TypeConverterDelegate] - <Converting String to [int] using property editor [org.springframework.beans.propertyeditors.CustomNumberEditor@19cf00a]>
2012-02-01 15:22:28,539 DEBUG [org.springframework.beans.factory.support.DefaultListableBeanFactory] - <Finished creating instance of bean 'org.gosh.validation.general.deduplication.FieldWeighting#9f5b19'>
2012-02-01 15:22:28,539 DEBUG [org.springframework.beans.factory.support.DefaultListableBeanFactory] - <Creating instance of bean 'org.gosh.validation.general.deduplication.FieldWeighting#15df3f'>
2012-02-01 15:22:28,539 DEBUG [org.springframework.beans.TypeConverterDelegate] - <Converting String to [int] using property editor [org.springframework.beans.propertyeditors.CustomNumberEditor@5332ca]>
2012-02-01 15:22:28,539 DEBUG [org.springframework.beans.factory.support.DefaultListableBeanFactory] - <Finished creating instance of bean 'org.gosh.validation.general.deduplication.FieldWeighting#15df3f'>
2012-02-01 15:22:28,539 DEBUG [org.springframework.beans.factory.support.DefaultListableBeanFactory] - <Creating instance of bean 'org.gosh.validation.general.deduplication.FieldWeighting#1f3b8bc'>
2012-02-01 15:22:28,539 DEBUG [org.springframework.beans.TypeConverterDelegate] - <Converting String to [int] using property editor [org.springframework.beans.propertyeditors.CustomNumberEditor@2b7632]>
2012-02-01 15:22:28,539 DEBUG [org.springframework.beans.factory.support.DefaultListableBeanFactory] - <Finished creating instance of bean 'org.gosh.validation.general.deduplication.FieldWeighting#1f3b8bc'>
2012-02-01 15:22:28,539 DEBUG [org.springframework.beans.factory.support.DefaultListableBeanFactory] - <Creating instance of bean 'org.gosh.validation.general.deduplication.FieldWeighting#1e54e00'>
2012-02-01 15:22:28,539 DEBUG [org.springframework.beans.TypeConverterDelegate] - <Converting String to [int] using property editor [org.springframework.beans.propertyeditors.CustomNumberEditor@15cfef8]>
2012-02-01 15:22:28,539 DEBUG [org.springframework.beans.factory.support.DefaultListableBeanFactory] - <Finished creating instance of bean 'org.gosh.validation.general.deduplication.FieldWeighting#1e54e00'>
2012-02-01 15:22:28,539 DEBUG [org.springframework.beans.factory.support.DefaultListableBeanFactory] - <Creating instance of bean 'org.gosh.validation.general.deduplication.FieldWeighting#1641957'>
2012-02-01 15:22:28,539 DEBUG [org.springframework.beans.TypeConverterDelegate] - <Converting String to [int] using property editor [org.springframework.beans.propertyeditors.CustomNumberEditor@6755b6]>
2012-02-01 15:22:28,539 DEBUG [org.springframework.beans.factory.support.DefaultListableBeanFactory] - <Finished creating instance of bean 'org.gosh.validation.general.deduplication.FieldWeighting#1641957'>
2012-02-01 15:22:28,539 DEBUG [org.springframework.beans.factory.support.DefaultListableBeanFactory] - <Creating instance of bean 'org.gosh.validation.general.deduplication.FieldWeighting#bbaccd'>
2012-02-01 15:22:28,539 DEBUG [org.springframework.beans.TypeConverterDelegate] - <Converting String to [int] using property editor [org.springframework.beans.propertyeditors.CustomNumberEditor@16efb90]>
2012-02-01 15:22:28,539 DEBUG [org.springframework.beans.factory.support.DefaultListableBeanFactory] - <Finished creating instance of bean 'org.gosh.validation.general.deduplication.FieldWeighting#bbaccd'>
2012-02-01 15:22:28,539 DEBUG [org.springframework.beans.factory.support.DefaultListableBeanFactory] - <Finished creating instance of bean 'weightedScoringMatcher'>
2012-02-01 15:22:28,539 DEBUG [org.springframework.beans.factory.support.DefaultListableBeanFactory] - <Creating shared instance of singleton bean 'reCodeTableValidationTransformer'>
2012-02-01 15:22:28,539 DEBUG [org.springframework.beans.factory.support.DefaultListableBeanFactory] - <Creating instance of bean 'reCodeTableValidationTransformer'>
2012-02-01 15:22:28,539 DEBUG [org.springframework.beans.factory.support.DefaultListableBeanFactory] - <Eagerly caching bean 'reCodeTableValidationTransformer' to allow for resolving potential circular references>
2012-02-01 15:22:28,539 DEBUG [org.springframework.beans.CachedIntrospectionResults] - <Getting BeanInfo for class [org.gosh.validation.general.businessrules.RECodeTableValidationTransformer]>
2012-02-01 15:22:28,539 DEBUG [org.springframework.beans.CachedIntrospectionResults] - <Caching PropertyDescriptors for class [org.gosh.validation.general.businessrules.RECodeTableValidationTransformer]>
2012-02-01 15:22:28,539 DEBUG [org.springframework.beans.CachedIntrospectionResults] - <Found bean property 'class' of type [java.lang.Class]>
2012-02-01 15:22:28,539 DEBUG [org.springframework.beans.CachedIntrospectionResults] - <Found bean property 'dataSource' of type [javax.sql.DataSource]>
2012-02-01 15:22:28,539 DEBUG [org.springframework.beans.CachedIntrospectionResults] - <Found bean property 'fieldNameToCodeMapping' of type [java.util.HashMap]>
2012-02-01 15:22:28,539 DEBUG [org.springframework.beans.CachedIntrospectionResults] - <Found bean property 'reporter' of type [org.gosh.validation.general.error.Reporter]>
2012-02-01 15:22:28,539 DEBUG [org.springframework.beans.factory.support.DefaultListableBeanFactory] - <Returning cached instance of singleton bean 'scriptFactory.adjustCafFileBatchNumbersTransformer'>
2012-02-01 15:22:28,555 DEBUG [org.springframework.beans.factory.support.DefaultListableBeanFactory] - <Returning cached instance of singleton bean 'scriptFactory.adjustCafFileBatchNumbersTransformer'>
2012-02-01 15:22:28,555 DEBUG [org.springframework.beans.factory.support.DefaultListableBeanFactory] - <Returning cached instance of singleton bean 'reDataSource'>
2012-02-01 15:22:28,555 DEBUG [org.springframework.beans.factory.support.DefaultListableBeanFactory] - <Autowiring by type from bean name 'reCodeTableValidationTransformer' via property 'dataSource' to bean named 'reDataSource'>
2012-02-01 15:22:28,555 DEBUG [org.springframework.beans.factory.support.DefaultListableBeanFactory] - <Returning cached instance of singleton bean 'scriptFactory.adjustCafFileBatchNumbersTransformer'>
2012-02-01 15:22:28,555 DEBUG [org.springframework.beans.factory.support.DefaultListableBeanFactory] - <Returning cached instance of singleton bean 'scriptFactory.adjustCafFileBatchNumbersTransformer'>
2012-02-01 15:22:28,555 DEBUG [org.springframework.beans.factory.support.DefaultListableBeanFactory] - <Returning cached instance of singleton bean 'errorReporter'>
2012-02-01 15:22:28,555 DEBUG [org.springframework.beans.factory.support.DefaultListableBeanFactory] - <Autowiring by type from bean name 'reCodeTableValidationTransformer' via property 'reporter' to bean named 'errorReporter'>
2012-02-01 15:22:28,555 DEBUG [org.springframework.beans.factory.support.DefaultListableBeanFactory] - <Finished creating instance of bean 'reCodeTableValidationTransformer'>
2012-02-01 15:22:28,555 DEBUG [org.springframework.beans.factory.support.DefaultListableBeanFactory] - <Creating shared instance of singleton bean 'relationshipReciprocalGuessingTransformer'>
2012-02-01 15:22:28,555 DEBUG [org.springframework.beans.factory.support.DefaultListableBeanFactory] - <Creating instance of bean 'relationshipReciprocalGuessingTransformer'>
2012-02-01 15:22:28,555 DEBUG [org.springframework.beans.factory.support.DefaultListableBeanFactory] - <Eagerly caching bean 'relationshipReciprocalGuessingTransformer' to allow for resolving potential circular references>
2012-02-01 15:22:28,555 DEBUG [org.springframework.beans.CachedIntrospectionResults] - <Getting BeanInfo for class [org.gosh.validation.tributes.RelationshipReciprocalGuessingTransformer]>
2012-02-01 15:22:28,555 DEBUG [org.springframework.beans.CachedIntrospectionResults] - <Caching PropertyDescriptors for class [org.gosh.validation.tributes.RelationshipReciprocalGuessingTransformer]>
2012-02-01 15:22:28,555 DEBUG [org.springframework.beans.CachedIntrospectionResults] - <Found bean property 'class' of type [java.lang.Class]>
2012-02-01 15:22:28,555 DEBUG [org.springframework.beans.CachedIntrospectionResults] - <Found bean property 'relationshipToReciprocalMap' of type [java.util.Map]>
2012-02-01 15:22:28,555 DEBUG [org.springframework.beans.factory.support.DefaultListableBeanFactory] - <Finished creating instance of bean 'relationshipReciprocalGuessingTransformer'>
2012-02-01 15:22:28,555 DEBUG [org.springframework.beans.factory.support.DefaultListableBeanFactory] - <Returning cached instance of singleton bean 'reDataSource'>
2012-02-01 15:22:28,555 DEBUG [org.springframework.beans.factory.support.DefaultListableBeanFactory] - <Creating shared instance of singleton bean 'legacyDataSource'>
2012-02-01 15:22:28,555 DEBUG [org.springframework.beans.factory.support.DefaultListableBeanFactory] - <Creating instance of bean 'legacyDataSource'>
2012-02-01 15:22:28,555 DEBUG [org.springframework.beans.factory.support.DefaultListableBeanFactory] - <Eagerly caching bean 'legacyDataSource' to allow for resolving potential circular references>
2012-02-01 15:22:28,555 DEBUG [org.springframework.beans.factory.support.DefaultListableBeanFactory] - <Returning cached instance of singleton bean 'scriptFactory.adjustCafFileBatchNumbersTransformer'>
2012-02-01 15:22:28,555 DEBUG [org.springframework.beans.factory.support.DefaultListableBeanFactory] - <Returning cached instance of singleton bean 'scriptFactory.adjustCafFileBatchNumbersTransformer'>
2012-02-01 15:22:28,555 DEBUG [org.springframework.beans.TypeConverterDelegate] - <Converting String to [int] using property editor [org.springframework.beans.propertyeditors.CustomNumberEditor@7ca9bd]>
2012-02-01 15:22:28,555 DEBUG [org.springframework.beans.factory.support.DefaultListableBeanFactory] - <Finished creating instance of bean 'legacyDataSource'>
2012-02-01 15:22:28,555 DEBUG [org.springframework.beans.factory.support.DefaultListableBeanFactory] - <Creating shared instance of singleton bean 'webDonationsLegacyDataSource'>
2012-02-01 15:22:28,555 DEBUG [org.springframework.beans.factory.support.DefaultListableBeanFactory] - <Creating instance of bean 'webDonationsLegacyDataSource'>
2012-02-01 15:22:28,555 DEBUG [org.springframework.beans.factory.support.DefaultListableBeanFactory] - <Eagerly caching bean 'webDonationsLegacyDataSource' to allow for resolving potential circular references>
2012-02-01 15:22:28,555 DEBUG [org.springframework.beans.factory.support.DefaultListableBeanFactory] - <Returning cached instance of singleton bean 'scriptFactory.adjustCafFileBatchNumbersTransformer'>
2012-02-01 15:22:28,555 DEBUG [org.springframework.beans.factory.support.DefaultListableBeanFactory] - <Returning cached instance of singleton bean 'scriptFactory.adjustCafFileBatchNumbersTransformer'>
2012-02-01 15:22:28,555 DEBUG [org.springframework.beans.TypeConverterDelegate] - <Converting String to [int] using property editor [org.springframework.beans.propertyeditors.CustomNumberEditor@6bb78a]>
2012-02-01 15:22:28,555 DEBUG [org.springframework.beans.factory.support.DefaultListableBeanFactory] - <Finished creating instance of bean 'webDonationsLegacyDataSource'>
2012-02-01 15:22:28,555 DEBUG [org.springframework.beans.factory.support.DefaultListableBeanFactory] - <Creating shared instance of singleton bean 'supplierBatchNumberLog'>
2012-02-01 15:22:28,555 DEBUG [org.springframework.beans.factory.support.DefaultListableBeanFactory] - <Creating instance of bean 'supplierBatchNumberLog'>
2012-02-01 15:22:28,555 DEBUG [org.springframework.beans.factory.support.DefaultListableBeanFactory] - <Ignoring constructor [public java.lang.String(byte[],int,int,int)] of bean 'supplierBatchNumberLog': org.springframework.beans.factory.UnsatisfiedDependencyException: Error creating bean with name 'supplierBatchNumberLog' defined in class path resource [config.xml]: Unsatisfied dependency expressed through constructor argument with index 0 of type [byte[]]: Ambiguous constructor argument types - did you specify the correct bean references as constructor arguments?>
2012-02-01 15:22:28,555 DEBUG [org.springframework.beans.factory.support.DefaultListableBeanFactory] - <Ignoring constructor [public java.lang.String(byte[],int,int,java.lang.String) throws java.io.UnsupportedEncodingException] of bean 'supplierBatchNumberLog': org.springframework.beans.factory.UnsatisfiedDependencyException: Error creating bean with name 'supplierBatchNumberLog' defined in class path resource [config.xml]: Unsatisfied dependency expressed through constructor argument with index 0 of type [byte[]]: Ambiguous constructor argument types - did you specify the correct bean references as constructor arguments?>
2012-02-01 15:22:28,555 DEBUG [org.springframework.beans.factory.support.DefaultListableBeanFactory] - <Ignoring constructor [public java.lang.String(byte[],int,int,java.nio.charset.Charset)] of bean 'supplierBatchNumberLog': org.springframework.beans.factory.UnsatisfiedDependencyException: Error creating bean with name 'supplierBatchNumberLog' defined in class path resource [config.xml]: Unsatisfied dependency expressed through constructor argument with index 0 of type [byte[]]: Ambiguous constructor argument types - did you specify the correct bean references as constructor arguments?>
2012-02-01 15:22:28,555 DEBUG [org.springframework.beans.factory.support.DefaultListableBeanFactory] - <Ignoring constructor [public java.lang.String(char[],int,int)] of bean 'supplierBatchNumberLog': org.springframework.beans.factory.UnsatisfiedDependencyException: Error creating bean with name 'supplierBatchNumberLog' defined in class path resource [config.xml]: Unsatisfied dependency expressed through constructor argument with index 0 of type [char[]]: Ambiguous constructor argument types - did you specify the correct bean references as constructor arguments?>
2012-02-01 15:22:28,555 DEBUG [org.springframework.beans.factory.support.DefaultListableBeanFactory] - <Ignoring constructor [public java.lang.String(int[],int,int)] of bean 'supplierBatchNumberLog': org.springframework.beans.factory.UnsatisfiedDependencyException: Error creating bean with name 'supplierBatchNumberLog' defined in class path resource [config.xml]: Unsatisfied dependency expressed through constructor argument with index 0 of type [int[]]: Ambiguous constructor argument types - did you specify the correct bean references as constructor arguments?>
2012-02-01 15:22:28,555 DEBUG [org.springframework.beans.factory.support.DefaultListableBeanFactory] - <Ignoring constructor [public java.lang.String(byte[],int,int)] of bean 'supplierBatchNumberLog': org.springframework.beans.factory.UnsatisfiedDependencyException: Error creating bean with name 'supplierBatchNumberLog' defined in class path resource [config.xml]: Unsatisfied dependency expressed through constructor argument with index 0 of type [byte[]]: Ambiguous constructor argument types - did you specify the correct bean references as constructor arguments?>
2012-02-01 15:22:28,555 DEBUG [org.springframework.beans.factory.support.DefaultListableBeanFactory] - <Ignoring constructor [public java.lang.String(byte[],int)] of bean 'supplierBatchNumberLog': org.springframework.beans.factory.UnsatisfiedDependencyException: Error creating bean with name 'supplierBatchNumberLog' defined in class path resource [config.xml]: Unsatisfied dependency expressed through constructor argument with index 0 of type [byte[]]: Ambiguous constructor argument types - did you specify the correct bean references as constructor arguments?>
2012-02-01 15:22:28,555 DEBUG [org.springframework.beans.factory.support.DefaultListableBeanFactory] - <Ignoring constructor [public java.lang.String(byte[],java.lang.String) throws java.io.UnsupportedEncodingException] of bean 'supplierBatchNumberLog': org.springframework.beans.factory.UnsatisfiedDependencyException: Error creating bean with name 'supplierBatchNumberLog' defined in class path resource [config.xml]: Unsatisfied dependency expressed through constructor argument with index 0 of type [byte[]]: Ambiguous constructor argument types - did you specify the correct bean references as constructor arguments?>
2012-02-01 15:22:28,555 DEBUG [org.springframework.beans.factory.support.DefaultListableBeanFactory] - <Ignoring constructor [public java.lang.String(byte[],java.nio.charset.Charset)] of bean 'supplierBatchNumberLog': org.springframework.beans.factory.UnsatisfiedDependencyException: Error creating bean with name 'supplierBatchNumberLog' defined in class path resource [config.xml]: Unsatisfied dependency expressed through constructor argument with index 0 of type [byte[]]: Ambiguous constructor argument types - did you specify the correct bean references as constructor arguments?>
2012-02-01 15:22:28,555 DEBUG [org.springframework.beans.factory.support.DefaultListableBeanFactory] - <Ignoring constructor [public java.lang.String(char[])] of bean 'supplierBatchNumberLog': org.springframework.beans.factory.UnsatisfiedDependencyException: Error creating bean with name 'supplierBatchNumberLog' defined in class path resource [config.xml]: Unsatisfied dependency expressed through constructor argument with index 0 of type [char[]]: Ambiguous constructor argument types - did you specify the correct bean references as constructor arguments?>
2012-02-01 15:22:28,555 DEBUG [org.springframework.beans.factory.support.DefaultListableBeanFactory] - <Ignoring constructor [public java.lang.String(java.lang.StringBuilder)] of bean 'supplierBatchNumberLog': org.springframework.beans.factory.UnsatisfiedDependencyException: Error creating bean with name 'supplierBatchNumberLog' defined in class path resource [config.xml]: Unsatisfied dependency expressed through constructor argument with index 0 of type [java.lang.StringBuilder]: Ambiguous constructor argument types - did you specify the correct bean references as constructor arguments?>
2012-02-01 15:22:28,555 DEBUG [org.springframework.beans.factory.support.DefaultListableBeanFactory] - <Ignoring constructor [public java.lang.String(byte[])] of bean 'supplierBatchNumberLog': org.springframework.beans.factory.UnsatisfiedDependencyException: Error creating bean with name 'supplierBatchNumberLog' defined in class path resource [config.xml]: Unsatisfied dependency expressed through constructor argument with index 0 of type [byte[]]: Ambiguous constructor argument types - did you specify the correct bean references as constructor arguments?>
2012-02-01 15:22:28,555 DEBUG [org.springframework.beans.factory.support.DefaultListableBeanFactory] - <Ignoring constructor [public java.lang.String(java.lang.StringBuffer)] of bean 'supplierBatchNumberLog': org.springframework.beans.factory.UnsatisfiedDependencyException: Error creating bean with name 'supplierBatchNumberLog' defined in class path resource [config.xml]: Unsatisfied dependency expressed through constructor argument with index 0 of type [java.lang.StringBuffer]: Ambiguous constructor argument types - did you specify the correct bean references as constructor arguments?>
2012-02-01 15:22:28,555 DEBUG [org.springframework.beans.factory.support.DefaultListableBeanFactory] - <Eagerly caching bean 'supplierBatchNumberLog' to allow for resolving potential circular references>
2012-02-01 15:22:28,555 DEBUG [org.springframework.beans.CachedIntrospectionResults] - <Getting BeanInfo for class [java.lang.String]>
2012-02-01 15:22:28,555 DEBUG [org.springframework.beans.CachedIntrospectionResults] - <Caching PropertyDescriptors for class [java.lang.String]>
2012-02-01 15:22:28,555 DEBUG [org.springframework.beans.CachedIntrospectionResults] - <Found bean property 'bytes' of type [[B]>
2012-02-01 15:22:28,555 DEBUG [org.springframework.beans.CachedIntrospectionResults] - <Found bean property 'class' of type [java.lang.Class]>
2012-02-01 15:22:28,555 DEBUG [org.springframework.beans.CachedIntrospectionResults] - <Found bean property 'empty' of type [boolean]>
2012-02-01 15:22:28,555 DEBUG [org.springframework.beans.CachedIntrospectionResults] - <Not strongly caching class [java.lang.String] because it is not cache-safe>
2012-02-01 15:22:28,555 DEBUG [org.springframework.beans.factory.support.DefaultListableBeanFactory] - <Finished creating instance of bean 'supplierBatchNumberLog'>
2012-02-01 15:22:28,555 DEBUG [org.springframework.beans.factory.support.DefaultListableBeanFactory] - <Returning cached instance of singleton bean 'properties'>
2012-02-01 15:22:28,570 DEBUG [org.springframework.beans.factory.support.DefaultListableBeanFactory] - <Returning cached instance of singleton bean 'org.springframework.beans.factory.config.PropertyPlaceholderConfigurer#0'>
2012-02-01 15:22:28,570 DEBUG [org.springframework.beans.factory.support.DefaultListableBeanFactory] - <Creating shared instance of singleton bean 'fileFormatRouter'>
2012-02-01 15:22:28,570 DEBUG [org.springframework.beans.factory.support.DefaultListableBeanFactory] - <Creating instance of bean 'fileFormatRouter'>
2012-02-01 15:22:28,570 DEBUG [org.springframework.beans.factory.support.DefaultListableBeanFactory] - <Eagerly caching bean 'fileFormatRouter' to allow for resolving potential circular references>
2012-02-01 15:22:28,570 DEBUG [org.springframework.beans.CachedIntrospectionResults] - <Getting BeanInfo for class [org.gosh.validation.general.FileFormatRouter]>
2012-02-01 15:22:28,570 DEBUG [org.springframework.beans.CachedIntrospectionResults] - <Caching PropertyDescriptors for class [org.gosh.validation.general.FileFormatRouter]>
2012-02-01 15:22:28,570 DEBUG [org.springframework.beans.CachedIntrospectionResults] - <Found bean property 'class' of type [java.lang.Class]>
2012-02-01 15:22:28,570 DEBUG [org.springframework.beans.factory.support.DefaultListableBeanFactory] - <Finished creating instance of bean 'fileFormatRouter'>
2012-02-01 15:22:28,570 DEBUG [org.springframework.beans.factory.support.DefaultListableBeanFactory] - <Creating shared instance of singleton bean 'webGeneratedDDsTransformer'>
2012-02-01 15:22:28,570 DEBUG [org.springframework.beans.factory.support.DefaultListableBeanFactory] - <Creating instance of bean 'webGeneratedDDsTransformer'>
2012-02-01 15:22:28,570 DEBUG [org.springframework.beans.factory.support.DefaultListableBeanFactory] - <Eagerly caching bean 'webGeneratedDDsTransformer' to allow for resolving potential circular references>
2012-02-01 15:22:28,570 DEBUG [org.springframework.beans.CachedIntrospectionResults] - <Getting BeanInfo for class [org.gosh.validation.webdds.WebGeneratedDDsTransformer]>
2012-02-01 15:22:28,570 DEBUG [org.springframework.beans.CachedIntrospectionResults] - <Caching PropertyDescriptors for class [org.gosh.validation.webdds.WebGeneratedDDsTransformer]>
2012-02-01 15:22:28,570 DEBUG [org.springframework.beans.CachedIntrospectionResults] - <Found bean property 'batchNumberGenerator' of type [org.gosh.validation.convertion.BatchNumberGenerator]>
2012-02-01 15:22:28,570 DEBUG [org.springframework.beans.CachedIntrospectionResults] - <Found bean property 'class' of type [java.lang.Class]>
2012-02-01 15:22:28,570 DEBUG [org.springframework.beans.CachedIntrospectionResults] - <Found bean property 'supplierID' of type [java.lang.String]>
2012-02-01 15:22:28,570 DEBUG [org.springframework.beans.factory.support.DefaultListableBeanFactory] - <Creating instance of bean 'org.gosh.validation.convertion.DatabaseBatchNumberGenerator#660b27'>
2012-02-01 15:22:28,570 DEBUG [org.springframework.beans.CachedIntrospectionResults] - <Getting BeanInfo for class [org.gosh.validation.convertion.DatabaseBatchNumberGenerator]>
2012-02-01 15:22:28,570 DEBUG [org.springframework.beans.CachedIntrospectionResults] - <Caching PropertyDescriptors for class [org.gosh.validation.convertion.DatabaseBatchNumberGenerator]>
2012-02-01 15:22:28,570 DEBUG [org.springframework.beans.CachedIntrospectionResults] - <Found bean property 'batchNumberFromReAndLog' of type [int]>
2012-02-01 15:22:28,570 DEBUG [org.springframework.beans.CachedIntrospectionResults] - <Found bean property 'class' of type [java.lang.Class]>
2012-02-01 15:22:28,570 DEBUG [org.springframework.beans.CachedIntrospectionResults] - <Found bean property 'dataSource' of type [javax.sql.DataSource]>
2012-02-01 15:22:28,570 DEBUG [org.springframework.beans.CachedIntrospectionResults] - <Found bean property 'endOfRange' of type [java.lang.String]>
2012-02-01 15:22:28,570 DEBUG [org.springframework.beans.CachedIntrospectionResults] - <Found bean property 'logDataSource' of type [javax.sql.DataSource]>
2012-02-01 15:22:28,570 DEBUG [org.springframework.beans.CachedIntrospectionResults] - <Found bean property 'startOfRange' of type [java.lang.String]>
2012-02-01 15:22:28,570 DEBUG [org.springframework.beans.CachedIntrospectionResults] - <Found bean property 'supplierBatchNumberLog' of type [java.lang.String]>
2012-02-01 15:22:28,570 DEBUG [org.springframework.beans.factory.support.DefaultListableBeanFactory] - <Returning cached instance of singleton bean 'scriptFactory.adjustCafFileBatchNumbersTransformer'>
2012-02-01 15:22:28,570 DEBUG [org.springframework.beans.factory.support.DefaultListableBeanFactory] - <Returning cached instance of singleton bean 'scriptFactory.adjustCafFileBatchNumbersTransformer'>
2012-02-01 15:22:28,570 DEBUG [org.springframework.beans.factory.support.DefaultListableBeanFactory] - <Returning cached instance of singleton bean 'reDataSource'>
2012-02-01 15:22:28,570 DEBUG [org.springframework.beans.factory.support.DefaultListableBeanFactory] - <Autowiring by type from bean name 'org.gosh.validation.convertion.DatabaseBatchNumberGenerator#660b27' via property 'dataSource' to bean named 'reDataSource'>
2012-02-01 15:22:28,570 DEBUG [org.springframework.beans.factory.support.DefaultListableBeanFactory] - <Returning cached instance of singleton bean 'legacyDataSource'>
2012-02-01 15:22:28,570 DEBUG [org.springframework.beans.factory.support.DefaultListableBeanFactory] - <Returning cached instance of singleton bean 'supplierBatchNumberLog'>
2012-02-01 15:22:28,570 DEBUG [org.springframework.beans.factory.support.DefaultListableBeanFactory] - <Finished creating instance of bean 'org.gosh.validation.convertion.DatabaseBatchNumberGenerator#660b27'>
2012-02-01 15:22:28,570 DEBUG [org.springframework.beans.factory.support.DefaultListableBeanFactory] - <Finished creating instance of bean 'webGeneratedDDsTransformer'>
2012-02-01 15:22:28,570 DEBUG [org.springframework.beans.factory.support.DefaultListableBeanFactory] - <Creating shared instance of singleton bean 'webDonationsAggregator'>
2012-02-01 15:22:28,570 DEBUG [org.springframework.beans.factory.support.DefaultListableBeanFactory] - <Creating instance of bean 'webDonationsAggregator'>
2012-02-01 15:22:28,570 DEBUG [org.springframework.beans.factory.support.DefaultListableBeanFactory] - <Eagerly caching bean 'webDonationsAggregator' to allow for resolving potential circular references>
2012-02-01 15:22:28,570 DEBUG [org.springframework.beans.CachedIntrospectionResults] - <Getting BeanInfo for class [org.gosh.validation.webcash.WebDonationsAggregator]>
2012-02-01 15:22:28,586 DEBUG [org.springframework.beans.CachedIntrospectionResults] - <Caching PropertyDescriptors for class [org.gosh.validation.webcash.WebDonationsAggregator]>
2012-02-01 15:22:28,586 DEBUG [org.springframework.beans.CachedIntrospectionResults] - <Found bean property 'batchNumberGenerator' of type [org.gosh.validation.convertion.BatchNumberGenerator]>
2012-02-01 15:22:28,586 DEBUG [org.springframework.beans.CachedIntrospectionResults] - <Found bean property 'class' of type [java.lang.Class]>
2012-02-01 15:22:28,586 DEBUG [org.springframework.beans.CachedIntrospectionResults] - <Found bean property 'legacyDao' of type [org.gosh.validation.webcash.LegacyDatabaseLookup]>
2012-02-01 15:22:28,586 DEBUG [org.springframework.beans.CachedIntrospectionResults] - <Found bean property 'reporter' of type [org.gosh.validation.general.error.ErrorReporter]>
2012-02-01 15:22:28,586 DEBUG [org.springframework.beans.CachedIntrospectionResults] - <Found bean property 'supplierID' of type [java.lang.String]>
2012-02-01 15:22:28,586 DEBUG [org.springframework.beans.factory.support.DefaultListableBeanFactory] - <Returning cached instance of singleton bean 'scriptFactory.adjustCafFileBatchNumbersTransformer'>
2012-02-01 15:22:28,586 DEBUG [org.springframework.beans.factory.support.DefaultListableBeanFactory] - <Returning cached instance of singleton bean 'scriptFactory.adjustCafFileBatchNumbersTransformer'>
2012-02-01 15:22:28,586 DEBUG [org.springframework.beans.factory.support.DefaultListableBeanFactory] - <Returning cached instance of singleton bean 'errorReporter'>
2012-02-01 15:22:28,586 DEBUG [org.springframework.beans.factory.support.DefaultListableBeanFactory] - <Autowiring by type from bean name 'webDonationsAggregator' via property 'reporter' to bean named 'errorReporter'>
2012-02-01 15:22:28,586 DEBUG [org.springframework.beans.factory.support.DefaultListableBeanFactory] - <Creating instance of bean 'org.gosh.validation.webcash.LegacyDatabaseDAO#16655a7'>
2012-02-01 15:22:28,586 DEBUG [org.springframework.beans.CachedIntrospectionResults] - <Getting BeanInfo for class [org.gosh.validation.webcash.LegacyDatabaseDAO]>
2012-02-01 15:22:28,586 DEBUG [org.springframework.beans.CachedIntrospectionResults] - <Caching PropertyDescriptors for class [org.gosh.validation.webcash.LegacyDatabaseDAO]>
2012-02-01 15:22:28,586 DEBUG [org.springframework.beans.CachedIntrospectionResults] - <Found bean property 'class' of type [java.lang.Class]>
2012-02-01 15:22:28,586 DEBUG [org.springframework.beans.CachedIntrospectionResults] - <Found bean property 'dataSource' of type [javax.sql.DataSource]>
2012-02-01 15:22:28,586 DEBUG [org.springframework.beans.factory.support.DefaultListableBeanFactory] - <Returning cached instance of singleton bean 'webDonationsLegacyDataSource'>
2012-02-01 15:22:28,586 DEBUG [org.springframework.beans.factory.support.DefaultListableBeanFactory] - <Finished creating instance of bean 'org.gosh.validation.webcash.LegacyDatabaseDAO#16655a7'>
2012-02-01 15:22:28,586 DEBUG [org.springframework.beans.factory.support.DefaultListableBeanFactory] - <Creating instance of bean 'org.gosh.validation.convertion.DatabaseBatchNumberGenerator#1814dd0'>
2012-02-01 15:22:28,586 DEBUG [org.springframework.beans.factory.support.DefaultListableBeanFactory] - <Returning cached instance of singleton bean 'scriptFactory.adjustCafFileBatchNumbersTransformer'>
2012-02-01 15:22:28,586 DEBUG [org.springframework.beans.factory.support.DefaultListableBeanFactory] - <Returning cached instance of singleton bean 'scriptFactory.adjustCafFileBatchNumbersTransformer'>
2012-02-01 15:22:28,586 DEBUG [org.springframework.beans.factory.support.DefaultListableBeanFactory] - <Returning cached instance of singleton bean 'reDataSource'>
2012-02-01 15:22:28,586 DEBUG [org.springframework.beans.factory.support.DefaultListableBeanFactory] - <Autowiring by type from bean name 'org.gosh.validation.convertion.DatabaseBatchNumberGenerator#1814dd0' via property 'dataSource' to bean named 'reDataSource'>
2012-02-01 15:22:28,586 DEBUG [org.springframework.beans.factory.support.DefaultListableBeanFactory] - <Returning cached instance of singleton bean 'legacyDataSource'>
2012-02-01 15:22:28,586 DEBUG [org.springframework.beans.factory.support.DefaultListableBeanFactory] - <Returning cached instance of singleton bean 'supplierBatchNumberLog'>
2012-02-01 15:22:28,586 DEBUG [org.springframework.beans.factory.support.DefaultListableBeanFactory] - <Finished creating instance of bean 'org.gosh.validation.convertion.DatabaseBatchNumberGenerator#1814dd0'>
2012-02-01 15:22:28,586 DEBUG [org.springframework.beans.factory.support.DefaultListableBeanFactory] - <Finished creating instance of bean 'webDonationsAggregator'>
2012-02-01 15:22:28,586 DEBUG [org.springframework.beans.factory.support.DefaultListableBeanFactory] - <Creating shared instance of singleton bean 'webCashFileReprocessingTransformer'>
[...]
2012-02-01 15:22:28,774 DEBUG [org.springframework.beans.factory.support.DefaultListableBeanFactory] - <Creating shared instance of singleton bean 'accountNumberWS'>
2012-02-01 15:22:28,774 DEBUG [org.springframework.beans.factory.support.DefaultListableBeanFactory] - <Creating instance of bean 'accountNumberWS'>
2012-02-01 15:22:28,914 DEBUG [org.springframework.beans.factory.support.DefaultListableBeanFactory] - <Eagerly caching bean 'accountNumberWS' to allow for resolving potential circular references>
2012-02-01 15:22:28,914 DEBUG [org.springframework.beans.CachedIntrospectionResults] - <Getting BeanInfo for class [org.gosh.validation.general.accountnumber.ws.SvcGetAccountNumber]>
2012-02-01 15:22:28,930 DEBUG [org.springframework.beans.CachedIntrospectionResults] - <Caching PropertyDescriptors for class [org.gosh.validation.general.accountnumber.ws.SvcGetAccountNumber]>
2012-02-01 15:22:28,930 DEBUG [org.springframework.beans.CachedIntrospectionResults] - <Found bean property 'WSDLDocumentLocation' of type [java.net.URL]>
2012-02-01 15:22:28,930 DEBUG [org.springframework.beans.CachedIntrospectionResults] - <Found bean property 'class' of type [java.lang.Class]>
2012-02-01 15:22:28,930 DEBUG [org.springframework.beans.CachedIntrospectionResults] - <Found bean property 'executor' of type [java.util.concurrent.Executor]>
2012-02-01 15:22:28,930 DEBUG [org.springframework.beans.CachedIntrospectionResults] - <Found bean property 'handlerResolver' of type [javax.xml.ws.handler.HandlerResolver]>
2012-02-01 15:22:28,930 DEBUG [org.springframework.beans.CachedIntrospectionResults] - <Found bean property 'ports' of type [java.util.Iterator]>
2012-02-01 15:22:28,930 DEBUG [org.springframework.beans.CachedIntrospectionResults] - <Found bean property 'serviceName' of type [javax.xml.namespace.QName]>
2012-02-01 15:22:28,930 DEBUG [org.springframework.beans.CachedIntrospectionResults] - <Found bean property 'svcGetAccountNumberSoap' of type [org.gosh.validation.general.accountnumber.ws.SvcGetAccountNumberSoap]>
2012-02-01 15:22:28,930 DEBUG [org.springframework.beans.CachedIntrospectionResults] - <Found bean property 'svcGetAccountNumberSoap12' of type [org.gosh.validation.general.accountnumber.ws.SvcGetAccountNumberSoap]>
2012-02-01 15:22:28,930 DEBUG [org.springframework.beans.factory.support.DefaultListableBeanFactory] - <Returning cached instance of singleton bean 'scriptFactory.adjustCafFileBatchNumbersTransformer'>
2012-02-01 15:22:28,930 DEBUG [org.springframework.beans.factory.support.DefaultListableBeanFactory] - <Returning cached instance of singleton bean 'scriptFactory.adjustCafFileBatchNumbersTransformer'>
2012-02-01 15:22:28,930 DEBUG [org.springframework.beans.factory.support.DefaultListableBeanFactory] - <Finished creating instance of bean 'accountNumberWS'>
2012-02-01 15:22:28,930 DEBUG [org.springframework.beans.factory.support.DefaultListableBeanFactory] - <Autowiring by type from bean name 'ddUpgradeBankValidationTransformer' via property 'accNumberWS' to bean named 'accountNumberWS'>
2012-02-01 15:22:28,930 DEBUG [org.springframework.beans.factory.support.DefaultListableBeanFactory] - <Returning cached instance of singleton bean 'scriptFactory.adjustCafFileBatchNumbersTransformer'>
2012-02-01 15:22:28,930 DEBUG [org.springframework.beans.factory.support.DefaultListableBeanFactory] - <Returning cached instance of singleton bean 'scriptFactory.adjustCafFileBatchNumbersTransformer'>
2012-02-01 15:22:28,930 DEBUG [org.springframework.beans.factory.support.DefaultListableBeanFactory] - <Returning cached instance of singleton bean 'reDataSource'>
2012-02-01 15:22:28,930 DEBUG [org.springframework.beans.factory.support.DefaultListableBeanFactory] - <Autowiring by type from bean name 'ddUpgradeBankValidationTransformer' via property 'dataSource' to bean named 'reDataSource'>
2012-02-01 15:22:28,930 DEBUG [org.springframework.beans.factory.support.DefaultListableBeanFactory] - <Returning cached instance of singleton bean 'scriptFactory.adjustCafFileBatchNumbersTransformer'>
2012-02-01 15:22:28,930 DEBUG [org.springframework.beans.factory.support.DefaultListableBeanFactory] - <Returning cached instance of singleton bean 'errorReporter'>
2012-02-01 15:22:28,930 DEBUG [org.springframework.beans.factory.support.DefaultListableBeanFactory] - <Autowiring by type from bean name 'ddUpgradeBankValidationTransformer' via property 'reporter' to bean named 'errorReporter'>
2012-02-01 15:22:28,930 DEBUG [org.springframework.beans.factory.support.DefaultListableBeanFactory] - <Finished creating instance of bean 'ddUpgradeBankValidationTransformer'>
2012-02-01 15:22:28,930 DEBUG [org.springframework.beans.factory.support.DefaultListableBeanFactory] - <Creating shared instance of singleton bean 'bankUpgradeTransformer'>
2012-02-01 15:22:28,930 DEBUG [org.springframework.beans.factory.support.DefaultListableBeanFactory] - <Creating instance of bean 'bankUpgradeTransformer'>
2012-02-01 15:22:28,930 DEBUG [org.springframework.beans.factory.support.DefaultListableBeanFactory] - <Eagerly caching bean 'bankUpgradeTransformer' to allow for resolving potential circular references>
2012-02-01 15:22:28,930 DEBUG [org.springframework.beans.CachedIntrospectionResults] - <Getting BeanInfo for class [org.gosh.validation.general.bank.BankUpgradeTransformer]>
2012-02-01 15:22:28,930 DEBUG [org.springframework.beans.CachedIntrospectionResults] - <Caching PropertyDescriptors for class [org.gosh.validation.general.bank.BankUpgradeTransformer]>
2012-02-01 15:22:28,930 DEBUG [org.springframework.beans.CachedIntrospectionResults] - <Found bean property 'class' of type [java.lang.Class]>
2012-02-01 15:22:28,930 DEBUG [org.springframework.beans.CachedIntrospectionResults] - <Found bean property 'reporter' of type [org.gosh.validation.general.error.Reporter]>
2012-02-01 15:22:28,930 DEBUG [org.springframework.beans.factory.support.DefaultListableBeanFactory] - <Returning cached instance of singleton bean 'scriptFactory.adjustCafFileBatchNumbersTransformer'>
2012-02-01 15:22:28,930 DEBUG [org.springframework.beans.factory.support.DefaultListableBeanFactory] - <Returning cached instance of singleton bean 'errorReporter'>
2012-02-01 15:22:28,930 DEBUG [org.springframework.beans.factory.support.DefaultListableBeanFactory] - <Autowiring by type from bean name 'bankUpgradeTransformer' via property 'reporter' to bean named 'errorReporter'>
2012-02-01 15:22:28,930 DEBUG [org.springframework.beans.factory.support.DefaultListableBeanFactory] - <Finished creating instance of bean 'bankUpgradeTransformer'>
2012-02-01 15:22:28,930 DEBUG [org.springframework.beans.factory.support.DefaultListableBeanFactory] - <Creating shared instance of singleton bean 'giftReferenceNoRecogniserTransformer'>
2012-02-01 15:22:28,930 DEBUG [org.springframework.beans.factory.support.DefaultListableBeanFactory] - <Creating instance of bean 'giftReferenceNoRecogniserTransformer'>
2012-02-01 15:22:28,930 DEBUG [org.springframework.beans.factory.support.DefaultListableBeanFactory] - <Eagerly caching bean 'giftReferenceNoRecogniserTransformer' to allow for resolving potential circular references>
2012-02-01 15:22:28,930 DEBUG [org.springframework.beans.CachedIntrospectionResults] - <Getting BeanInfo for class [org.gosh.validation.tributes.GiftReferenceNoRecogniserTransformer]>
2012-02-01 15:22:28,930 DEBUG [org.springframework.beans.CachedIntrospectionResults] - <Caching PropertyDescriptors for class [org.gosh.validation.tributes.GiftReferenceNoRecogniserTransformer]>
2012-02-01 15:22:28,930 DEBUG [org.springframework.beans.CachedIntrospectionResults] - <Found bean property 'class' of type [java.lang.Class]>
2012-02-01 15:22:28,930 DEBUG [org.springframework.beans.CachedIntrospectionResults] - <Found bean property 'dataSource' of type [javax.sql.DataSource]>
2012-02-01 15:22:28,930 DEBUG [org.springframework.beans.CachedIntrospectionResults] - <Found bean property 'reporter' of type [org.gosh.validation.general.error.Reporter]>
2012-02-01 15:22:28,930 DEBUG [org.springframework.beans.factory.support.DefaultListableBeanFactory] - <Returning cached instance of singleton bean 'scriptFactory.adjustCafFileBatchNumbersTransformer'>
2012-02-01 15:22:28,945 DEBUG [org.springframework.beans.factory.support.DefaultListableBeanFactory] - <Returning cached instance of singleton bean 'reDataSource'>
2012-02-01 15:22:28,945 DEBUG [org.springframework.beans.factory.support.DefaultListableBeanFactory] - <Autowiring by type from bean name 'giftReferenceNoRecogniserTransformer' via property 'dataSource' to bean named 'reDataSource'>
2012-02-01 15:22:28,945 DEBUG [org.springframework.beans.factory.support.DefaultListableBeanFactory] - <Returning cached instance of singleton bean 'scriptFactory.adjustCafFileBatchNumbersTransformer'>
2012-02-01 15:22:28,945 DEBUG [org.springframework.beans.factory.support.DefaultListableBeanFactory] - <Returning cached instance of singleton bean 'errorReporter'>
2012-02-01 15:22:28,945 DEBUG [org.springframework.beans.factory.support.DefaultListableBeanFactory] - <Autowiring by type from bean name 'giftReferenceNoRecogniserTransformer' via property 'reporter' to bean named 'errorReporter'>
2012-02-01 15:22:28,945 DEBUG [org.springframework.beans.factory.support.DefaultListableBeanFactory] - <Finished creating instance of bean 'giftReferenceNoRecogniserTransformer'>
2012-02-01 15:22:28,945 DEBUG [org.springframework.beans.factory.support.DefaultListableBeanFactory] - <Creating shared instance of singleton bean 'bankWS'>
2012-02-01 15:22:28,945 DEBUG [org.springframework.beans.factory.support.DefaultListableBeanFactory] - <Creating instance of bean 'bankWS'>
2012-02-01 15:22:28,945 DEBUG [org.springframework.beans.factory.support.DefaultListableBeanFactory] - <Eagerly caching bean 'bankWS' to allow for resolving potential circular references>
2012-02-01 15:22:28,945 DEBUG [org.springframework.beans.CachedIntrospectionResults] - <Getting BeanInfo for class [org.gosh.validation.general.bank.ws.SvcGetBankDetForPledge]>
2012-02-01 15:22:28,945 DEBUG [org.springframework.beans.CachedIntrospectionResults] - <Caching PropertyDescriptors for class [org.gosh.validation.general.bank.ws.SvcGetBankDetForPledge]>
2012-02-01 15:22:28,945 DEBUG [org.springframework.beans.CachedIntrospectionResults] - <Found bean property 'WSDLDocumentLocation' of type [java.net.URL]>
2012-02-01 15:22:28,945 DEBUG [org.springframework.beans.CachedIntrospectionResults] - <Found bean property 'class' of type [java.lang.Class]>
2012-02-01 15:22:28,945 DEBUG [org.springframework.beans.CachedIntrospectionResults] - <Found bean property 'executor' of type [java.util.concurrent.Executor]>
2012-02-01 15:22:28,945 DEBUG [org.springframework.beans.CachedIntrospectionResults] - <Found bean property 'handlerResolver' of type [javax.xml.ws.handler.HandlerResolver]>
2012-02-01 15:22:28,945 DEBUG [org.springframework.beans.CachedIntrospectionResults] - <Found bean property 'ports' of type [java.util.Iterator]>
2012-02-01 15:22:28,945 DEBUG [org.springframework.beans.CachedIntrospectionResults] - <Found bean property 'serviceName' of type [javax.xml.namespace.QName]>
2012-02-01 15:22:28,945 DEBUG [org.springframework.beans.CachedIntrospectionResults] - <Found bean property 'svcGetBankDetForPledgeSoap' of type [org.gosh.validation.general.bank.ws.SvcGetBankDetForPledgeSoap]>
2012-02-01 15:22:28,945 DEBUG [org.springframework.beans.CachedIntrospectionResults] - <Found bean property 'svcGetBankDetForPledgeSoap12' of type [org.gosh.validation.general.bank.ws.SvcGetBankDetForPledgeSoap]>
2012-02-01 15:22:28,945 DEBUG [org.springframework.beans.factory.support.DefaultListableBeanFactory] - <Returning cached instance of singleton bean 'scriptFactory.adjustCafFileBatchNumbersTransformer'>
2012-02-01 15:22:28,945 DEBUG [org.springframework.beans.factory.support.DefaultListableBeanFactory] - <Returning cached instance of singleton bean 'scriptFactory.adjustCafFileBatchNumbersTransformer'>
2012-02-01 15:22:28,961 DEBUG [org.springframework.beans.factory.support.DefaultListableBeanFactory] - <Finished creating instance of bean 'bankWS'>
2012-02-01 15:22:28,961 DEBUG [org.springframework.beans.factory.support.DefaultListableBeanFactory] - <Returning cached instance of singleton bean 'accountNumberWS'>
2012-02-01 15:22:28,961 DEBUG [org.springframework.beans.factory.support.DefaultListableBeanFactory] - <Creating shared instance of singleton bean 'errorHeaderRouter'>
2012-02-01 15:22:28,961 DEBUG [org.springframework.beans.factory.support.DefaultListableBeanFactory] - <Creating instance of bean 'errorHeaderRouter'>
2012-02-01 15:22:28,961 DEBUG [org.springframework.beans.factory.support.DefaultListableBeanFactory] - <Eagerly caching bean 'errorHeaderRouter' to allow for resolving potential circular references>
2012-02-01 15:22:28,961 DEBUG [org.springframework.beans.CachedIntrospectionResults] - <Getting BeanInfo for class [org.gosh.validation.general.error.ErrorHeaderRouter]>
2012-02-01 15:22:28,961 DEBUG [org.springframework.beans.CachedIntrospectionResults] - <Caching PropertyDescriptors for class [org.gosh.validation.general.error.ErrorHeaderRouter]>
2012-02-01 15:22:28,961 DEBUG [org.springframework.beans.CachedIntrospectionResults] - <Found bean property 'class' of type [java.lang.Class]>
2012-02-01 15:22:28,961 DEBUG [org.springframework.beans.factory.support.DefaultListableBeanFactory] - <Finished creating instance of bean 'errorHeaderRouter'>
2012-02-01 15:22:28,961 DEBUG [org.springframework.beans.factory.support.DefaultListableBeanFactory] - <Returning cached instance of singleton bean 'errorReporter'>
2012-02-01 15:22:28,961 DEBUG [org.springframework.beans.factory.support.DefaultListableBeanFactory] - <Creating shared instance of singleton bean 'messageXmlTransformer'>
2012-02-01 15:22:28,961 DEBUG [org.springframework.beans.factory.support.DefaultListableBeanFactory] - <Creating instance of bean 'messageXmlTransformer'>
2012-02-01 15:22:28,961 INFO [org.gosh.validation.application.ValidationPropertyReader] - <Configuration loaded>
2012-02-01 15:22:28,961 DEBUG [org.springframework.beans.factory.support.DefaultListableBeanFactory] - <Eagerly caching bean 'messageXmlTransformer' to allow for resolving potential circular references>
2012-02-01 15:22:28,961 DEBUG [org.springframework.beans.CachedIntrospectionResults] - <Getting BeanInfo for class [org.gosh.validation.general.error.MessageXmlTransformer]>
2012-02-01 15:22:28,961 DEBUG [org.springframework.beans.CachedIntrospectionResults] - <Caching PropertyDescriptors for class [org.gosh.validation.general.error.MessageXmlTransformer]>
2012-02-01 15:22:28,961 DEBUG [org.springframework.beans.CachedIntrospectionResults] - <Found bean property 'class' of type [java.lang.Class]>
2012-02-01 15:22:28,961 DEBUG [org.springframework.beans.factory.support.DefaultListableBeanFactory] - <Finished creating instance of bean 'messageXmlTransformer'>
2012-02-01 15:22:28,961 DEBUG [org.springframework.beans.factory.support.DefaultListableBeanFactory] - <Creating shared instance of singleton bean 'fundraiserEmailSplitter'>
2012-02-01 15:22:28,961 DEBUG [org.springframework.beans.factory.support.DefaultListableBeanFactory] - <Creating instance of bean 'fundraiserEmailSplitter'>
2012-02-01 15:22:28,961 DEBUG [org.springframework.beans.factory.support.DefaultListableBeanFactory] - <Eagerly caching bean 'fundraiserEmailSplitter' to allow for resolving potential circular references>
2012-02-01 15:22:28,961 DEBUG [org.springframework.beans.CachedIntrospectionResults] - <Getting BeanInfo for class [org.gosh.validation.webcash.FundraiserEmailSplitter]>
2012-02-01 15:22:28,961 DEBUG [org.springframework.beans.CachedIntrospectionResults] - <Caching PropertyDescriptors for class [org.gosh.validation.webcash.FundraiserEmailSplitter]>
2012-02-01 15:22:28,961 DEBUG [org.springframework.beans.CachedIntrospectionResults] - <Found bean property 'class' of type [java.lang.Class]>
2012-02-01 15:22:28,961 DEBUG [org.springframework.beans.CachedIntrospectionResults] - <Found bean property 'mailSender' of type [org.springframework.mail.javamail.JavaMailSender]>
2012-02-01 15:22:28,961 DEBUG [org.springframework.beans.CachedIntrospectionResults] - <Found bean property 'properties' of type [java.util.Properties]>
2012-02-01 15:22:28,961 DEBUG [org.springframework.beans.factory.support.DefaultListableBeanFactory] - <Returning cached instance of singleton bean 'scriptFactory.adjustCafFileBatchNumbersTransformer'>
2012-02-01 15:22:28,961 DEBUG [org.springframework.beans.factory.support.DefaultListableBeanFactory] - <Returning cached instance of singleton bean 'properties'>
2012-02-01 15:22:28,961 DEBUG [org.springframework.beans.factory.support.DefaultListableBeanFactory] - <Finished creating instance of bean 'fundraiserEmailSplitter'>
2012-02-01 15:22:28,961 DEBUG [org.springframework.beans.factory.support.DefaultListableBeanFactory] - <Creating shared instance of singleton bean 'outboundMailTransformer'>
2012-02-01 15:22:28,961 DEBUG [org.springframework.beans.factory.support.DefaultListableBeanFactory] - <Creating instance of bean 'outboundMailTransformer'>
2012-02-01 15:22:28,977 DEBUG [org.springframework.beans.factory.support.DefaultListableBeanFactory] - <Eagerly caching bean 'outboundMailTransformer' to allow for resolving potential circular references>
2012-02-01 15:22:28,977 DEBUG [org.springframework.beans.CachedIntrospectionResults] - <Getting BeanInfo for class [org.gosh.validation.general.error.OutboundMailTransformer]>
2012-02-01 15:22:28,977 DEBUG [org.springframework.beans.CachedIntrospectionResults] - <Caching PropertyDescriptors for class [org.gosh.validation.general.error.OutboundMailTransformer]>
2012-02-01 15:22:28,977 DEBUG [org.springframework.beans.CachedIntrospectionResults] - <Found bean property 'class' of type [java.lang.Class]>
2012-02-01 15:22:28,977 DEBUG [org.springframework.beans.factory.support.DefaultListableBeanFactory] - <Finished creating instance of bean 'outboundMailTransformer'>
2012-02-01 15:22:28,977 DEBUG [org.springframework.context.support.GenericApplicationContext] - <Publishing event in context [org.springframework.context.support.GenericApplicationContext@b19f4e]: org.springframework.context.event.ContextRefreshedEvent[source=org.springframework.context.support.GenericApplicationContext@b19f4e: display name [org.springframework.context.support.GenericApplicationContext@b19f4e]; startup date [Wed Feb 01 15:22:28 GMT 2012]; root of context hierarchy]>
2012-02-01 15:22:28,977 DEBUG [org.springframework.beans.CachedIntrospectionResults] - <Getting BeanInfo for class [org.gosh.validation.BeansConfigTest]>
2012-02-01 15:22:28,992 DEBUG [org.springframework.beans.CachedIntrospectionResults] - <Caching PropertyDescriptors for class [org.gosh.validation.BeansConfigTest]>
2012-02-01 15:22:28,992 DEBUG [org.springframework.beans.CachedIntrospectionResults] - <Found bean property 'applicationContext' of type [org.springframework.context.ConfigurableApplicationContext]>
2012-02-01 15:22:28,992 DEBUG [org.springframework.beans.CachedIntrospectionResults] - <Found bean property 'autowireMode' of type [int]>
2012-02-01 15:22:28,992 DEBUG [org.springframework.beans.CachedIntrospectionResults] - <Found bean property 'class' of type [java.lang.Class]>
2012-02-01 15:22:28,992 DEBUG [org.springframework.beans.CachedIntrospectionResults] - <Found bean property 'dependencyCheck' of type [boolean]>
2012-02-01 15:22:28,992 DEBUG [org.springframework.beans.CachedIntrospectionResults] - <Found bean property 'loadCount' of type [int]>
2012-02-01 15:22:28,992 DEBUG [org.springframework.beans.CachedIntrospectionResults] - <Found bean property 'name' of type [java.lang.String]>
2012-02-01 15:22:28,992 DEBUG [org.springframework.beans.CachedIntrospectionResults] - <Found bean property 'populateProtectedVariables' of type [boolean]>
]]></system-out>
  <system-err><![CDATA[]]></system-err>
</testsuite>
