<?xml version="1.0" encoding="UTF-8" ?>
<testsuite errors="0" failures="0" hostname="GOSHCC-ASDEV" name="org.gosh.validation.GiftReferenceRecogniserTransformerTest" tests="4" time="2.594" timestamp="2012-02-01T15:22:29">
  <properties>
[...]
</properties>
  <testcase classname="org.gosh.validation.GiftReferenceRecogniserTransformerTest" name="testRecognisedCase" time="1.016" />
  <testcase classname="org.gosh.validation.GiftReferenceRecogniserTransformerTest" name="testEmptyCase" time="0.0" />
  <testcase classname="org.gosh.validation.GiftReferenceRecogniserTransformerTest" name="testUnrecognisedCase" time="0.75" />
  <testcase classname="org.gosh.validation.GiftReferenceRecogniserTransformerTest" name="testSpeed" time="0.812" />
  <system-out><![CDATA[2012-02-01 15:22:29,586 INFO [org.gosh.validation.tributes.GiftReferenceNoRecogniserTransformer] - <Start Transformation>
2012-02-01 15:22:29,805 DEBUG [org.springframework.jdbc.core.JdbcTemplate] - <Executing SQL query [select reference_number from gift where reference_number in ('00000003/1')]>
2012-02-01 15:22:29,805 DEBUG [org.springframework.jdbc.datasource.DataSourceUtils] - <Fetching JDBC Connection from DataSource>
2012-02-01 15:22:30,602 DEBUG [org.springframework.jdbc.datasource.DataSourceUtils] - <Returning JDBC Connection to DataSource>
2012-02-01 15:22:30,602 INFO [org.gosh.validation.tributes.GiftReferenceNoRecogniserTransformer] - <Start Transformation>
2012-02-01 15:22:30,602 INFO [org.gosh.validation.tributes.GiftReferenceNoRecogniserTransformer] - <Start Transformation>
2012-02-01 15:22:30,602 DEBUG [org.springframework.jdbc.core.JdbcTemplate] - <Executing SQL query [select reference_number from gift where reference_number in ('Unrecognisable')]>
2012-02-01 15:22:30,602 DEBUG [org.springframework.jdbc.datasource.DataSourceUtils] - <Fetching JDBC Connection from DataSource>
2012-02-01 15:22:31,352 DEBUG [org.springframework.jdbc.datasource.DataSourceUtils] - <Returning JDBC Connection to DataSource>
2012-02-01 15:22:31,352 INFO [org.gosh.validation.tributes.GiftReferenceNoRecogniserTransformer] - <End of Transformation>
2012-02-01 15:22:31,352 INFO [org.gosh.validation.tributes.GiftReferenceNoRecogniserTransformer] - <Start Transformation>
2012-02-01 15:22:31,414 DEBUG [org.springframework.jdbc.core.JdbcTemplate] - <Executing SQL query [select reference_number from gift where reference_number in ('Unrecognisable','Unrecognisable','Unrecognisable','Unrecognisable','Unrecognisable','Unrecognisable','Unrecognisable','Unrecognisable','Unrecognisable','Unrecognisable','Unrecognisable','Unrecognisable','Unrecognisable','Unrecognisable','Unrecognisable','Unrecognisable','Unrecognisable','Unrecognisable','Unrecognisable','Unrecognisable','Unrecognisable','Unrecognisable','Unrecognisable','Unrecognisable','Unrecognisable','Unrecognisable','Unrecognisable','Unrecognisable','Unrecognisable','Unrecognisable','Unrecognisable','Unrecognisable','Unrecognisable','Unrecognisable','Unrecognisable','Unrecognisable','Unrecognisable','Unrecognisable','Unrecognisable','Unrecognisable','Unrecognisable','Unrecognisable','Unrecognisable','Unrecognisable','Unrecognisable','Unrecognisable','Unrecognisable','Unrecognisable','Unrecognisable','Unrecognisable','Unrecognisable','Unrecognisable','Unrecognisable','Unrecognisable','Unrecognisable','Unrecognisable','Unrecognisable','Unrecognisable','Unrecognisable','Unrecognisable','Unrecognisable','Unrecognisable','Unrecognisable','Unrecognisable','Unrecognisable','Unrecognisable','Unrecognisable','Unrecognisable','Unrecognisable','Unrecognisable','Unrecognisable','Unrecognisable','Unrecognisable','Unrecognisable','Unrecognisable','Unrecognisable','Unrecognisable','Unrecognisable','Unrecognisable','Unrecognisable','Unrecognisable','Unrecognisable','Unrecognisable','Unrecognisable','Unrecognisable','Unrecognisable','Unrecognisable','Unrecognisable','Unrecognisable','Unrecognisable','Unrecognisable','Unrecognisable','Unrecognisable','Unrecognisable','Unrecognisable','Unrecognisable','Unrecognisable','Unrecognisable','Unrecognisable','Unrecognisable','Unrecognisable','Unrecognisable','Unrecognisable','Unrecognisable','Unrecognisable','Unrecognisable','Unrecognisable','Unrecognisable','Unrecognisable','Unrecognisable','Unrecognisable','Unrecognisable','Unrecognisable','Unrecognisable','Unrecognisable','Unrecognisable','Unrecognisable','Unrecognisable','Unrecognisable','Unrecognisable','Unrecognisable','Unrecognisable','Unrecognisable','Unrecognisable','Unrecognisable','Unrecognisable','Unrecognisable','Unrecognisable','Unrecognisable','Unrecognisable','Unrecognisable','Unrecognisable','Unrecognisable','Unrecognisable','Unrecognisable','Unrecognisable','Unrecognisable','Unrecognisable','Unrecognisable','Unrecognisable','Unrecognisable','Unrecognisable','Unrecognisable','Unrecognisable','Unrecognisable','Unrecognisable','Unrecognisable','Unrecognisable','Unrecognisable','Unrecognisable','Unrecognisable','Unrecognisable','Unrecognisable','Unrecognisable','Unrecognisable','Unrecognisable','Unrecognisable','Unrecognisable','Unrecognisable','Unrecognisable','Unrecognisable','Unrecognisable','Unrecognisable','Unrecognisable','Unrecognisable','Unrecognisable','Unrecognisable','Unrecognisable','Unrecognisable','Unrecognisable','Unrecognisable','Unrecognisable','Unrecognisable','Unrecognisable','Unrecognisable','Unrecognisable','Unrecognisable','Unrecognisable','Unrecognisable','Unrecognisable','Unrecognisable','Unrecognisable','Unrecognisable','Unrecognisable','Unrecognisable','Unrecognisable','Unrecognisable','Unrecognisable','Unrecognisable','Unrecognisable','Unrecognisable','Unrecognisable','Unrecognisable','Unrecognisable','Unrecognisable','Unrecognisable','Unrecognisable','Unrecognisable','Unrecognisable','Unrecognisable','Unrecognisable','Unrecognisable','Unrecognisable','Unrecognisable','Unrecognisable','Unrecognisable','Unrecognisable','Unrecognisable','Unrecognisable','Unrecognisable','Unrecognisable','Unrecognisable','Unrecognisable','Unrecognisable','Unrecognisable','Unrecognisable','Unrecognisable','Unrecognisable','Unrecognisable','Unrecognisable','Unrecognisable','Unrecognisable','Unrecognisable','Unrecognisable','Unrecognisable','Unrecognisable','Unrecognisable','Unrecognisable','Unrecognisable','Unrecognisable','Unrecognisable','Unrecognisable','Unrecognisable','Unrecognisable','Unrecognisable','Unrecognisable','Unrecognisable','Unrecognisable','Unrecognisable','Unrecognisable','Unrecognisable','Unrecognisable','Unrecognisable','Unrecognisable','Unrecognisable','Unrecognisable','Unrecognisable','Unrecognisable','Unrecognisable','Unrecognisable','Unrecognisable','Unrecognisable','Unrecognisable','Unrecognisable','Unrecognisable','Unrecognisable','Unrecognisable','Unrecognisable','Unrecognisable','Unrecognisable','Unrecognisable','Unrecognisable','Unrecognisable','Unrecognisable','Unrecognisable','Unrecognisable','Unrecognisable','Unrecognisable','Unrecognisable','Unrecognisable','Unrecognisable','Unrecognisable','Unrecognisable','Unrecognisable','Unrecognisable','Unrecognisable','Unrecognisable','Unrecognisable','Unrecognisable','Unrecognisable','Unrecognisable','Unrecognisable','Unrecognisable','Unrecognisable','Unrecognisable','Unrecognisable','Unrecognisable','Unrecognisable','Unrecognisable','Unrecognisable','Unrecognisable','Unrecognisable','Unrecognisable','Unrecognisable','Unrecognisable','Unrecognisable','Unrecognisable','Unrecognisable','Unrecognisable','Unrecognisable','Unrecognisable','Unrecognisable','Unrecognisable','Unrecognisable','Unrecognisable','Unrecognisable','Unrecognisable','Unrecognisable','Unrecognisable','Unrecognisable','Unrecognisable','Unrecognisable','Unrecognisable','Unrecognisable','Unrecognisable','Unrecognisable','Unrecognisable','Unrecognisable','Unrecognisable','Unrecognisable','Unrecognisable','Unrecognisable','Unrecognisable','Unrecognisable','Unrecognisable','Unrecognisable','Unrecognisable','Unrecognisable','Unrecognisable','Unrecognisable','Unrecognisable','Unrecognisable','Unrecognisable','Unrecognisable','Unrecognisable','Unrecognisable','Unrecognisable','Unrecognisable','Unrecognisable','Unrecognisable','Unrecognisable','Unrecognisable','Unrecognisable','Unrecognisable','Unrecognisable','Unrecognisable','Unrecognisable','Unrecognisable','Unrecognisable','Unrecognisable','Unrecognisable','Unrecognisable','Unrecognisable','Unrecognisable','Unrecognisable','Unrecognisable','Unrecognisable','Unrecognisable','Unrecognisable','Unrecognisable','Unrecognisable','Unrecognisable','Unrecognisable','Unrecognisable','Unrecognisable','Unrecognisable','Unrecognisable','Unrecognisable','Unrecognisable','Unrecognisable','Unrecognisable','Unrecognisable','Unrecognisable','Unrecognisable','Unrecognisable','Unrecognisable','Unrecognisable','Unrecognisable','Unrecognisable','Unrecognisable','Unrecognisable','Unrecognisable','Unrecognisable','Unrecognisable','Unrecognisable','Unrecognisable','Unrecognisable','Unrecognisable','Unrecognisable','Unrecognisable','Unrecognisable','Unrecognisable','Unrecognisable','Unrecognisable','Unrecognisable','Unrecognisable','Unrecognisable','Unrecognisable','Unrecognisable','Unrecognisable','Unrecognisable','Unrecognisable','Unrecognisable','Unrecognisable','Unrecognisable','Unrecognisable','Unrecognisable','Unrecognisable','Unrecognisable','Unrecognisable','Unrecognisable','Unrecognisable','Unrecognisable','Unrecognisable','Unrecognisable','Unrecognisable','Unrecognisable','Unrecognisable','Unrecognisable','Unrecognisable','Unrecognisable','Unrecognisable','Unrecognisable','Unrecognisable','Unrecognisable','Unrecognisable','Unrecognisable','Unrecognisable','Unrecognisable','Unrecognisable','Unrecognisable','Unrecognisable','Unrecognisable','Unrecognisable','Unrecognisable','Unrecognisable','Unrecognisable','Unrecognisable','Unrecognisable','Unrecognisable','Unrecognisable','Unrecognisable','Unrecognisable','Unrecognisable','Unrecognisable','Unrecognisable','Unrecognisable','Unrecognisable','Unrecognisable','Unrecognisable','Unrecognisable','Unrecognisable','Unrecognisable','Unrecognisable','Unrecognisable','Unrecognisable','Unrecognisable','Unrecognisable','Unrecognisable','Unrecognisable','Unrecognisable','Unrecognisable','Unrecognisable','Unrecognisable','Unrecognisable','Unrecognisable','Unrecognisable','Unrecognisable','Unrecognisable','Unrecognisable','Unrecognisable','Unrecognisable','Unrecognisable','Unrecognisable','Unrecognisable','Unrecognisable','Unrecognisable','Unrecognisable','Unrecognisable','Unrecognisable','Unrecognisable','Unrecognisable','Unrecognisable','Unrecognisable','Unrecognisable','Unrecognisable','Unrecognisable','Unrecognisable','Unrecognisable','Unrecognisable','Unrecognisable','Unrecognisable','Unrecognisable','Unrecognisable','Unrecognisable','Unrecognisable','Unrecognisable','Unrecognisable','Unrecognisable','Unrecognisable','Unrecognisable','Unrecognisable','Unrecognisable','Unrecognisable','Unrecognisable','Unrecognisable','Unrecognisable','Unrecognisable','Unrecognisable','Unrecognisable','Unrecognisable','Unrecognisable','Unrecognisable','Unrecognisable','Unrecognisable','Unrecognisable','Unrecognisable','Unrecognisable','Unrecognisable','Unrecognisable','Unrecognisable','Unrecognisable','Unrecognisable','Unrecognisable','Unrecognisable','Unrecognisable','Unrecognisable','Unrecognisable','Unrecognisable','Unrecognisable','Unrecognisable','Unrecognisable','Unrecognisable','Unrecognisable','Unrecognisable','Unrecognisable','Unrecognisable','Unrecognisable','Unrecognisable','Unrecognisable','Unrecognisable','Unrecognisable','Unrecognisable','Unrecognisable','Unrecognisable','Unrecognisable','Unrecognisable','Unrecognisable','Unrecognisable','Unrecognisable','Unrecognisable','Unrecognisable','Unrecognisable','Unrecognisable','Unrecognisable','Unrecognisable','Unrecognisable','Unrecognisable','Unrecognisable','Unrecognisable','Unrecognisable','Unrecognisable','Unrecognisable','Unrecognisable','Unrecognisable','Unrecognisable','Unrecognisable','Unrecognisable','Unrecognisable','Unrecognisable','Unrecognisable','Unrecognisable','Unrecognisable','Unrecognisable','Unrecognisable','Unrecognisable','Unrecognisable','Unrecognisable','Unrecognisable','Unrecognisable','Unrecognisable','Unrecognisable','Unrecognisable','Unrecognisable','Unrecognisable','Unrecognisable','Unrecognisable','Unrecognisable','Unrecognisable','Unrecognisable','Unrecognisable','Unrecognisable','Unrecognisable','Unrecognisable','Unrecognisable','Unrecognisable','Unrecognisable','Unrecognisable','Unrecognisable','Unrecognisable','Unrecognisable','Unrecognisable','Unrecognisable','Unrecognisable','Unrecognisable','Unrecognisable','Unrecognisable','Unrecognisable','Unrecognisable','Unrecognisable','Unrecognisable','Unrecognisable','Unrecognisable','Unrecognisable','Unrecognisable','Unrecognisable','Unrecognisable','Unrecognisable','Unrecognisable','Unrecognisable','Unrecognisable','Unrecognisable','Unrecognisable','Unrecognisable','Unrecognisable','Unrecognisable','Unrecognisable','Unrecognisable','Unrecognisable','Unrecognisable','Unrecognisable','Unrecognisable','Unrecognisable','Unrecognisable','Unrecognisable','Unrecognisable','Unrecognisable','Unrecognisable','Unrecognisable','Unrecognisable','Unrecognisable','Unrecognisable','Unrecognisable','Unrecognisable','Unrecognisable','Unrecognisable','Unrecognisable','Unrecognisable','Unrecognisable','Unrecognisable','Unrecognisable','Unrecognisable','Unrecognisable','Unrecognisable','Unrecognisable','Unrecognisable','Unrecognisable','Unrecognisable','Unrecognisable','Unrecognisable','Unrecognisable','Unrecognisable','Unrecognisable','Unrecognisable','Unrecognisable','Unrecognisable','Unrecognisable','Unrecognisable','Unrecognisable','Unrecognisable','Unrecognisable','Unrecognisable','Unrecognisable','Unrecognisable','Unrecognisable','Unrecognisable','Unrecognisable','Unrecognisable','Unrecognisable','Unrecognisable','Unrecognisable','Unrecognisable','Unrecognisable','Unrecognisable','Unrecognisable','Unrecognisable','Unrecognisable','Unrecognisable','Unrecognisable','Unrecognisable','Unrecognisable','Unrecognisable','Unrecognisable','Unrecognisable','Unrecognisable','Unrecognisable','Unrecognisable','Unrecognisable','Unrecognisable','Unrecognisable','Unrecognisable','Unrecognisable','Unrecognisable','Unrecognisable','Unrecognisable','Unrecognisable','Unrecognisable','Unrecognisable','Unrecognisable','Unrecognisable','Unrecognisable','Unrecognisable','Unrecognisable','Unrecognisable','Unrecognisable','Unrecognisable','Unrecognisable','Unrecognisable','Unrecognisable','Unrecognisable','Unrecognisable','Unrecognisable','Unrecognisable','Unrecognisable','Unrecognisable','Unrecognisable','Unrecognisable','Unrecognisable','Unrecognisable','Unrecognisable','Unrecognisable','Unrecognisable','Unrecognisable','Unrecognisable','Unrecognisable','Unrecognisable','Unrecognisable','Unrecognisable','Unrecognisable','Unrecognisable','Unrecognisable','Unrecognisable','Unrecognisable','Unrecognisable','Unrecognisable','Unrecognisable','Unrecognisable','Unrecognisable','Unrecognisable','Unrecognisable','Unrecognisable','Unrecognisable','Unrecognisable','Unrecognisable','Unrecognisable','Unrecognisable','Unrecognisable','Unrecognisable','Unrecognisable','Unrecognisable','Unrecognisable','Unrecognisable','Unrecognisable','Unrecognisable','Unrecognisable','Unrecognisable','Unrecognisable','Unrecognisable','Unrecognisable','Unrecognisable','Unrecognisable','Unrecognisable','Unrecognisable','Unrecognisable','Unrecognisable','Unrecognisable','Unrecognisable','Unrecognisable','Unrecognisable','Unrecognisable','Unrecognisable','Unrecognisable','Unrecognisable','Unrecognisable','Unrecognisable','Unrecognisable','Unrecognisable','Unrecognisable','Unrecognisable','Unrecognisable','Unrecognisable','Unrecognisable','Unrecognisable','Unrecognisable','Unrecognisable','Unrecognisable','Unrecognisable','Unrecognisable','Unrecognisable','Unrecognisable','Unrecognisable','Unrecognisable','Unrecognisable','Unrecognisable','Unrecognisable','Unrecognisable','Unrecognisable','Unrecognisable','Unrecognisable','Unrecognisable','Unrecognisable','Unrecognisable','Unrecognisable','Unrecognisable','Unrecognisable','Unrecognisable','Unrecognisable','Unrecognisable','Unrecognisable','Unrecognisable','Unrecognisable','Unrecognisable','Unrecognisable','Unrecognisable','Unrecognisable','Unrecognisable','Unrecognisable','Unrecognisable','Unrecognisable','Unrecognisable','Unrecognisable','Unrecognisable','Unrecognisable','Unrecognisable','Unrecognisable','Unrecognisable','Unrecognisable','Unrecognisable','Unrecognisable','Unrecognisable','Unrecognisable','Unrecognisable','Unrecognisable','Unrecognisable','Unrecognisable','Unrecognisable','Unrecognisable','Unrecognisable','Unrecognisable','Unrecognisable','Unrecognisable','Unrecognisable','Unrecognisable','Unrecognisable','Unrecognisable','Unrecognisable','Unrecognisable','Unrecognisable','Unrecognisable','Unrecognisable','Unrecognisable','Unrecognisable','Unrecognisable','Unrecognisable','Unrecognisable','Unrecognisable','Unrecognisable','Unrecognisable','Unrecognisable','Unrecognisable','Unrecognisable','Unrecognisable','Unrecognisable','Unrecognisable','Unrecognisable','Unrecognisable','Unrecognisable','Unrecognisable','Unrecognisable','Unrecognisable','Unrecognisable','Unrecognisable','Unrecognisable','Unrecognisable','Unrecognisable','Unrecognisable','Unrecognisable','Unrecognisable','Unrecognisable','Unrecognisable','Unrecognisable','Unrecognisable','Unrecognisable','Unrecognisable','Unrecognisable','Unrecognisable','Unrecognisable','Unrecognisable','Unrecognisable','Unrecognisable','Unrecognisable','Unrecognisable','Unrecognisable','Unrecognisable','Unrecognisable','Unrecognisable','Unrecognisable','Unrecognisable','Unrecognisable','Unrecognisable','Unrecognisable','Unrecognisable','Unrecognisable','Unrecognisable','Unrecognisable','Unrecognisable','Unrecognisable','Unrecognisable','Unrecognisable','Unrecognisable','Unrecognisable','Unrecognisable','Unrecognisable','Unrecognisable','Unrecognisable','Unrecognisable','Unrecognisable','Unrecognisable','Unrecognisable','Unrecognisable','Unrecognisable','Unrecognisable','Unrecognisable','Unrecognisable','Unrecognisable','Unrecognisable','Unrecognisable','Unrecognisable','Unrecognisable','Unrecognisable','Unrecognisable','Unrecognisable','Unrecognisable','Unrecognisable','Unrecognisable','Unrecognisable','Unrecognisable','Unrecognisable','Unrecognisable','Unrecognisable','Unrecognisable','Unrecognisable','Unrecognisable','Unrecognisable','Unrecognisable','Unrecognisable','Unrecognisable','Unrecognisable','Unrecognisable','Unrecognisable','Unrecognisable','Unrecognisable','Unrecognisable','Unrecognisable','Unrecognisable','Unrecognisable','Unrecognisable','Unrecognisable','Unrecognisable','Unrecognisable','Unrecognisable','Unrecognisable','Unrecognisable','Unrecognisable','Unrecognisable','Unrecognisable','Unrecognisable','Unrecognisable','Unrecognisable','Unrecognisable','Unrecognisable','Unrecognisable','Unrecognisable','Unrecognisable','Unrecognisable','Unrecognisable','Unrecognisable','Unrecognisable','Unrecognisable','Unrecognisable','Unrecognisable','Unrecognisable','Unrecognisable','Unrecognisable','Unrecognisable','Unrecognisable','Unrecognisable','Unrecognisable','Unrecognisable','Unrecognisable')]>
2012-02-01 15:22:31,414 DEBUG [org.springframework.jdbc.datasource.DataSourceUtils] - <Fetching JDBC Connection from DataSource>
2012-02-01 15:22:32,164 DEBUG [org.springframework.jdbc.datasource.DataSourceUtils] - <Returning JDBC Connection to DataSource>
2012-02-01 15:22:32,164 INFO [org.gosh.validation.tributes.GiftReferenceNoRecogniserTransformer] - <End of Transformation>
]]></system-out>
  <system-err><![CDATA[]]></system-err>
</testsuite>
