<?xml version="1.0" encoding="UTF-8" ?>
<testsuite errors="0" failures="0" hostname="GOSHCC-ASDEV" name="org.gosh.validation.ConfigTest" tests="1" time="0.125" timestamp="2012-02-01T15:22:29">
  <properties>
[...]
</properties>
  <testcase classname="org.gosh.validation.ConfigTest" name="test" time="0.125" />
  <system-out><![CDATA[2012-02-01 15:22:29,039 INFO [org.gosh.validation.ConfigTest] - <Loading context for locations: classpath:config.xml>
2012-02-01 15:22:29,039 DEBUG [org.springframework.core.CollectionFactory] - <Creating [java.util.concurrent.ConcurrentHashMap]>
2012-02-01 15:22:29,039 DEBUG [org.springframework.core.CollectionFactory] - <Creating [java.util.concurrent.ConcurrentHashMap]>
2012-02-01 15:22:29,039 DEBUG [org.springframework.core.CollectionFactory] - <Creating [java.util.concurrent.ConcurrentHashMap]>
2012-02-01 15:22:29,039 DEBUG [org.springframework.core.CollectionFactory] - <Creating [java.util.concurrent.ConcurrentHashMap]>
2012-02-01 15:22:29,039 DEBUG [org.springframework.core.CollectionFactory] - <Creating [java.util.concurrent.ConcurrentHashMap]>
2012-02-01 15:22:29,039 DEBUG [org.springframework.core.CollectionFactory] - <Creating [java.util.concurrent.ConcurrentHashMap]>
2012-02-01 15:22:29,039 DEBUG [org.springframework.core.CollectionFactory] - <Creating [java.util.concurrent.ConcurrentHashMap]>
2012-02-01 15:22:29,039 DEBUG [org.springframework.core.CollectionFactory] - <Creating [java.util.concurrent.ConcurrentHashMap]>
2012-02-01 15:22:29,039 INFO [org.springframework.beans.factory.xml.XmlBeanDefinitionReader] - <Loading XML bean definitions from class path resource [config.xml]>
2012-02-01 15:22:29,039 DEBUG [org.springframework.beans.factory.xml.DefaultDocumentLoader] - <Using JAXP provider [org.apache.xerces.jaxp.DocumentBuilderFactoryImpl]>
2012-02-01 15:22:29,039 DEBUG [org.springframework.beans.factory.xml.PluggableSchemaResolver] - <Trying to resolve XML entity with public id [null] and system id [http://www.springframework.org/schema/beans/spring-beans-2.5.xsd]>
2012-02-01 15:22:29,039 DEBUG [org.springframework.beans.factory.xml.PluggableSchemaResolver] - <Loading schema mappings from [META-INF/spring.schemas]>
2012-02-01 15:22:29,039 DEBUG [org.springframework.beans.factory.xml.PluggableSchemaResolver] - <Loaded schema mappings: {http://www.springframework.org/schema/lang/spring-lang.xsd=org/springframework/scripting/config/spring-lang-2.5.xsd, http://www.springframework.org/schema/lang/spring-lang-2.5.xsd=org/springframework/scripting/config/spring-lang-2.5.xsd, http://www.springframework.org/schema/context/spring-context-2.5.xsd=org/springframework/context/config/spring-context-2.5.xsd, http://www.springframework.org/schema/integration/xml/spring-integration-xml-1.0.xsd=org/springframework/integration/xml/config/spring-integration-xml-1.0.xsd, http://www.springframework.org/schema/jms/spring-jms-2.5.xsd=org/springframework/jms/config/spring-jms-2.5.xsd, http://www.springframework.org/schema/context/spring-context.xsd=org/springframework/context/config/spring-context-2.5.xsd, http://www.springframework.org/schema/aop/spring-aop.xsd=org/springframework/aop/config/spring-aop-2.5.xsd, http://www.springframework.org/schema/util/spring-util-2.0.xsd=org/springframework/beans/factory/xml/spring-util-2.0.xsd, http://www.springframework.org/schema/integration/file/spring-integration-file-1.0.xsd=org/springframework/integration/file/config/spring-integration-file-1.0.xsd, http://www.springframework.org/schema/util/spring-util-2.5.xsd=org/springframework/beans/factory/xml/spring-util-2.5.xsd, http://www.springframework.org/schema/tool/spring-tool-2.0.xsd=org/springframework/beans/factory/xml/spring-tool-2.0.xsd, http://www.springframework.org/schema/tx/spring-tx-2.0.xsd=org/springframework/transaction/config/spring-tx-2.0.xsd, http://www.springframework.org/schema/tool/spring-tool-2.5.xsd=org/springframework/beans/factory/xml/spring-tool-2.5.xsd, http://www.springframework.org/schema/tx/spring-tx-2.5.xsd=org/springframework/transaction/config/spring-tx-2.5.xsd, http://www.springframework.org/schema/beans/spring-beans-2.0.xsd=org/springframework/beans/factory/xml/spring-beans-2.0.xsd, http://www.springframework.org/schema/integration/mail/spring-integration-mail-1.0.xsd=org/springframework/integration/mail/config/spring-integration-mail-1.0.xsd, http://www.springframework.org/schema/jms/spring-jms.xsd=org/springframework/jms/config/spring-jms-2.5.xsd, http://www.springframework.org/schema/beans/spring-beans-2.5.xsd=org/springframework/beans/factory/xml/spring-beans-2.5.xsd, http://www.springframework.org/schema/beans/spring-beans.xsd=org/springframework/beans/factory/xml/spring-beans-2.5.xsd, http://www.springframework.org/schema/jee/spring-jee.xsd=org/springframework/ejb/config/spring-jee-2.5.xsd, http://www.springframework.org/schema/tool/spring-tool.xsd=org/springframework/beans/factory/xml/spring-tool-2.5.xsd, http://www.springframework.org/schema/tx/spring-tx.xsd=org/springframework/transaction/config/spring-tx-2.5.xsd, http://www.springframework.org/schema/jee/spring-jee-2.0.xsd=org/springframework/ejb/config/spring-jee-2.0.xsd, http://www.springframework.org/schema/aop/spring-aop-2.0.xsd=org/springframework/aop/config/spring-aop-2.0.xsd, http://www.springframework.org/schema/aop/spring-aop-2.5.xsd=org/springframework/aop/config/spring-aop-2.5.xsd, http://www.springframework.org/schema/jee/spring-jee-2.5.xsd=org/springframework/ejb/config/spring-jee-2.5.xsd, http://www.springframework.org/schema/lang/spring-lang-2.0.xsd=org/springframework/scripting/config/spring-lang-2.0.xsd, http://www.springframework.org/schema/util/spring-util.xsd=org/springframework/beans/factory/xml/spring-util-2.5.xsd, http://www.springframework.org/schema/integration/spring-integration-1.0.xsd=org/springframework/integration/config/xml/spring-integration-1.0.xsd}>
2012-02-01 15:22:29,039 DEBUG [org.springframework.beans.factory.xml.PluggableSchemaResolver] - <Found XML schema [http://www.springframework.org/schema/beans/spring-beans-2.5.xsd] in classpath: org/springframework/beans/factory/xml/spring-beans-2.5.xsd>
2012-02-01 15:22:29,070 DEBUG [org.springframework.beans.factory.xml.PluggableSchemaResolver] - <Trying to resolve XML entity with public id [null] and system id [http://www.springframework.org/schema/util/spring-util-2.5.xsd]>
2012-02-01 15:22:29,070 DEBUG [org.springframework.beans.factory.xml.PluggableSchemaResolver] - <Found XML schema [http://www.springframework.org/schema/util/spring-util-2.5.xsd] in classpath: org/springframework/beans/factory/xml/spring-util-2.5.xsd>
2012-02-01 15:22:29,070 DEBUG [org.springframework.beans.factory.xml.DefaultBeanDefinitionDocumentReader] - <Loading bean definitions>
2012-02-01 15:22:29,070 DEBUG [org.springframework.beans.factory.xml.BeanDefinitionParserDelegate] - <Neither XML 'id' nor 'name' specified - using generated bean name [org.gosh.validation.general.deduplication.FieldWeighting#115fa10]>
2012-02-01 15:22:29,070 DEBUG [org.springframework.beans.factory.xml.BeanDefinitionParserDelegate] - <Neither XML 'id' nor 'name' specified - using generated bean name [org.gosh.validation.general.deduplication.FieldWeighting#1d451d2]>
2012-02-01 15:22:29,070 DEBUG [org.springframework.beans.factory.xml.BeanDefinitionParserDelegate] - <Neither XML 'id' nor 'name' specified - using generated bean name [org.gosh.validation.general.deduplication.FieldWeighting#47b708]>
2012-02-01 15:22:29,070 DEBUG [org.springframework.beans.factory.xml.BeanDefinitionParserDelegate] - <Neither XML 'id' nor 'name' specified - using generated bean name [org.gosh.validation.general.deduplication.FieldWeighting#41986b]>
2012-02-01 15:22:29,070 DEBUG [org.springframework.beans.factory.xml.BeanDefinitionParserDelegate] - <Neither XML 'id' nor 'name' specified - using generated bean name [org.gosh.validation.general.deduplication.FieldWeighting#7dcb32]>
2012-02-01 15:22:29,070 DEBUG [org.springframework.beans.factory.xml.BeanDefinitionParserDelegate] - <Neither XML 'id' nor 'name' specified - using generated bean name [org.gosh.validation.general.deduplication.FieldWeighting#a760b2]>
2012-02-01 15:22:29,070 DEBUG [org.springframework.beans.factory.xml.BeanDefinitionParserDelegate] - <Neither XML 'id' nor 'name' specified - using generated bean name [org.gosh.validation.general.deduplication.FieldWeighting#bd477a]>
2012-02-01 15:22:29,070 DEBUG [org.springframework.beans.factory.xml.BeanDefinitionParserDelegate] - <Neither XML 'id' nor 'name' specified - using generated bean name [org.gosh.validation.general.deduplication.FieldWeighting#9fb8b6]>
2012-02-01 15:22:29,070 DEBUG [org.springframework.beans.factory.xml.BeanDefinitionParserDelegate] - <Neither XML 'id' nor 'name' specified - using generated bean name [org.gosh.validation.general.deduplication.FieldWeighting#17e649]>
2012-02-01 15:22:29,070 DEBUG [org.springframework.beans.factory.xml.BeanDefinitionParserDelegate] - <Neither XML 'id' nor 'name' specified - using generated bean name [org.gosh.validation.general.deduplication.FieldWeighting#10fcdf3]>
2012-02-01 15:22:29,070 DEBUG [org.springframework.beans.factory.xml.BeanDefinitionParserDelegate] - <Neither XML 'id' nor 'name' specified - using generated bean name [org.gosh.validation.general.deduplication.FieldWeighting#9a4ba3]>
2012-02-01 15:22:29,070 DEBUG [org.springframework.beans.factory.xml.BeanDefinitionParserDelegate] - <Neither XML 'id' nor 'name' specified - using generated bean name [org.gosh.validation.general.deduplication.FieldWeighting#764838]>
2012-02-01 15:22:29,086 DEBUG [org.springframework.beans.factory.xml.DefaultNamespaceHandlerResolver] - <Loaded mappings [{http://www.springframework.org/schema/p=org.springframework.beans.factory.xml.SimplePropertyNamespaceHandler, http://www.springframework.org/schema/util=org.springframework.beans.factory.xml.UtilNamespaceHandler, http://www.springframework.org/schema/jee=org.springframework.ejb.config.JeeNamespaceHandler, http://www.springframework.org/schema/aop=org.springframework.aop.config.AopNamespaceHandler, http://www.springframework.org/schema/integration/xml=org.springframework.integration.xml.config.IntegrationXmlNamespaceHandler, http://www.springframework.org/schema/tx=org.springframework.transaction.config.TxNamespaceHandler, http://www.springframework.org/schema/integration=org.springframework.integration.config.xml.IntegrationNamespaceHandler, http://www.springframework.org/schema/integration/file=org.springframework.integration.file.config.FileNamespaceHandler, http://www.springframework.org/schema/lang=org.springframework.scripting.config.LangNamespaceHandler, http://www.springframework.org/schema/jms=org.springframework.jms.config.JmsNamespaceHandler, http://www.springframework.org/schema/integration/mail=org.springframework.integration.mail.config.MailNamespaceHandler, http://www.springframework.org/schema/context=org.springframework.context.config.ContextNamespaceHandler}]>
2012-02-01 15:22:29,086 DEBUG [org.springframework.beans.factory.xml.BeanDefinitionParserDelegate] - <Neither XML 'id' nor 'name' specified - using generated bean name [org.springframework.beans.factory.config.PropertyPlaceholderConfigurer#0]>
2012-02-01 15:22:29,086 DEBUG [org.springframework.beans.factory.xml.XmlBeanDefinitionReader] - <Loaded 10 bean definitions from location pattern [classpath:config.xml]>
2012-02-01 15:22:29,086 INFO [org.springframework.context.support.GenericApplicationContext] - <Refreshing org.springframework.context.support.GenericApplicationContext@11e3c55: display name [org.springframework.context.support.GenericApplicationContext@11e3c55]; startup date [Wed Feb 01 15:22:29 GMT 2012]; root of context hierarchy>
2012-02-01 15:22:29,086 INFO [org.springframework.context.support.GenericApplicationContext] - <Bean factory for application context [org.springframework.context.support.GenericApplicationContext@11e3c55]: org.springframework.beans.factory.support.DefaultListableBeanFactory@23ed31>
2012-02-01 15:22:29,086 DEBUG [org.springframework.context.support.GenericApplicationContext] - <10 beans defined in org.springframework.context.support.GenericApplicationContext@11e3c55: display name [org.springframework.context.support.GenericApplicationContext@11e3c55]; startup date [Wed Feb 01 15:22:29 GMT 2012]; root of context hierarchy>
2012-02-01 15:22:29,086 DEBUG [org.springframework.beans.factory.support.DefaultListableBeanFactory] - <Creating shared instance of singleton bean 'org.springframework.beans.factory.config.PropertyPlaceholderConfigurer#0'>
2012-02-01 15:22:29,086 DEBUG [org.springframework.beans.factory.support.DefaultListableBeanFactory] - <Creating instance of bean 'org.springframework.beans.factory.config.PropertyPlaceholderConfigurer#0'>
2012-02-01 15:22:29,086 DEBUG [org.springframework.beans.factory.support.DefaultListableBeanFactory] - <Eagerly caching bean 'org.springframework.beans.factory.config.PropertyPlaceholderConfigurer#0' to allow for resolving potential circular references>
2012-02-01 15:22:29,086 DEBUG [org.springframework.beans.factory.support.DefaultListableBeanFactory] - <Creating shared instance of singleton bean 'properties'>
2012-02-01 15:22:29,086 DEBUG [org.springframework.beans.factory.support.DefaultListableBeanFactory] - <Creating instance of bean 'properties'>
2012-02-01 15:22:29,086 DEBUG [org.springframework.beans.factory.support.DefaultListableBeanFactory] - <Eagerly caching bean 'properties' to allow for resolving potential circular references>
2012-02-01 15:22:29,086 DEBUG [org.springframework.beans.TypeConverterDelegate] - <Converting String to [interface org.springframework.core.io.Resource] using property editor [org.springframework.core.io.ResourceEditor@1e7d8b1]>
2012-02-01 15:22:29,086 DEBUG [org.springframework.beans.factory.support.DefaultListableBeanFactory] - <Invoking afterPropertiesSet() on bean with name 'properties'>
2012-02-01 15:22:29,086 INFO [org.springframework.beans.factory.config.PropertiesFactoryBean] - <Loading properties file from class path resource [org/gosh/validation/application/test.properties]>
2012-02-01 15:22:29,086 DEBUG [org.springframework.beans.factory.support.DefaultListableBeanFactory] - <Finished creating instance of bean 'properties'>
2012-02-01 15:22:29,086 DEBUG [org.springframework.beans.factory.support.DefaultListableBeanFactory] - <Finished creating instance of bean 'org.springframework.beans.factory.config.PropertyPlaceholderConfigurer#0'>
2012-02-01 15:22:29,086 DEBUG [org.springframework.beans.factory.config.PropertyPlaceholderConfigurer] - <Resolved placeholder 'reDataSource.dbname'>
2012-02-01 15:22:29,086 DEBUG [org.springframework.beans.factory.config.PropertyPlaceholderConfigurer] - <Resolved placeholder 'reDataSource.svrname'>
2012-02-01 15:22:29,086 DEBUG [org.springframework.beans.factory.config.PropertyPlaceholderConfigurer] - <Resolved placeholder 'reDataSource.port'>
2012-02-01 15:22:29,086 DEBUG [org.springframework.beans.factory.config.PropertyPlaceholderConfigurer] - <Resolved placeholder 'reDataSource.username'>
2012-02-01 15:22:29,086 DEBUG [org.springframework.beans.factory.config.PropertyPlaceholderConfigurer] - <Resolved placeholder 'reDataSource.password'>
2012-02-01 15:22:29,086 DEBUG [org.springframework.beans.factory.config.PropertyPlaceholderConfigurer] - <Resolved placeholder 'legacyDataSource.dbname'>
2012-02-01 15:22:29,086 DEBUG [org.springframework.beans.factory.config.PropertyPlaceholderConfigurer] - <Resolved placeholder 'legacyDataSource.svrname'>
2012-02-01 15:22:29,086 DEBUG [org.springframework.beans.factory.config.PropertyPlaceholderConfigurer] - <Resolved placeholder 'legacyDataSource.port'>
2012-02-01 15:22:29,086 DEBUG [org.springframework.beans.factory.config.PropertyPlaceholderConfigurer] - <Resolved placeholder 'legacyDataSource.username'>
2012-02-01 15:22:29,086 DEBUG [org.springframework.beans.factory.config.PropertyPlaceholderConfigurer] - <Resolved placeholder 'legacyDataSource.password'>
2012-02-01 15:22:29,086 DEBUG [org.springframework.beans.factory.config.PropertyPlaceholderConfigurer] - <Resolved placeholder 'webDonationsLegacyDataSource.dbname'>
2012-02-01 15:22:29,086 DEBUG [org.springframework.beans.factory.config.PropertyPlaceholderConfigurer] - <Resolved placeholder 'webDonationsLegacyDataSource.svrname'>
2012-02-01 15:22:29,086 DEBUG [org.springframework.beans.factory.config.PropertyPlaceholderConfigurer] - <Resolved placeholder 'webDonationsLegacyDataSource.port'>
2012-02-01 15:22:29,086 DEBUG [org.springframework.beans.factory.config.PropertyPlaceholderConfigurer] - <Resolved placeholder 'webDonationsLegacyDataSource.username'>
2012-02-01 15:22:29,086 DEBUG [org.springframework.beans.factory.config.PropertyPlaceholderConfigurer] - <Resolved placeholder 'webDonationsLegacyDataSource.password'>
2012-02-01 15:22:29,086 DEBUG [org.springframework.beans.factory.config.PropertyPlaceholderConfigurer] - <Resolved placeholder 'supplierBatchNumberLog.table'>
2012-02-01 15:22:29,086 DEBUG [org.springframework.context.support.GenericApplicationContext] - <Unable to locate MessageSource with name 'messageSource': using default [org.springframework.context.support.DelegatingMessageSource@437b9a]>
2012-02-01 15:22:29,086 DEBUG [org.springframework.context.support.GenericApplicationContext] - <Unable to locate ApplicationEventMulticaster with name 'applicationEventMulticaster': using default [org.springframework.context.event.SimpleApplicationEventMulticaster@67e5a7]>
2012-02-01 15:22:29,086 INFO [org.springframework.beans.factory.support.DefaultListableBeanFactory] - <Pre-instantiating singletons in org.springframework.beans.factory.support.DefaultListableBeanFactory@23ed31: defining beans [fuzzyLookupTransformer,weightedScoringMatcher,reCodeTableValidationTransformer,relationshipReciprocalGuessingTransformer,reDataSource,legacyDataSource,webDonationsLegacyDataSource,supplierBatchNumberLog,properties,org.springframework.beans.factory.config.PropertyPlaceholderConfigurer#0]; root of factory hierarchy>
2012-02-01 15:22:29,086 DEBUG [org.springframework.beans.factory.support.DefaultListableBeanFactory] - <Creating shared instance of singleton bean 'fuzzyLookupTransformer'>
2012-02-01 15:22:29,086 DEBUG [org.springframework.beans.factory.support.DefaultListableBeanFactory] - <Creating instance of bean 'fuzzyLookupTransformer'>
2012-02-01 15:22:29,086 DEBUG [org.springframework.beans.factory.support.DefaultListableBeanFactory] - <Eagerly caching bean 'fuzzyLookupTransformer' to allow for resolving potential circular references>
2012-02-01 15:22:29,086 DEBUG [org.springframework.beans.factory.support.DefaultListableBeanFactory] - <Creating shared instance of singleton bean 'reDataSource'>
2012-02-01 15:22:29,086 DEBUG [org.springframework.beans.factory.support.DefaultListableBeanFactory] - <Creating instance of bean 'reDataSource'>
2012-02-01 15:22:29,086 DEBUG [org.springframework.beans.factory.support.DefaultListableBeanFactory] - <Eagerly caching bean 'reDataSource' to allow for resolving potential circular references>
2012-02-01 15:22:29,086 DEBUG [org.springframework.beans.TypeConverterDelegate] - <Converting String to [int] using property editor [org.springframework.beans.propertyeditors.CustomNumberEditor@1165e21]>
2012-02-01 15:22:29,086 DEBUG [org.springframework.beans.factory.support.DefaultListableBeanFactory] - <Finished creating instance of bean 'reDataSource'>
2012-02-01 15:22:29,086 DEBUG [org.springframework.beans.factory.support.DefaultListableBeanFactory] - <Autowiring by type from bean name 'fuzzyLookupTransformer' via property 'dataSource' to bean named 'reDataSource'>
2012-02-01 15:22:29,086 DEBUG [org.springframework.beans.factory.support.DefaultListableBeanFactory] - <Finished creating instance of bean 'fuzzyLookupTransformer'>
2012-02-01 15:22:29,086 DEBUG [org.springframework.beans.factory.support.DefaultListableBeanFactory] - <Creating shared instance of singleton bean 'weightedScoringMatcher'>
2012-02-01 15:22:29,086 DEBUG [org.springframework.beans.factory.support.DefaultListableBeanFactory] - <Creating instance of bean 'weightedScoringMatcher'>
2012-02-01 15:22:29,086 DEBUG [org.springframework.beans.factory.support.DefaultListableBeanFactory] - <Eagerly caching bean 'weightedScoringMatcher' to allow for resolving potential circular references>
2012-02-01 15:22:29,086 DEBUG [org.springframework.beans.TypeConverterDelegate] - <Converting String to [int] using property editor [org.springframework.beans.propertyeditors.CustomNumberEditor@17de5ce]>
2012-02-01 15:22:29,086 DEBUG [org.springframework.beans.factory.support.DefaultListableBeanFactory] - <Creating instance of bean 'org.gosh.validation.general.deduplication.FieldWeighting#115fa10'>
2012-02-01 15:22:29,086 DEBUG [org.springframework.beans.TypeConverterDelegate] - <Converting String to [int] using property editor [org.springframework.beans.propertyeditors.CustomNumberEditor@7a6e84]>
2012-02-01 15:22:29,086 DEBUG [org.springframework.beans.factory.support.DefaultListableBeanFactory] - <Finished creating instance of bean 'org.gosh.validation.general.deduplication.FieldWeighting#115fa10'>
2012-02-01 15:22:29,086 DEBUG [org.springframework.beans.factory.support.DefaultListableBeanFactory] - <Creating instance of bean 'org.gosh.validation.general.deduplication.FieldWeighting#1d451d2'>
2012-02-01 15:22:29,086 DEBUG [org.springframework.beans.TypeConverterDelegate] - <Converting String to [int] using property editor [org.springframework.beans.propertyeditors.CustomNumberEditor@1eda7a3]>
2012-02-01 15:22:29,086 DEBUG [org.springframework.beans.TypeConverterDelegate] - <Converting String to [int] using property editor [org.springframework.beans.propertyeditors.CustomNumberEditor@1eda7a3]>
2012-02-01 15:22:29,086 DEBUG [org.springframework.beans.factory.support.DefaultListableBeanFactory] - <Finished creating instance of bean 'org.gosh.validation.general.deduplication.FieldWeighting#1d451d2'>
2012-02-01 15:22:29,102 DEBUG [org.springframework.beans.factory.support.DefaultListableBeanFactory] - <Creating instance of bean 'org.gosh.validation.general.deduplication.FieldWeighting#47b708'>
2012-02-01 15:22:29,102 DEBUG [org.springframework.beans.TypeConverterDelegate] - <Converting String to [int] using property editor [org.springframework.beans.propertyeditors.CustomNumberEditor@198df1f]>
2012-02-01 15:22:29,102 DEBUG [org.springframework.beans.factory.support.DefaultListableBeanFactory] - <Finished creating instance of bean 'org.gosh.validation.general.deduplication.FieldWeighting#47b708'>
2012-02-01 15:22:29,102 DEBUG [org.springframework.beans.factory.support.DefaultListableBeanFactory] - <Creating instance of bean 'org.gosh.validation.general.deduplication.FieldWeighting#41986b'>
2012-02-01 15:22:29,102 DEBUG [org.springframework.beans.TypeConverterDelegate] - <Converting String to [int] using property editor [org.springframework.beans.propertyeditors.CustomNumberEditor@6a40d6]>
2012-02-01 15:22:29,102 DEBUG [org.springframework.beans.factory.support.DefaultListableBeanFactory] - <Finished creating instance of bean 'org.gosh.validation.general.deduplication.FieldWeighting#41986b'>
2012-02-01 15:22:29,102 DEBUG [org.springframework.beans.factory.support.DefaultListableBeanFactory] - <Creating instance of bean 'org.gosh.validation.general.deduplication.FieldWeighting#7dcb32'>
2012-02-01 15:22:29,102 DEBUG [org.springframework.beans.TypeConverterDelegate] - <Converting String to [int] using property editor [org.springframework.beans.propertyeditors.CustomNumberEditor@2a9403]>
2012-02-01 15:22:29,102 DEBUG [org.springframework.beans.factory.support.DefaultListableBeanFactory] - <Finished creating instance of bean 'org.gosh.validation.general.deduplication.FieldWeighting#7dcb32'>
2012-02-01 15:22:29,102 DEBUG [org.springframework.beans.factory.support.DefaultListableBeanFactory] - <Creating instance of bean 'org.gosh.validation.general.deduplication.FieldWeighting#a760b2'>
2012-02-01 15:22:29,102 DEBUG [org.springframework.beans.TypeConverterDelegate] - <Converting String to [int] using property editor [org.springframework.beans.propertyeditors.CustomNumberEditor@15b73eb]>
2012-02-01 15:22:29,102 DEBUG [org.springframework.beans.factory.support.DefaultListableBeanFactory] - <Finished creating instance of bean 'org.gosh.validation.general.deduplication.FieldWeighting#a760b2'>
2012-02-01 15:22:29,102 DEBUG [org.springframework.beans.factory.support.DefaultListableBeanFactory] - <Creating instance of bean 'org.gosh.validation.general.deduplication.FieldWeighting#bd477a'>
2012-02-01 15:22:29,102 DEBUG [org.springframework.beans.TypeConverterDelegate] - <Converting String to [int] using property editor [org.springframework.beans.propertyeditors.CustomNumberEditor@1176de6]>
2012-02-01 15:22:29,102 DEBUG [org.springframework.beans.factory.support.DefaultListableBeanFactory] - <Finished creating instance of bean 'org.gosh.validation.general.deduplication.FieldWeighting#bd477a'>
2012-02-01 15:22:29,102 DEBUG [org.springframework.beans.factory.support.DefaultListableBeanFactory] - <Creating instance of bean 'org.gosh.validation.general.deduplication.FieldWeighting#9fb8b6'>
2012-02-01 15:22:29,102 DEBUG [org.springframework.beans.TypeConverterDelegate] - <Converting String to [int] using property editor [org.springframework.beans.propertyeditors.CustomNumberEditor@1303a7a]>
2012-02-01 15:22:29,102 DEBUG [org.springframework.beans.factory.support.DefaultListableBeanFactory] - <Finished creating instance of bean 'org.gosh.validation.general.deduplication.FieldWeighting#9fb8b6'>
2012-02-01 15:22:29,102 DEBUG [org.springframework.beans.factory.support.DefaultListableBeanFactory] - <Creating instance of bean 'org.gosh.validation.general.deduplication.FieldWeighting#17e649'>
2012-02-01 15:22:29,102 DEBUG [org.springframework.beans.TypeConverterDelegate] - <Converting String to [int] using property editor [org.springframework.beans.propertyeditors.CustomNumberEditor@14f223f]>
2012-02-01 15:22:29,102 DEBUG [org.springframework.beans.factory.support.DefaultListableBeanFactory] - <Finished creating instance of bean 'org.gosh.validation.general.deduplication.FieldWeighting#17e649'>
2012-02-01 15:22:29,102 DEBUG [org.springframework.beans.factory.support.DefaultListableBeanFactory] - <Creating instance of bean 'org.gosh.validation.general.deduplication.FieldWeighting#10fcdf3'>
2012-02-01 15:22:29,102 DEBUG [org.springframework.beans.TypeConverterDelegate] - <Converting String to [int] using property editor [org.springframework.beans.propertyeditors.CustomNumberEditor@51672e]>
2012-02-01 15:22:29,102 DEBUG [org.springframework.beans.factory.support.DefaultListableBeanFactory] - <Finished creating instance of bean 'org.gosh.validation.general.deduplication.FieldWeighting#10fcdf3'>
2012-02-01 15:22:29,102 DEBUG [org.springframework.beans.factory.support.DefaultListableBeanFactory] - <Creating instance of bean 'org.gosh.validation.general.deduplication.FieldWeighting#9a4ba3'>
2012-02-01 15:22:29,102 DEBUG [org.springframework.beans.TypeConverterDelegate] - <Converting String to [int] using property editor [org.springframework.beans.propertyeditors.CustomNumberEditor@4d273a]>
2012-02-01 15:22:29,102 DEBUG [org.springframework.beans.factory.support.DefaultListableBeanFactory] - <Finished creating instance of bean 'org.gosh.validation.general.deduplication.FieldWeighting#9a4ba3'>
2012-02-01 15:22:29,102 DEBUG [org.springframework.beans.factory.support.DefaultListableBeanFactory] - <Creating instance of bean 'org.gosh.validation.general.deduplication.FieldWeighting#764838'>
2012-02-01 15:22:29,102 DEBUG [org.springframework.beans.TypeConverterDelegate] - <Converting String to [int] using property editor [org.springframework.beans.propertyeditors.CustomNumberEditor@14a8134]>
2012-02-01 15:22:29,102 DEBUG [org.springframework.beans.factory.support.DefaultListableBeanFactory] - <Finished creating instance of bean 'org.gosh.validation.general.deduplication.FieldWeighting#764838'>
2012-02-01 15:22:29,102 DEBUG [org.springframework.beans.factory.support.DefaultListableBeanFactory] - <Finished creating instance of bean 'weightedScoringMatcher'>
2012-02-01 15:22:29,102 DEBUG [org.springframework.beans.factory.support.DefaultListableBeanFactory] - <Creating shared instance of singleton bean 'reCodeTableValidationTransformer'>
2012-02-01 15:22:29,102 DEBUG [org.springframework.beans.factory.support.DefaultListableBeanFactory] - <Creating instance of bean 'reCodeTableValidationTransformer'>
2012-02-01 15:22:29,102 DEBUG [org.springframework.beans.factory.support.DefaultListableBeanFactory] - <Eagerly caching bean 'reCodeTableValidationTransformer' to allow for resolving potential circular references>
2012-02-01 15:22:29,102 DEBUG [org.springframework.beans.factory.support.DefaultListableBeanFactory] - <Returning cached instance of singleton bean 'reDataSource'>
2012-02-01 15:22:29,102 DEBUG [org.springframework.beans.factory.support.DefaultListableBeanFactory] - <Autowiring by type from bean name 'reCodeTableValidationTransformer' via property 'dataSource' to bean named 'reDataSource'>
2012-02-01 15:22:29,102 DEBUG [org.springframework.beans.factory.support.DefaultListableBeanFactory] - <Finished creating instance of bean 'reCodeTableValidationTransformer'>
2012-02-01 15:22:29,102 DEBUG [org.springframework.beans.factory.support.DefaultListableBeanFactory] - <Creating shared instance of singleton bean 'relationshipReciprocalGuessingTransformer'>
2012-02-01 15:22:29,102 DEBUG [org.springframework.beans.factory.support.DefaultListableBeanFactory] - <Creating instance of bean 'relationshipReciprocalGuessingTransformer'>
2012-02-01 15:22:29,102 DEBUG [org.springframework.beans.factory.support.DefaultListableBeanFactory] - <Eagerly caching bean 'relationshipReciprocalGuessingTransformer' to allow for resolving potential circular references>
2012-02-01 15:22:29,102 DEBUG [org.springframework.beans.factory.support.DefaultListableBeanFactory] - <Finished creating instance of bean 'relationshipReciprocalGuessingTransformer'>
2012-02-01 15:22:29,102 DEBUG [org.springframework.beans.factory.support.DefaultListableBeanFactory] - <Returning cached instance of singleton bean 'reDataSource'>
2012-02-01 15:22:29,102 DEBUG [org.springframework.beans.factory.support.DefaultListableBeanFactory] - <Creating shared instance of singleton bean 'legacyDataSource'>
2012-02-01 15:22:29,102 DEBUG [org.springframework.beans.factory.support.DefaultListableBeanFactory] - <Creating instance of bean 'legacyDataSource'>
2012-02-01 15:22:29,102 DEBUG [org.springframework.beans.factory.support.DefaultListableBeanFactory] - <Eagerly caching bean 'legacyDataSource' to allow for resolving potential circular references>
2012-02-01 15:22:29,102 DEBUG [org.springframework.beans.TypeConverterDelegate] - <Converting String to [int] using property editor [org.springframework.beans.propertyeditors.CustomNumberEditor@688aeb]>
2012-02-01 15:22:29,102 DEBUG [org.springframework.beans.factory.support.DefaultListableBeanFactory] - <Finished creating instance of bean 'legacyDataSource'>
2012-02-01 15:22:29,102 DEBUG [org.springframework.beans.factory.support.DefaultListableBeanFactory] - <Creating shared instance of singleton bean 'webDonationsLegacyDataSource'>
2012-02-01 15:22:29,102 DEBUG [org.springframework.beans.factory.support.DefaultListableBeanFactory] - <Creating instance of bean 'webDonationsLegacyDataSource'>
2012-02-01 15:22:29,102 DEBUG [org.springframework.beans.factory.support.DefaultListableBeanFactory] - <Eagerly caching bean 'webDonationsLegacyDataSource' to allow for resolving potential circular references>
2012-02-01 15:22:29,102 DEBUG [org.springframework.beans.TypeConverterDelegate] - <Converting String to [int] using property editor [org.springframework.beans.propertyeditors.CustomNumberEditor@178673b]>
2012-02-01 15:22:29,102 DEBUG [org.springframework.beans.factory.support.DefaultListableBeanFactory] - <Finished creating instance of bean 'webDonationsLegacyDataSource'>
2012-02-01 15:22:29,102 DEBUG [org.springframework.beans.factory.support.DefaultListableBeanFactory] - <Creating shared instance of singleton bean 'supplierBatchNumberLog'>
2012-02-01 15:22:29,102 DEBUG [org.springframework.beans.factory.support.DefaultListableBeanFactory] - <Creating instance of bean 'supplierBatchNumberLog'>
2012-02-01 15:22:29,102 DEBUG [org.springframework.beans.factory.support.DefaultListableBeanFactory] - <Ignoring constructor [public java.lang.String(byte[],int,int,int)] of bean 'supplierBatchNumberLog': org.springframework.beans.factory.UnsatisfiedDependencyException: Error creating bean with name 'supplierBatchNumberLog' defined in class path resource [config.xml]: Unsatisfied dependency expressed through constructor argument with index 0 of type [byte[]]: Ambiguous constructor argument types - did you specify the correct bean references as constructor arguments?>
2012-02-01 15:22:29,102 DEBUG [org.springframework.beans.factory.support.DefaultListableBeanFactory] - <Ignoring constructor [public java.lang.String(byte[],int,int,java.lang.String) throws java.io.UnsupportedEncodingException] of bean 'supplierBatchNumberLog': org.springframework.beans.factory.UnsatisfiedDependencyException: Error creating bean with name 'supplierBatchNumberLog' defined in class path resource [config.xml]: Unsatisfied dependency expressed through constructor argument with index 0 of type [byte[]]: Ambiguous constructor argument types - did you specify the correct bean references as constructor arguments?>
2012-02-01 15:22:29,102 DEBUG [org.springframework.beans.factory.support.DefaultListableBeanFactory] - <Ignoring constructor [public java.lang.String(byte[],int,int,java.nio.charset.Charset)] of bean 'supplierBatchNumberLog': org.springframework.beans.factory.UnsatisfiedDependencyException: Error creating bean with name 'supplierBatchNumberLog' defined in class path resource [config.xml]: Unsatisfied dependency expressed through constructor argument with index 0 of type [byte[]]: Ambiguous constructor argument types - did you specify the correct bean references as constructor arguments?>
2012-02-01 15:22:29,102 DEBUG [org.springframework.beans.factory.support.DefaultListableBeanFactory] - <Ignoring constructor [public java.lang.String(char[],int,int)] of bean 'supplierBatchNumberLog': org.springframework.beans.factory.UnsatisfiedDependencyException: Error creating bean with name 'supplierBatchNumberLog' defined in class path resource [config.xml]: Unsatisfied dependency expressed through constructor argument with index 0 of type [char[]]: Ambiguous constructor argument types - did you specify the correct bean references as constructor arguments?>
2012-02-01 15:22:29,102 DEBUG [org.springframework.beans.factory.support.DefaultListableBeanFactory] - <Ignoring constructor [public java.lang.String(int[],int,int)] of bean 'supplierBatchNumberLog': org.springframework.beans.factory.UnsatisfiedDependencyException: Error creating bean with name 'supplierBatchNumberLog' defined in class path resource [config.xml]: Unsatisfied dependency expressed through constructor argument with index 0 of type [int[]]: Ambiguous constructor argument types - did you specify the correct bean references as constructor arguments?>
2012-02-01 15:22:29,102 DEBUG [org.springframework.beans.factory.support.DefaultListableBeanFactory] - <Ignoring constructor [public java.lang.String(byte[],int,int)] of bean 'supplierBatchNumberLog': org.springframework.beans.factory.UnsatisfiedDependencyException: Error creating bean with name 'supplierBatchNumberLog' defined in class path resource [config.xml]: Unsatisfied dependency expressed through constructor argument with index 0 of type [byte[]]: Ambiguous constructor argument types - did you specify the correct bean references as constructor arguments?>
2012-02-01 15:22:29,102 DEBUG [org.springframework.beans.factory.support.DefaultListableBeanFactory] - <Ignoring constructor [public java.lang.String(byte[],int)] of bean 'supplierBatchNumberLog': org.springframework.beans.factory.UnsatisfiedDependencyException: Error creating bean with name 'supplierBatchNumberLog' defined in class path resource [config.xml]: Unsatisfied dependency expressed through constructor argument with index 0 of type [byte[]]: Ambiguous constructor argument types - did you specify the correct bean references as constructor arguments?>
2012-02-01 15:22:29,102 DEBUG [org.springframework.beans.factory.support.DefaultListableBeanFactory] - <Ignoring constructor [public java.lang.String(byte[],java.lang.String) throws java.io.UnsupportedEncodingException] of bean 'supplierBatchNumberLog': org.springframework.beans.factory.UnsatisfiedDependencyException: Error creating bean with name 'supplierBatchNumberLog' defined in class path resource [config.xml]: Unsatisfied dependency expressed through constructor argument with index 0 of type [byte[]]: Ambiguous constructor argument types - did you specify the correct bean references as constructor arguments?>
2012-02-01 15:22:29,102 DEBUG [org.springframework.beans.factory.support.DefaultListableBeanFactory] - <Ignoring constructor [public java.lang.String(byte[],java.nio.charset.Charset)] of bean 'supplierBatchNumberLog': org.springframework.beans.factory.UnsatisfiedDependencyException: Error creating bean with name 'supplierBatchNumberLog' defined in class path resource [config.xml]: Unsatisfied dependency expressed through constructor argument with index 0 of type [byte[]]: Ambiguous constructor argument types - did you specify the correct bean references as constructor arguments?>
2012-02-01 15:22:29,102 DEBUG [org.springframework.beans.factory.support.DefaultListableBeanFactory] - <Ignoring constructor [public java.lang.String(char[])] of bean 'supplierBatchNumberLog': org.springframework.beans.factory.UnsatisfiedDependencyException: Error creating bean with name 'supplierBatchNumberLog' defined in class path resource [config.xml]: Unsatisfied dependency expressed through constructor argument with index 0 of type [char[]]: Ambiguous constructor argument types - did you specify the correct bean references as constructor arguments?>
2012-02-01 15:22:29,102 DEBUG [org.springframework.beans.factory.support.DefaultListableBeanFactory] - <Ignoring constructor [public java.lang.String(java.lang.StringBuilder)] of bean 'supplierBatchNumberLog': org.springframework.beans.factory.UnsatisfiedDependencyException: Error creating bean with name 'supplierBatchNumberLog' defined in class path resource [config.xml]: Unsatisfied dependency expressed through constructor argument with index 0 of type [java.lang.StringBuilder]: Ambiguous constructor argument types - did you specify the correct bean references as constructor arguments?>
2012-02-01 15:22:29,102 DEBUG [org.springframework.beans.factory.support.DefaultListableBeanFactory] - <Ignoring constructor [public java.lang.String(byte[])] of bean 'supplierBatchNumberLog': org.springframework.beans.factory.UnsatisfiedDependencyException: Error creating bean with name 'supplierBatchNumberLog' defined in class path resource [config.xml]: Unsatisfied dependency expressed through constructor argument with index 0 of type [byte[]]: Ambiguous constructor argument types - did you specify the correct bean references as constructor arguments?>
2012-02-01 15:22:29,102 DEBUG [org.springframework.beans.factory.support.DefaultListableBeanFactory] - <Ignoring constructor [public java.lang.String(java.lang.StringBuffer)] of bean 'supplierBatchNumberLog': org.springframework.beans.factory.UnsatisfiedDependencyException: Error creating bean with name 'supplierBatchNumberLog' defined in class path resource [config.xml]: Unsatisfied dependency expressed through constructor argument with index 0 of type [java.lang.StringBuffer]: Ambiguous constructor argument types - did you specify the correct bean references as constructor arguments?>
2012-02-01 15:22:29,102 DEBUG [org.springframework.beans.factory.support.DefaultListableBeanFactory] - <Eagerly caching bean 'supplierBatchNumberLog' to allow for resolving potential circular references>
2012-02-01 15:22:29,102 DEBUG [org.springframework.beans.CachedIntrospectionResults] - <Getting BeanInfo for class [java.lang.String]>
2012-02-01 15:22:29,102 DEBUG [org.springframework.beans.CachedIntrospectionResults] - <Caching PropertyDescriptors for class [java.lang.String]>
2012-02-01 15:22:29,102 DEBUG [org.springframework.beans.CachedIntrospectionResults] - <Found bean property 'bytes' of type [[B]>
2012-02-01 15:22:29,102 DEBUG [org.springframework.beans.CachedIntrospectionResults] - <Found bean property 'class' of type [java.lang.Class]>
2012-02-01 15:22:29,102 DEBUG [org.springframework.beans.CachedIntrospectionResults] - <Found bean property 'empty' of type [boolean]>
2012-02-01 15:22:29,102 DEBUG [org.springframework.beans.CachedIntrospectionResults] - <Not strongly caching class [java.lang.String] because it is not cache-safe>
2012-02-01 15:22:29,102 DEBUG [org.springframework.beans.factory.support.DefaultListableBeanFactory] - <Finished creating instance of bean 'supplierBatchNumberLog'>
2012-02-01 15:22:29,102 DEBUG [org.springframework.beans.factory.support.DefaultListableBeanFactory] - <Returning cached instance of singleton bean 'properties'>
2012-02-01 15:22:29,102 DEBUG [org.springframework.beans.factory.support.DefaultListableBeanFactory] - <Returning cached instance of singleton bean 'org.springframework.beans.factory.config.PropertyPlaceholderConfigurer#0'>
2012-02-01 15:22:29,102 DEBUG [org.springframework.context.support.GenericApplicationContext] - <Publishing event in context [org.springframework.context.support.GenericApplicationContext@11e3c55]: org.springframework.context.event.ContextRefreshedEvent[source=org.springframework.context.support.GenericApplicationContext@11e3c55: display name [org.springframework.context.support.GenericApplicationContext@11e3c55]; startup date [Wed Feb 01 15:22:29 GMT 2012]; root of context hierarchy]>
2012-02-01 15:22:29,102 DEBUG [org.springframework.beans.CachedIntrospectionResults] - <Getting BeanInfo for class [org.gosh.validation.ConfigTest]>
2012-02-01 15:22:29,117 DEBUG [org.springframework.beans.CachedIntrospectionResults] - <Caching PropertyDescriptors for class [org.gosh.validation.ConfigTest]>
2012-02-01 15:22:29,117 DEBUG [org.springframework.beans.CachedIntrospectionResults] - <Found bean property 'applicationContext' of type [org.springframework.context.ConfigurableApplicationContext]>
2012-02-01 15:22:29,117 DEBUG [org.springframework.beans.CachedIntrospectionResults] - <Found bean property 'autowireMode' of type [int]>
2012-02-01 15:22:29,117 DEBUG [org.springframework.beans.CachedIntrospectionResults] - <Found bean property 'class' of type [java.lang.Class]>
2012-02-01 15:22:29,117 DEBUG [org.springframework.beans.CachedIntrospectionResults] - <Found bean property 'dependencyCheck' of type [boolean]>
2012-02-01 15:22:29,117 DEBUG [org.springframework.beans.CachedIntrospectionResults] - <Found bean property 'loadCount' of type [int]>
2012-02-01 15:22:29,117 DEBUG [org.springframework.beans.CachedIntrospectionResults] - <Found bean property 'name' of type [java.lang.String]>
2012-02-01 15:22:29,117 DEBUG [org.springframework.beans.CachedIntrospectionResults] - <Found bean property 'populateProtectedVariables' of type [boolean]>
2012-02-01 15:22:29,117 DEBUG [org.springframework.beans.CachedIntrospectionResults] - <Found bean property 'reDataSource' of type [javax.sql.DataSource]>
2012-02-01 15:22:29,117 DEBUG [org.springframework.beans.factory.support.DefaultListableBeanFactory] - <Returning cached instance of singleton bean 'reDataSource'>
2012-02-01 15:22:29,117 DEBUG [org.springframework.beans.factory.support.DefaultListableBeanFactory] - <Autowiring by type from bean name 'org.gosh.validation.ConfigTest' via property 'reDataSource' to bean named 'reDataSource'>
2012-02-01 15:22:29,117 DEBUG [org.springframework.jdbc.core.JdbcTemplate] - <Executing SQL query [select count(*) from APPEAL]>
2012-02-01 15:22:29,117 DEBUG [org.springframework.jdbc.datasource.DataSourceUtils] - <Fetching JDBC Connection from DataSource>
2012-02-01 15:22:29,133 DEBUG [org.springframework.jdbc.datasource.DataSourceUtils] - <Returning JDBC Connection to DataSource>
2012-02-01 15:22:29,133 DEBUG [org.springframework.beans.factory.support.DefaultListableBeanFactory] - <Returning cached instance of singleton bean 'legacyDataSource'>
2012-02-01 15:22:29,133 DEBUG [org.springframework.jdbc.core.JdbcTemplate] - <Executing SQL query [select count(*) from SupplierBatchNumberLog]>
2012-02-01 15:22:29,133 DEBUG [org.springframework.jdbc.datasource.DataSourceUtils] - <Fetching JDBC Connection from DataSource>
2012-02-01 15:22:29,149 DEBUG [org.springframework.jdbc.datasource.DataSourceUtils] - <Returning JDBC Connection to DataSource>
2012-02-01 15:22:29,149 DEBUG [org.springframework.beans.factory.support.DefaultListableBeanFactory] - <Returning cached instance of singleton bean 'webDonationsLegacyDataSource'>
2012-02-01 15:22:29,149 DEBUG [org.springframework.jdbc.core.JdbcTemplate] - <Executing SQL query [select count(*) from reasondata]>
2012-02-01 15:22:29,149 DEBUG [org.springframework.jdbc.datasource.DataSourceUtils] - <Fetching JDBC Connection from DataSource>
2012-02-01 15:22:29,164 DEBUG [org.springframework.jdbc.datasource.DataSourceUtils] - <Returning JDBC Connection to DataSource>
]]></system-out>
  <system-err><![CDATA[]]></system-err>
</testsuite>
